Compiling the C compiler identification source file "CMakeCCompilerId.c" failed.
Compiler: /Applications/Xcode.app/Contents/Developer/Toolchains/XcodeDefault.xctoolchain/usr/bin/cc 
Build flags: 
Id flags:  

The output was:
1
ld: library not found for -lSystem
clang: error: linker command failed with exit code 1 (use -v to see invocation)


Compiling the CXX compiler identification source file "CMakeCXXCompilerId.cpp" failed.
Compiler: /Applications/Xcode.app/Contents/Developer/Toolchains/XcodeDefault.xctoolchain/usr/bin/c++ 
Build flags: 
Id flags:  

The output was:
1
ld: library not found for -lc++
clang: error: linker command failed with exit code 1 (use -v to see invocation)


Determining if files sys/types.h;sys/prctl.h exist failed with the following output:
Change Dir: /Users/jazz/Desktop/v3d_new/v3d_external/v3d_main/common_lib_new/src_packages/teem/CMakeFiles/CMakeTmp

Run Build Command(s):/usr/bin/make -f Makefile cmTC_5bf52/fast && /Applications/Xcode.app/Contents/Developer/usr/bin/make  -f CMakeFiles/cmTC_5bf52.dir/build.make CMakeFiles/cmTC_5bf52.dir/build
Building C object CMakeFiles/cmTC_5bf52.dir/CMAKE_HAVE_SYS_PRCTL_H.c.o
/Applications/Xcode.app/Contents/Developer/Toolchains/XcodeDefault.xctoolchain/usr/bin/cc   -isysroot /Applications/Xcode.app/Contents/Developer/Platforms/MacOSX.platform/Developer/SDKs/MacOSX11.3.sdk -MD -MT CMakeFiles/cmTC_5bf52.dir/CMAKE_HAVE_SYS_PRCTL_H.c.o -MF CMakeFiles/cmTC_5bf52.dir/CMAKE_HAVE_SYS_PRCTL_H.c.o.d -o CMakeFiles/cmTC_5bf52.dir/CMAKE_HAVE_SYS_PRCTL_H.c.o -c /Users/jazz/Desktop/v3d_new/v3d_external/v3d_main/common_lib_new/src_packages/teem/CMakeFiles/CheckIncludeFiles/CMAKE_HAVE_SYS_PRCTL_H.c
/Users/jazz/Desktop/v3d_new/v3d_external/v3d_main/common_lib_new/src_packages/teem/CMakeFiles/CheckIncludeFiles/CMAKE_HAVE_SYS_PRCTL_H.c:3:10: fatal error: 'sys/prctl.h' file not found
#include <sys/prctl.h>
         ^~~~~~~~~~~~~
1 error generated.
make[1]: *** [CMakeFiles/cmTC_5bf52.dir/CMAKE_HAVE_SYS_PRCTL_H.c.o] Error 1
make: *** [cmTC_5bf52/fast] Error 2


Source:
/* */
#include <sys/types.h>
#include <sys/prctl.h>


int main(void){return 0;}

