d:\source\c++ project\vaa3d\v3d_external\v3d_main\v3d\debug\dynamicrangetool.obj
d:\source\c++ project\vaa3d\v3d_external\v3d_main\v3d\debug\ontologytreemodel.obj
d:\source\c++ project\vaa3d\v3d_external\v3d_main\v3d\debug\stack.obj
d:\source\c++ project\vaa3d\v3d_external\v3d_main\v3d\debug\unstitchedvolume.obj
d:\source\c++ project\vaa3d\v3d_external\v3d_main\v3d\debug\wirecube.obj
d:\source\c++ project\vaa3d\v3d_external\v3d_main\v3d\debug\zoomspinbox.obj
d:\source\c++ project\vaa3d\v3d_external\v3d_main\v3d\debug\bfs_1root.obj
d:\source\c++ project\vaa3d\v3d_external\v3d_main\v3d\debug\dijk.obj
d:\source\c++ project\vaa3d\v3d_external\v3d_main\v3d\debug\exampleplugin2d.obj
d:\source\c++ project\vaa3d\v3d_external\v3d_main\v3d\debug\annotatedbranch.obj
d:\source\c++ project\vaa3d\v3d_external\v3d_main\v3d\debug\cameramodel.obj
d:\source\c++ project\vaa3d\v3d_external\v3d_main\v3d\debug\multicyclevolume.obj
d:\source\c++ project\vaa3d\v3d_external\v3d_main\v3d\debug\nashareddatasignaller.obj
d:\source\c++ project\vaa3d\v3d_external\v3d_main\v3d\debug\neuronqaction.obj
d:\source\c++ project\vaa3d\v3d_external\v3d_main\v3d\debug\stackedvolume.obj
d:\source\c++ project\vaa3d\v3d_external\v3d_main\v3d\debug\basic_4dimage_create.obj
d:\source\c++ project\vaa3d\v3d_external\v3d_main\v3d\debug\compute_funcs.obj
d:\source\c++ project\vaa3d\v3d_external\v3d_main\v3d\debug\fileserver.obj
d:\source\c++ project\vaa3d\v3d_external\v3d_main\v3d\debug\entity.obj
d:\source\c++ project\vaa3d\v3d_external\v3d_main\v3d\debug\neuronannotatorresultnode.obj
d:\source\c++ project\vaa3d\v3d_external\v3d_main\v3d\debug\ontologyannotation.obj
d:\source\c++ project\vaa3d\v3d_external\v3d_main\v3d\debug\rawvolume.obj
d:\source\c++ project\vaa3d\v3d_external\v3d_main\v3d\debug\shaderprogramgl.obj
d:\source\c++ project\vaa3d\v3d_external\v3d_main\v3d\debug\sleepthread.obj
d:\source\c++ project\vaa3d\v3d_external\v3d_main\v3d\debug\basic_surf_objs.obj
d:\source\c++ project\vaa3d\v3d_external\v3d_main\v3d\debug\anglewidget.obj
d:\source\c++ project\vaa3d\v3d_external\v3d_main\v3d\debug\datathread.obj
d:\source\c++ project\vaa3d\v3d_external\v3d_main\v3d\debug\foodebug.obj
d:\source\c++ project\vaa3d\v3d_external\v3d_main\v3d\debug\pdalgomipncc.obj
d:\source\c++ project\vaa3d\v3d_external\v3d_main\v3d\debug\privateneuronfragmentdata.obj
d:\source\c++ project\vaa3d\v3d_external\v3d_main\v3d\debug\sphere.obj
d:\source\c++ project\vaa3d\v3d_external\v3d_main\v3d\debug\actorgl.obj
d:\source\c++ project\vaa3d\v3d_external\v3d_main\v3d\debug\entitytreemodel.obj
d:\source\c++ project\vaa3d\v3d_external\v3d_main\v3d\debug\icons.obj
d:\source\c++ project\vaa3d\v3d_external\v3d_main\v3d\debug\neuronmaskentry.obj
d:\source\c++ project\vaa3d\v3d_external\v3d_main\v3d\debug\ontologytreeview.obj
d:\source\c++ project\vaa3d\v3d_external\v3d_main\v3d\debug\renderableobject.obj
d:\source\c++ project\vaa3d\v3d_external\v3d_main\v3d\debug\basic_4dimage.obj
d:\source\c++ project\vaa3d\v3d_external\v3d_main\v3d\debug\colormap.obj
d:\source\c++ project\vaa3d\v3d_external\v3d_main\v3d\debug\entitydata.obj
d:\source\c++ project\vaa3d\v3d_external\v3d_main\v3d\debug\jacsutil.obj
d:\source\c++ project\vaa3d\v3d_external\v3d_main\v3d\debug\slotmerger.obj
d:\source\c++ project\vaa3d\v3d_external\v3d_main\v3d\debug\tpalgomst.obj
d:\source\c++ project\vaa3d\v3d_external\v3d_main\v3d\debug\virtualfmtmngr.obj
d:\source\c++ project\vaa3d\v3d_external\v3d_main\v3d\debug\config.obj
d:\source\c++ project\vaa3d\v3d_external\v3d_main\v3d\debug\colorrangesliderwidget.obj
d:\source\c++ project\vaa3d\v3d_external\v3d_main\v3d\debug\envc.obj
d:\source\c++ project\vaa3d\v3d_external\v3d_main\v3d\debug\bdvvolume.obj
d:\source\c++ project\vaa3d\v3d_external\v3d_main\v3d\debug\customclipplanes.obj
d:\source\c++ project\vaa3d\v3d_external\v3d_main\v3d\debug\displacementmipncc.obj
d:\source\c++ project\vaa3d\v3d_external\v3d_main\v3d\debug\entitytreeview.obj
d:\source\c++ project\vaa3d\v3d_external\v3d_main\v3d\debug\mouseclickmanager.obj
d:\source\c++ project\vaa3d\v3d_external\v3d_main\v3d\debug\nalockabledata.obj
d:\source\c++ project\vaa3d\v3d_external\v3d_main\v3d\debug\tiledmcvolume.obj
d:\source\c++ project\vaa3d\v3d_external\v3d_main\v3d\debug\virtualvolume.obj
d:\source\c++ project\vaa3d\v3d_external\v3d_main\v3d\debug\zoomwidget.obj
d:\source\c++ project\vaa3d\v3d_external\v3d_main\v3d\debug\cdsconsoledataserviceproxy.obj
d:\source\c++ project\vaa3d\v3d_external\v3d_main\v3d\debug\histeq.obj
d:\source\c++ project\vaa3d\v3d_external\v3d_main\v3d\debug\entityadapter.obj
d:\source\c++ project\vaa3d\v3d_external\v3d_main\v3d\debug\rotation3d.obj
d:\source\c++ project\vaa3d\v3d_external\v3d_main\v3d\debug\compartmentmapcombobox.obj
d:\source\c++ project\vaa3d\v3d_external\v3d_main\v3d\debug\preferencesdialog.obj
d:\source\c++ project\vaa3d\v3d_external\v3d_main\v3d\debug\qprogresssender.obj
d:\source\c++ project\vaa3d\v3d_external\v3d_main\v3d\debug\sampledvolumemetadata.obj
d:\source\c++ project\vaa3d\v3d_external\v3d_main\v3d\debug\voxelraycastshader.obj
d:\source\c++ project\vaa3d\v3d_external\v3d_main\v3d\debug\entitytreeitem.obj
d:\source\c++ project\vaa3d\v3d_external\v3d_main\v3d\debug\rawfmtmngr.obj
d:\source\c++ project\vaa3d\v3d_external\v3d_main\v3d\debug\scalebar.obj
d:\source\c++ project\vaa3d\v3d_external\v3d_main\v3d\debug\stackrestorer.obj
d:\source\c++ project\vaa3d\v3d_external\v3d_main\v3d\debug\tpalgolqp.obj
d:\source\c++ project\vaa3d\v3d_external\v3d_main\v3d\debug\vector3d.obj
d:\source\c++ project\vaa3d\v3d_external\v3d_main\v3d\debug\apo_xforms.obj
d:\source\c++ project\vaa3d\v3d_external\v3d_main\v3d\debug\annotationsession.obj
d:\source\c++ project\vaa3d\v3d_external\v3d_main\v3d\debug\gammawidget.obj
d:\source\c++ project\vaa3d\v3d_external\v3d_main\v3d\debug\mergetiles.obj
d:\source\c++ project\vaa3d\v3d_external\v3d_main\v3d\debug\multislicevolume.obj
d:\source\c++ project\vaa3d\v3d_external\v3d_main\v3d\debug\asc_to_swc.obj
d:\source\c++ project\vaa3d\v3d_external\v3d_main\v3d\debug\animationframe.obj
d:\source\c++ project\vaa3d\v3d_external\v3d_main\v3d\debug\cubetestactorgl.obj
d:\source\c++ project\vaa3d\v3d_external\v3d_main\v3d\debug\cylinder.obj
d:\source\c++ project\vaa3d\v3d_external\v3d_main\v3d\debug\dimension.obj
d:\source\c++ project\vaa3d\v3d_external\v3d_main\v3d\debug\displacement.obj
d:\source\c++ project\vaa3d\v3d_external\v3d_main\v3d\debug\downloadmanager.obj
d:\source\c++ project\vaa3d\v3d_external\v3d_main\v3d\debug\im_config.obj
d:\source\c++ project\vaa3d\v3d_external\v3d_main\v3d\debug\imageloaderbasic.obj
d:\source\c++ project\vaa3d\v3d_external\v3d_main\v3d\debug\matrices.obj
d:\source\c++ project\vaa3d\v3d_external\v3d_main\v3d\debug\simplevolume.obj
d:\source\c++ project\vaa3d\v3d_external\v3d_main\v3d\debug\stackstitcher.obj
d:\source\c++ project\vaa3d\v3d_external\v3d_main\v3d\debug\timeseries.obj
d:\source\c++ project\vaa3d\v3d_external\v3d_main\v3d\debug\composedvolume.obj
d:\source\c++ project\vaa3d\v3d_external\v3d_main\v3d\debug\ontology.obj
d:\source\c++ project\vaa3d\v3d_external\v3d_main\v3d\debug\simplevolumeraw.obj
d:\source\c++ project\vaa3d\v3d_external\v3d_main\v3d\debug\stereo3dmode.obj
d:\source\c++ project\vaa3d\v3d_external\v3d_main\v3d\debug\timebasedidentifiergenerator.obj
d:\source\c++ project\vaa3d\v3d_external\v3d_main\v3d\debug\cdsc.obj
d:\source\c++ project\vaa3d\v3d_external\v3d_main\v3d\debug\annotatedbranchtreemodel.obj
d:\source\c++ project\vaa3d\v3d_external\v3d_main\v3d\debug\fast3dtexture.obj
d:\source\c++ project\vaa3d\v3d_external\v3d_main\v3d\debug\filetreesearcher.obj
d:\source\c++ project\vaa3d\v3d_external\v3d_main\v3d\debug\ims_hdf5.obj
d:\source\c++ project\vaa3d\v3d_external\v3d_main\v3d\debug\pdalgo.obj
d:\source\c++ project\vaa3d\v3d_external\v3d_main\v3d\debug\tpalgo.obj
d:\source\c++ project\vaa3d\v3d_external\v3d_main\v3d\debug\bdb_minus.obj
d:\source\c++ project\vaa3d\v3d_external\v3d_main\v3d\debug\annotatedbranchtreeview.obj
d:\source\c++ project\vaa3d\v3d_external\v3d_main\v3d\debug\consoleobserverserviceimpl.obj
d:\source\c++ project\vaa3d\v3d_external\v3d_main\v3d\debug\progressbar.obj
d:\source\c++ project\vaa3d\v3d_external\v3d_main\v3d\debug\stackraw.obj
d:\source\c++ project\vaa3d\v3d_external\v3d_main\v3d\debug\dcimg.obj
d:\source\c++ project\vaa3d\v3d_external\v3d_main\v3d\debug\fit_gmm.obj
d:\source\c++ project\vaa3d\v3d_external\v3d_main\v3d\debug\global_feature_compute.obj
d:\source\c++ project\vaa3d\v3d_external\v3d_main\v3d\debug\moc_anglewidget.cpp
d:\source\c++ project\vaa3d\v3d_external\v3d_main\v3d\debug\moc_annotatedbranchtreemodel.cpp
d:\source\c++ project\vaa3d\v3d_external\v3d_main\v3d\debug\moc_annotatedbranchtreeview.cpp
d:\source\c++ project\vaa3d\v3d_external\v3d_main\v3d\debug\moc_annotationwidget.cpp
d:\source\c++ project\vaa3d\v3d_external\v3d_main\v3d\debug\moc_cconverter.cpp
d:\source\c++ project\vaa3d\v3d_external\v3d_main\v3d\debug\moc_cimport.cpp
d:\source\c++ project\vaa3d\v3d_external\v3d_main\v3d\debug\moc_cplugin.cpp
d:\source\c++ project\vaa3d\v3d_external\v3d_main\v3d\debug\moc_cviewer.cpp
d:\source\c++ project\vaa3d\v3d_external\v3d_main\v3d\debug\moc_cvolume.cpp
d:\source\c++ project\vaa3d\v3d_external\v3d_main\v3d\debug\moc_cameramodel.cpp
d:\source\c++ project\vaa3d\v3d_external\v3d_main\v3d\debug\moc_channeltable.cpp
d:\source\c++ project\vaa3d\v3d_external\v3d_main\v3d\debug\moc_colorrangesliderwidget.cpp
d:\source\c++ project\vaa3d\v3d_external\v3d_main\v3d\debug\moc_compartmentmapcombobox.cpp
d:\source\c++ project\vaa3d\v3d_external\v3d_main\v3d\debug\moc_compartmentmapwidget.cpp
d:\source\c++ project\vaa3d\v3d_external\v3d_main\v3d\debug\moc_consoleobserver.cpp
d:\source\c++ project\vaa3d\v3d_external\v3d_main\v3d\debug\moc_consoleobserverserviceimpl.cpp
d:\source\c++ project\vaa3d\v3d_external\v3d_main\v3d\debug\moc_cutplanner.cpp
d:\source\c++ project\vaa3d\v3d_external\v3d_main\v3d\debug\moc_datacolormodel.cpp
d:\source\c++ project\vaa3d\v3d_external\v3d_main\v3d\debug\moc_dataflowmodel.cpp
d:\source\c++ project\vaa3d\v3d_external\v3d_main\v3d\debug\moc_datathread.cpp
d:\source\c++ project\vaa3d\v3d_external\v3d_main\v3d\debug\moc_downloadmanager.cpp
d:\source\c++ project\vaa3d\v3d_external\v3d_main\v3d\debug\moc_dynamicrangetool.cpp
d:\source\c++ project\vaa3d\v3d_external\v3d_main\v3d\debug\moc_entitytreemodel.cpp
d:\source\c++ project\vaa3d\v3d_external\v3d_main\v3d\debug\moc_entitytreeview.cpp
d:\source\c++ project\vaa3d\v3d_external\v3d_main\v3d\debug\moc_exportfile.cpp
d:\source\c++ project\vaa3d\v3d_external\v3d_main\v3d\debug\moc_fast3dtexture.cpp
d:\source\c++ project\vaa3d\v3d_external\v3d_main\v3d\debug\moc_foodebug.cpp
d:\source\c++ project\vaa3d\v3d_external\v3d_main\v3d\debug\moc_fragmentgallerywidget.cpp
d:\source\c++ project\vaa3d\v3d_external\v3d_main\v3d\debug\moc_gallerybutton.cpp
d:\source\c++ project\vaa3d\v3d_external\v3d_main\v3d\debug\moc_gallerymipimages.cpp
d:\source\c++ project\vaa3d\v3d_external\v3d_main\v3d\debug\moc_gammawidget.cpp
d:\source\c++ project\vaa3d\v3d_external\v3d_main\v3d\debug\moc_imageloader.cpp
d:\source\c++ project\vaa3d\v3d_external\v3d_main\v3d\debug\moc_itemeditor.cpp
d:\source\c++ project\vaa3d\v3d_external\v3d_main\v3d\debug\moc_mipfragmentcolors.cpp
d:\source\c++ project\vaa3d\v3d_external\v3d_main\v3d\debug\moc_mipfragmentdata.cpp
d:\source\c++ project\vaa3d\v3d_external\v3d_main\v3d\debug\moc_mipmergeddata.cpp
d:\source\c++ project\vaa3d\v3d_external\v3d_main\v3d\debug\moc_mouseclickmanager.cpp
d:\source\c++ project\vaa3d\v3d_external\v3d_main\v3d\debug\moc_mozak3dview.cpp
d:\source\c++ project\vaa3d\v3d_external\v3d_main\v3d\debug\moc_na2dviewer.cpp
d:\source\c++ project\vaa3d\v3d_external\v3d_main\v3d\debug\moc_na3dwidget.cpp
d:\source\c++ project\vaa3d\v3d_external\v3d_main\v3d\debug\moc_nalargemipwidget.cpp
d:\source\c++ project\vaa3d\v3d_external\v3d_main\v3d\debug\moc_nalockabledata.cpp
d:\source\c++ project\vaa3d\v3d_external\v3d_main\v3d\debug\moc_namainwindow.cpp
d:\source\c++ project\vaa3d\v3d_external\v3d_main\v3d\debug\moc_nashareddatasignaller.cpp
d:\source\c++ project\vaa3d\v3d_external\v3d_main\v3d\debug\moc_navolumedata.cpp
d:\source\c++ project\vaa3d\v3d_external\v3d_main\v3d\debug\moc_nazstackwidget.cpp
d:\source\c++ project\vaa3d\v3d_external\v3d_main\v3d\debug\moc_neuroncontextmenu.cpp
d:\source\c++ project\vaa3d\v3d_external\v3d_main\v3d\debug\moc_neuronfragmentdata.cpp
d:\source\c++ project\vaa3d\v3d_external\v3d_main\v3d\debug\moc_neuronqaction.cpp
d:\source\c++ project\vaa3d\v3d_external\v3d_main\v3d\debug\moc_neuronselectionmodel.cpp
d:\source\c++ project\vaa3d\v3d_external\v3d_main\v3d\debug\moc_neuronselector.cpp
d:\source\c++ project\vaa3d\v3d_external\v3d_main\v3d\debug\moc_ontologytreemodel.cpp
d:\source\c++ project\vaa3d\v3d_external\v3d_main\v3d\debug\moc_ontologytreeview.cpp
d:\source\c++ project\vaa3d\v3d_external\v3d_main\v3d\debug\moc_pabout.cpp
d:\source\c++ project\vaa3d\v3d_external\v3d_main\v3d\debug\moc_panotoolbar.cpp
d:\source\c++ project\vaa3d\v3d_external\v3d_main\v3d\debug\moc_pconverter.cpp
d:\source\c++ project\vaa3d\v3d_external\v3d_main\v3d\debug\moc_pdialogimport.cpp
d:\source\c++ project\vaa3d\v3d_external\v3d_main\v3d\debug\moc_pdialogproofreading.cpp
d:\source\c++ project\vaa3d\v3d_external\v3d_main\v3d\debug\moc_pdialogvirtualpyramid.cpp
d:\source\c++ project\vaa3d\v3d_external\v3d_main\v3d\debug\moc_plog.cpp
d:\source\c++ project\vaa3d\v3d_external\v3d_main\v3d\debug\moc_pmain.cpp
d:\source\c++ project\vaa3d\v3d_external\v3d_main\v3d\debug\moc_ptabvolumeinfo.cpp
d:\source\c++ project\vaa3d\v3d_external\v3d_main\v3d\debug\moc_preferencesdialog.cpp
d:\source\c++ project\vaa3d\v3d_external\v3d_main\v3d\debug\moc_qarrowbutton.cpp
d:\source\c++ project\vaa3d\v3d_external\v3d_main\v3d\debug\moc_qglrefsys.cpp
d:\source\c++ project\vaa3d\v3d_external\v3d_main\v3d\debug\moc_qgradientbar.cpp
d:\source\c++ project\vaa3d\v3d_external\v3d_main\v3d\debug\moc_qhelpbox.cpp
d:\source\c++ project\vaa3d\v3d_external\v3d_main\v3d\debug\moc_qpixmaptooltip.cpp
d:\source\c++ project\vaa3d\v3d_external\v3d_main\v3d\debug\moc_qprefixsuffixlineedit.cpp
d:\source\c++ project\vaa3d\v3d_external\v3d_main\v3d\debug\moc_qprogresssender.cpp
d:\source\c++ project\vaa3d\v3d_external\v3d_main\v3d\debug\moc_rendererneuronannotator.cpp
d:\source\c++ project\vaa3d\v3d_external\v3d_main\v3d\debug\moc_singlecut.cpp
d:\source\c++ project\vaa3d\v3d_external\v3d_main\v3d\debug\moc_stagedfileloader.cpp
d:\source\c++ project\vaa3d\v3d_external\v3d_main\v3d\debug\moc_v3dsubclasses.cpp
d:\source\c++ project\vaa3d\v3d_external\v3d_main\v3d\debug\moc_v3dr_communicator.cpp
d:\source\c++ project\vaa3d\v3d_external\v3d_main\v3d\debug\moc_vr_mainwindow.cpp
d:\source\c++ project\vaa3d\v3d_external\v3d_main\v3d\debug\moc_volumetexture.cpp
d:\source\c++ project\vaa3d\v3d_external\v3d_main\v3d\debug\moc_zslicecolors.cpp
d:\source\c++ project\vaa3d\v3d_external\v3d_main\v3d\debug\moc_zoomspinbox.cpp
d:\source\c++ project\vaa3d\v3d_external\v3d_main\v3d\debug\moc_zoomwidget.cpp
d:\source\c++ project\vaa3d\v3d_external\v3d_main\v3d\debug\moc_atlas_viewer.cpp
d:\source\c++ project\vaa3d\v3d_external\v3d_main\v3d\debug\moc_basic_thread.cpp
d:\source\c++ project\vaa3d\v3d_external\v3d_main\v3d\debug\moc_dialog_curve_trace_para.cpp
d:\source\c++ project\vaa3d\v3d_external\v3d_main\v3d\debug\moc_dialog_imagecrop_bbox.cpp
d:\source\c++ project\vaa3d\v3d_external\v3d_main\v3d\debug\moc_dialog_imageresample.cpp
d:\source\c++ project\vaa3d\v3d_external\v3d_main\v3d\debug\moc_dialog_keypoint_features.cpp
d:\source\c++ project\vaa3d\v3d_external\v3d_main\v3d\debug\moc_dialog_maskroi.cpp
d:\source\c++ project\vaa3d\v3d_external\v3d_main\v3d\debug\moc_dialog_rotate.cpp
d:\source\c++ project\vaa3d\v3d_external\v3d_main\v3d\debug\moc_fileserver.cpp
d:\source\c++ project\vaa3d\v3d_external\v3d_main\v3d\debug\moc_gradients.cpp
d:\source\c++ project\vaa3d\v3d_external\v3d_main\v3d\debug\moc_import_filelist_dialog.cpp
d:\source\c++ project\vaa3d\v3d_external\v3d_main\v3d\debug\moc_import_images_tool_dialog.cpp
d:\source\c++ project\vaa3d\v3d_external\v3d_main\v3d\debug\moc_landmark_property_dialog.cpp
d:\source\c++ project\vaa3d\v3d_external\v3d_main\v3d\debug\moc_loadmanagewidget.cpp
d:\source\c++ project\vaa3d\v3d_external\v3d_main\v3d\debug\moc_m_cconverter.cpp
d:\source\c++ project\vaa3d\v3d_external\v3d_main\v3d\debug\moc_m_cimport.cpp
d:\source\c++ project\vaa3d\v3d_external\v3d_main\v3d\debug\moc_m_cplugin.cpp
d:\source\c++ project\vaa3d\v3d_external\v3d_main\v3d\debug\moc_m_cviewer.cpp
d:\source\c++ project\vaa3d\v3d_external\v3d_main\v3d\debug\moc_m_cvolume.cpp
d:\source\c++ project\vaa3d\v3d_external\v3d_main\v3d\debug\moc_m_pabout.cpp
d:\source\c++ project\vaa3d\v3d_external\v3d_main\v3d\debug\moc_m_panotoolbar.cpp
d:\source\c++ project\vaa3d\v3d_external\v3d_main\v3d\debug\moc_m_pconverter.cpp
d:\source\c++ project\vaa3d\v3d_external\v3d_main\v3d\debug\moc_m_pdialogimport.cpp
d:\source\c++ project\vaa3d\v3d_external\v3d_main\v3d\debug\moc_m_pdialogproofreading.cpp
d:\source\c++ project\vaa3d\v3d_external\v3d_main\v3d\debug\moc_m_plog.cpp
d:\source\c++ project\vaa3d\v3d_external\v3d_main\v3d\debug\moc_m_pmain.cpp
d:\source\c++ project\vaa3d\v3d_external\v3d_main\v3d\debug\moc_m_qarrowbutton.cpp
d:\source\c++ project\vaa3d\v3d_external\v3d_main\v3d\debug\moc_m_qglrefsys.cpp
d:\source\c++ project\vaa3d\v3d_external\v3d_main\v3d\debug\moc_m_qgradientbar.cpp
d:\source\c++ project\vaa3d\v3d_external\v3d_main\v3d\debug\moc_m_qhelpbox.cpp
d:\source\c++ project\vaa3d\v3d_external\v3d_main\v3d\debug\moc_m_qpixmaptooltip.cpp
d:\source\c++ project\vaa3d\v3d_external\v3d_main\v3d\debug\moc_m_v3dsubclasses.cpp
d:\source\c++ project\vaa3d\v3d_external\v3d_main\v3d\debug\moc_mainwindow.cpp
d:\source\c++ project\vaa3d\v3d_external\v3d_main\v3d\debug\moc_managesocket.cpp
d:\source\c++ project\vaa3d\v3d_external\v3d_main\v3d\debug\moc_plugindialog.cpp
d:\source\c++ project\vaa3d\v3d_external\v3d_main\v3d\debug\moc_surfaceobj_annotation_dialog.cpp
d:\source\c++ project\vaa3d\v3d_external\v3d_main\v3d\debug\moc_surfaceobj_geometry_dialog.cpp
d:\source\c++ project\vaa3d\v3d_external\v3d_main\v3d\debug\moc_template_matching_cellseg_dialog.cpp
d:\source\c++ project\vaa3d\v3d_external\v3d_main\v3d\debug\moc_v3d_actions.cpp
d:\source\c++ project\vaa3d\v3d_external\v3d_main\v3d\debug\moc_v3d_application.cpp
d:\source\c++ project\vaa3d\v3d_external\v3d_main\v3d\debug\moc_v3d_core.cpp
d:\source\c++ project\vaa3d\v3d_external\v3d_main\v3d\debug\moc_v3d_custom_toolbar.cpp
d:\source\c++ project\vaa3d\v3d_external\v3d_main\v3d\debug\moc_v3d_global_preference_dialog.cpp
d:\source\c++ project\vaa3d\v3d_external\v3d_main\v3d\debug\moc_v3d_plugin_loader.cpp
d:\source\c++ project\vaa3d\v3d_external\v3d_main\v3d\debug\moc_v3d_version_info.cpp
d:\source\c++ project\vaa3d\v3d_external\v3d_main\v3d\debug\moc_v3dr_colormapdialog.cpp
d:\source\c++ project\vaa3d\v3d_external\v3d_main\v3d\debug\moc_v3dr_glwidget.cpp
d:\source\c++ project\vaa3d\v3d_external\v3d_main\v3d\debug\moc_v3dr_mainwindow.cpp
d:\source\c++ project\vaa3d\v3d_external\v3d_main\v3d\debug\moc_v3dr_surfacedialog.cpp
d:\source\c++ project\vaa3d\v3d_external\v3d_main\v3d\debug\moc_vano_linker_loader_dialog.cpp
d:\source\c++ project\vaa3d\v3d_external\v3d_main\v3d\debug\moc_xformwidget.cpp
d:\source\c++ project\vaa3d\v3d_external\v3d_main\v3d\debug\moc_predefs.h
d:\source\c++ project\vaa3d\v3d_external\v3d_main\v3d\ui_anglewidget.h
d:\source\c++ project\vaa3d\v3d_external\v3d_main\v3d\ui_annotationwidget.h
d:\source\c++ project\vaa3d\v3d_external\v3d_main\v3d\ui_dynamicrangetool.h
d:\source\c++ project\vaa3d\v3d_external\v3d_main\v3d\ui_gammawidget.h
d:\source\c++ project\vaa3d\v3d_external\v3d_main\v3d\ui_namainwindow.h
d:\source\c++ project\vaa3d\v3d_external\v3d_main\v3d\ui_preferencesna.h
d:\source\c++ project\vaa3d\v3d_external\v3d_main\v3d\ui_zoomwidget.h
d:\source\c++ project\vaa3d\v3d_external\v3d_main\v3d\ui_dialog_curve_trace.h
d:\source\c++ project\vaa3d\v3d_external\v3d_main\v3d\ui_dialog_imagecrop_bbox.h
d:\source\c++ project\vaa3d\v3d_external\v3d_main\v3d\ui_dialog_imageresample.h
d:\source\c++ project\vaa3d\v3d_external\v3d_main\v3d\ui_dialog_keypoint_features.h
d:\source\c++ project\vaa3d\v3d_external\v3d_main\v3d\ui_dialog_maskroi.h
d:\source\c++ project\vaa3d\v3d_external\v3d_main\v3d\ui_dialog_pointcloudatlas_linkerloader.h
d:\source\c++ project\vaa3d\v3d_external\v3d_main\v3d\ui_dialog_update_checking.h
d:\source\c++ project\vaa3d\v3d_external\v3d_main\v3d\ui_dialog_update_downloading.h
d:\source\c++ project\vaa3d\v3d_external\v3d_main\v3d\ui_dialog_update_list.h
d:\source\c++ project\vaa3d\v3d_external\v3d_main\v3d\ui_dialog_update_options.h
d:\source\c++ project\vaa3d\v3d_external\v3d_main\v3d\ui_dialog_update_v3d.h
d:\source\c++ project\vaa3d\v3d_external\v3d_main\v3d\ui_dialog_url_entry.h
d:\source\c++ project\vaa3d\v3d_external\v3d_main\v3d\ui_dialog_vano_linkerloader.h
d:\source\c++ project\vaa3d\v3d_external\v3d_main\v3d\ui_import_filelist_dialog.h
d:\source\c++ project\vaa3d\v3d_external\v3d_main\v3d\ui_import_images_tool.h
d:\source\c++ project\vaa3d\v3d_external\v3d_main\v3d\ui_landmark_property.h
d:\source\c++ project\vaa3d\v3d_external\v3d_main\v3d\ui_micro_ct.h
d:\source\c++ project\vaa3d\v3d_external\v3d_main\v3d\ui_setvoxsize.h
d:\source\c++ project\vaa3d\v3d_external\v3d_main\v3d\ui_single_cut.h
d:\source\c++ project\vaa3d\v3d_external\v3d_main\v3d\ui_surface_obj_annotation.h
d:\source\c++ project\vaa3d\v3d_external\v3d_main\v3d\ui_surfaceobj_geometry_dialog.h
d:\source\c++ project\vaa3d\v3d_external\v3d_main\v3d\ui_template_matching_cellseg.h
d:\source\c++ project\vaa3d\v3d_external\v3d_main\v3d\ui_v3d_global_preference.h
d:\source\c++ project\vaa3d\v3d_external\v3d_main\v3d\debug\qrc_3drenderer.cpp
d:\source\c++ project\vaa3d\v3d_external\v3d_main\v3d\debug\qrc_icons.cpp
d:\source\c++ project\vaa3d\v3d_external\v3d_main\v3d\debug\qrc_mozak.cpp
d:\source\c++ project\vaa3d\v3d_external\v3d_main\v3d\debug\qrc_resources.cpp
d:\source\c++ project\vaa3d\v3d_external\v3d_main\v3d\debug\qrc_v3d.cpp
d:\source\c++ project\vaa3d\v3d_external\v3d_main\v3d\debug\vc120.pdb
d:\source\c++ project\vaa3d\v3d_external\v3d_main\v3d\debug\vaa3d_msvc.tlog\cl.command.1.tlog
d:\source\c++ project\vaa3d\v3d_external\v3d_main\v3d\debug\vaa3d_msvc.tlog\cl.read.1.tlog
d:\source\c++ project\vaa3d\v3d_external\v3d_main\v3d\debug\vaa3d_msvc.tlog\cl.write.1.tlog
d:\source\c++ project\vaa3d\v3d_external\v3d_main\v3d\debug\vaa3d_msvc.tlog\custombuild.command.1.tlog
d:\source\c++ project\vaa3d\v3d_external\v3d_main\v3d\debug\vaa3d_msvc.tlog\custombuild.read.1.tlog
d:\source\c++ project\vaa3d\v3d_external\v3d_main\v3d\debug\vaa3d_msvc.tlog\custombuild.write.1.tlog
