Build started 2019/10/23 14:49:02.
     1>Project "D:\vaa3d\v3d_external\v3d_main\v3d\vaa3d_msvc.vcxproj" on node 2 (Build target(s)).
     1>CustomBuild:
         MOC ..\neuron_annotator\gui\AngleWidget.h
         MOC ..\neuron_annotator\gui\trees\AnnotatedBranchTreeModel.h
         MOC ..\neuron_annotator\gui\trees\AnnotatedBranchTreeView.h
         MOC ..\neuron_annotator\gui\AnnotationWidget.h
         MOC ..\terafly\src\control\CConverter.h
         MOC ..\terafly\src\control\CImport.h
         MOC ..\terafly\src\control\CPlugin.h
         MOC ..\terafly\src\control\CViewer.h
         MOC ..\terafly\src\control\CVolume.h
         MOC ..\neuron_annotator\geometry\CameraModel.h
         MOC ChannelTable.h
         MOC ..\neuron_annotator\gui\ColorRangeSliderWidget.h
         MOC ..\neuron_annotator\gui\CompartmentMapComboBox.h
         MOC ..\neuron_annotator\gui\CompartmentMapWidget.h
         MOC ..\neuron_annotator\utility\ConsoleObserver.h
         MOC ..\webservice\impl\ConsoleObserverServiceImpl.h
         MOC ..\neuron_annotator\microCT\CutPlanner.h
         MOC ..\neuron_annotator\data_model\DataColorModel.h
         MOC ..\neuron_annotator\DataFlowModel.h
         MOC ..\neuron_annotator\utility\DataThread.h
         MOC DownloadManager.h
         MOC ..\neuron_annotator\gui\DynamicRangeTool.h
         MOC ..\neuron_annotator\gui\trees\EntityTreeModel.h
         MOC ..\neuron_annotator\gui\trees\EntityTreeView.h
         MOC ..\neuron_annotator\ExportFile.h
         MOC ..\neuron_annotator\data_model\Fast3DTexture.h
         ..\neuron_annotator\data_model\Fast3DTexture.h(0): Note: No relevant classes found. No output generated.
         MOC ..\neuron_annotator\utility\FooDebug.h
         MOC ..\neuron_annotator\gui\FragmentGalleryWidget.h
     1>C:\Program Files (x86)\MSBuild\Microsoft.Cpp\v4.0\V120\Microsoft.CppCommon.targets(170,5): warning MSB4220: 等待当前正在执行的任务“CustomBuild”取消。
         MOC ..\neuron_annotator\gui\GalleryButton.h
         MOC ..\neuron_annotator\data_model\GalleryMipImages.h
         MOC ..\neuron_annotator\gui\GammaWidget.h
         MOC ..\neuron_annotator\utility\ImageLoader.h
         MOC ..\3drenderer\ItemEditor.h
         MOC ..\neuron_annotator\data_model\MipFragmentColors.h
         MOC ..\neuron_annotator\data_model\MipFragmentData.h
         MOC ..\neuron_annotator\data_model\MipMergedData.h
         MOC ..\neuron_annotator\gui\MouseClickManager.h
         MOC ..\mozak\Mozak3DView.h
         MOC ..\neuron_annotator\gui\Na2DViewer.h
         MOC ..\neuron_annotator\gui\Na3DWidget.h
         MOC ..\neuron_annotator\gui\NaLargeMIPWidget.h
         MOC ..\neuron_annotator\data_model\NaLockableData.h
         MOC ..\neuron_annotator\gui\NaMainWindow.h
         MOC ..\neuron_annotator\data_model\NaSharedDataSignaller.h
         MOC ..\neuron_annotator\data_model\NaVolumeData.h
         MOC ..\neuron_annotator\gui\NaZStackWidget.h
         MOC ..\neuron_annotator\gui\NeuronContextMenu.h
         MOC ..\neuron_annotator\data_model\NeuronFragmentData.h
         MOC ..\neuron_annotator\gui\NeuronQAction.h
         MOC ..\neuron_annotator\data_model\NeuronSelectionModel.h
         MOC ..\neuron_annotator\NeuronSelector.h
         MOC ..\neuron_annotator\gui\trees\OntologyTreeModel.h
         MOC ..\neuron_annotator\gui\trees\OntologyTreeView.h
         MOC ..\terafly\src\presentation\PAbout.h
         MOC ..\terafly\src\presentation\PAnoToolBar.h
         MOC ..\terafly\src\presentation\PConverter.h
         MOC ..\terafly\src\presentation\PDialogImport.h
         MOC ..\terafly\src\presentation\PDialogProofreading.h
         MOC ..\terafly\src\presentation\PDialogVirtualPyramid.h
         MOC ..\terafly\src\presentation\PLog.h
         MOC ..\terafly\src\presentation\PMain.h
         MOC ..\terafly\src\presentation\PTabVolumeInfo.h
         MOC ..\neuron_annotator\gui\PreferencesDialog.h
         MOC ..\terafly\src\presentation\QArrowButton.h
         MOC ..\terafly\src\presentation\QGLRefSys.h
     1>C:\Program Files (x86)\MSBuild\Microsoft.Cpp\v4.0\V120\Microsoft.CppCommon.targets(170,5): warning MSB4220: 等待当前正在执行的任务“CustomBuild”取消。
         MOC ..\terafly\src\presentation\QGradientBar.h
         MOC ..\terafly\src\presentation\QHelpBox.h
         MOC ..\terafly\src\presentation\QPixmapToolTip.h
         MOC ..\terafly\src\presentation\QPrefixSuffixLineEdit.h
         MOC ..\terafly\src\terarepo\src\common\QProgressSender.h
         MOC ..\neuron_annotator\gui\RendererNeuronAnnotator.h
         MOC ..\neuron_annotator\microCT\SingleCut.h
         MOC ..\neuron_annotator\data_model\StagedFileLoader.h
         MOC ..\terafly\src\control\V3Dsubclasses.h, MOC ..\terafly\src\control\V3Dsubclasses.h
         MOC ..\vrrenderer\V3dR_Communicator.h
         MOC ..\vrrenderer\VR_MainWindow.h
         MOC ..\neuron_annotator\data_model\VolumeTexture.h
         MOC ..\neuron_annotator\data_model\ZSliceColors.h
         MOC ..\neuron_annotator\gui\ZoomSpinBox.h
         MOC ..\neuron_annotator\gui\ZoomWidget.h
         MOC atlas_viewer.h
         MOC ..\basic_c_fun\basic_thread.h
         MOC dialog_curve_trace_para.h
         MOC dialog_imagecrop_bbox.h
         MOC dialog_imageresample.h
         MOC dialog_keypoint_features.h
         MOC dialog_maskroi.h
         MOC dialog_rotate.h
         MOC ..\terafly\src\presentation\fileserver.h
         MOC ..\3drenderer\gradients.h
         MOC import_filelist_dialog.h
         MOC import_images_tool_dialog.h
         MOC landmark_property_dialog.h
         MOC ..\mozak\m_terafly\src\control\m_CConverter.h
         MOC ..\mozak\m_terafly\src\control\m_CImport.h
         MOC ..\mozak\m_terafly\src\control\m_CPlugin.h
         MOC ..\mozak\m_terafly\src\control\m_CViewer.h
         MOC ..\mozak\m_terafly\src\control\m_CVolume.h
         MOC ..\mozak\m_terafly\src\presentation\m_PAbout.h
         MOC ..\mozak\m_terafly\src\presentation\m_PAnoToolBar.h
         MOC ..\mozak\m_terafly\src\presentation\m_PConverter.h
         MOC ..\mozak\m_terafly\src\presentation\m_PDialogImport.h
         MOC ..\mozak\m_terafly\src\presentation\m_PDialogProofreading.h
         MOC ..\mozak\m_terafly\src\presentation\m_PLog.h
         MOC ..\mozak\m_terafly\src\presentation\m_PMain.h
         MOC ..\mozak\m_terafly\src\presentation\m_QArrowButton.h
         MOC ..\mozak\m_terafly\src\presentation\m_QGLRefSys.h
     1>C:\Program Files (x86)\MSBuild\Microsoft.Cpp\v4.0\V120\Microsoft.CppCommon.targets(170,5): warning MSB4220: 等待当前正在执行的任务“CustomBuild”取消。
         MOC ..\mozak\m_terafly\src\presentation\m_QGradientBar.h
         MOC ..\mozak\m_terafly\src\presentation\m_QHelpBox.h
         MOC ..\mozak\m_terafly\src\presentation\m_QPixmapToolTip.h
         MOC ..\mozak\m_terafly\src\control\m_V3Dsubclasses.h, MOC ..\mozak\m_terafly\src\control\m_V3Dsubclasses.h
         MOC mainwindow.h
         MOC ..\plugin_loader\pluginDialog.h
         MOC surfaceobj_annotation_dialog.h
         MOC surfaceobj_geometry_dialog.h
         MOC template_matching_cellseg_dialog.h
         MOC v3d_actions.h
         MOC v3d_application.h
         MOC v3d_core.h
         MOC ..\custom_toolbar\v3d_custom_toolbar.h
         MOC v3d_global_preference_dialog.h
         MOC ..\plugin_loader\v3d_plugin_loader.h
         MOC v3d_version_info.h
         MOC ..\3drenderer\v3dr_colormapDialog.h
         MOC ..\3drenderer\v3dr_glwidget.h
         MOC ..\3drenderer\v3dr_mainwindow.h
         MOC ..\3drenderer\v3dr_surfaceDialog.h
         MOC vano_linker_loader_dialog.h
         MOC xformwidget.h
         UIC ..\neuron_annotator\gui\AngleWidget.ui
         UIC ..\neuron_annotator\gui\AnnotationWidget.ui
         UIC ..\neuron_annotator\gui\DynamicRangeTool.ui
         UIC ..\neuron_annotator\gui\GammaWidget.ui
         UIC ..\neuron_annotator\gui\NaMainWindow.ui
         UIC ..\neuron_annotator\gui\PreferencesNa.ui
         UIC ..\neuron_annotator\gui\ZoomWidget.ui
         UIC dialog_curve_trace.ui
         UIC dialog_imagecrop_bbox.ui
     1>dialog_imagecrop_bbox.ui : warning : Z-order assignment: '' is not a valid widget.
         UIC dialog_imageresample.ui
         UIC dialog_keypoint_features.ui
     1>dialog_keypoint_features.ui : warning : The name 'gridLayout' (QGridLayout) is already in use, defaulting to 'gridLayout1'.
         UIC dialog_maskroi.ui
     1>dialog_maskroi.ui : warning : The name 'layoutWidget' (QWidget) is already in use, defaulting to 'layoutWidget1'.
         UIC dialog_pointcloudatlas_linkerloader.ui
         UIC dialog_update_checking.ui
         UIC dialog_update_downloading.ui
         UIC dialog_update_list.ui
         UIC dialog_update_options.ui
         UIC dialog_update_v3d.ui
         UIC dialog_url_entry.ui
         UIC dialog_vano_linkerloader.ui
         UIC import_filelist_dialog.ui
         UIC import_images_tool.ui
         UIC landmark_property.ui
     1>landmark_property.ui : warning : The name 'gridLayout' (QGridLayout) is already in use, defaulting to 'gridLayout1'.
         UIC ..\neuron_annotator\microCT\micro_ct.ui
         UIC ..\3drenderer\setVoxSize.ui
         UIC ..\neuron_annotator\microCT\single_cut.ui
         UIC surface_obj_annotation.ui
         UIC surfaceobj_geometry_dialog.ui
         UIC template_matching_cellseg.ui
         UIC v3d_global_preference.ui
     1>v3d_global_preference.ui : warning : The name 'layoutWidget' (QWidget) is already in use, defaulting to 'layoutWidget1'.
     1>v3d_global_preference.ui : warning : The name 'layoutWidget' (QWidget) is already in use, defaulting to 'layoutWidget2'.
     1>v3d_global_preference.ui : warning : The name 'layoutWidget' (QWidget) is already in use, defaulting to 'layoutWidget3'.
     1>v3d_global_preference.ui : warning : The name 'gridLayout' (QGridLayout) is already in use, defaulting to 'gridLayout1'.
     1>v3d_global_preference.ui : warning : The name 'layoutWidget' (QWidget) is already in use, defaulting to 'layoutWidget4'.
         RCC ..\3drenderer\3drenderer.qrc
         RCC ..\terafly\icons.qrc
         RCC ..\mozak\mozak.qrc
         RCC ..\neuron_annotator\resources.qrc
         RCC v3d.qrc
     1>Done Building Project "D:\vaa3d\v3d_external\v3d_main\v3d\vaa3d_msvc.vcxproj" (Build target(s)) -- FAILED.

Build FAILED.

Time Elapsed 00:00:49.09
