Build started 2022/6/16 16:14:22.
     1>Project "C:\Users\penglab\Documents\GitHub\v3d_external\v3d_main\v3d\vaa3d_msvc.vcxproj" on node 2 (Build target(s)).
     1>ClCompile:
         C:\Program Files (x86)\Microsoft Visual Studio 12.0\VC\bin\x86_amd64\CL.exe /c /Ic:\Qt\4.8.6\include\QtCore /Ic:\Qt\4.8.6\include\QtNetwork /Ic:\Qt\4.8.6\include\QtGui /Ic:\Qt\4.8.6\include\QtOpenGL /Ic:\Qt\4.8.6\include\QtXml /Ic:\Qt\4.8.6\include\QtSvg /Ic:\Qt\4.8.6\include /I. /I..\common_lib\include /Ic:\Qt\4.8.6\demos\shared /I..\common_lib\include\SDL /I..\common_lib\include\glew /I..\common_lib\include\openvr /I..\common_lib\include /I..\common_lib\include\hdf5 /I"..\common_lib\include\hdf5-win64" /Ic:\Qt\4.8.6\demos\shared /I..\basic_c_fun /I..\3drenderer /I..\basic_c_fun\customary_structs /I.. /I..\v3d /I..\terafly\src\terarepo\src\iomanager /I..\terafly\src\terarepo\src\imagemanager /I..\terafly\src\terarepo\src\stitcher /I..\terafly\src\terarepo\src\utils\volumeconverter /I..\terafly\src\terarepo\src\volumemanager /I..\terafly\src\terarepo\src\crossmips /I..\terafly\src\terarepo\src\3rdparty\tinyxml /I..\terafly\src\terarepo\src\common /I..\terafly\src\control /I..\terafly\src\presentation /I..\mozak\m_terafly\src\control /I..\mozak\m_terafly\src\presentation /I..\basic_c_fun\include /I..\common_lib\include /Ic:\local\boost_1_61_0 /Ic:\Qt\4.8.6\include\ActiveQt /Irelease /I. /I"c:\Qt\4.8.6\mkspecs\win32-msvc2013" /Zi /nologo /W0 /WX- /MP /O2 /D TEEM_STATIC /D WITH_NONAMESPACES /D WITH_PURE_VIRTUAL /D TEEMSTATIC /D _CONSOLE /D UNICODE /D WIN32 /D __ALLOW_VR_FUNCS__ /D __ALLOW_VR_FUNCS__ /D TEEM_STATIC /D _VAA3D_TERAFLY_PLUGIN_MODE /D USE_EXPERIMENTAL_FEATURES /D WITH_QT /D ENABLE_BDV_HDF5 /D ENABLE_IMS_HDF5 /D TERASTITCHER_MAJOR /D TERASTITCHER_MINOR /D TERASTITCHER_PATCH /D TERASTITCHER2_MAJOR /D TERASTITCHER2_MINOR /D TERASTITCHER2_PATCH /D TERACONVERTER_MAJOR /D TERACONVERTER_MINOR /D TERACONVERTER_PATCH /D __NAWEBSERVICE__ /D _ALLOW_WORKMODE_MENU_ /D QT_THREAD_SUPPORT /D QT_DLL /D QT_NO_DEBUG /D QT_SVG_LIB /D QT_XML_LIB /D QT_OPENGL_LIB /D QT_GUI_LIB /D QT_NETWORK_LIB /D QT_CORE_LIB /D QT_HAVE_MMX /D QT_HAVE_3DNOW /D QT_HAVE_SSE /D QT_HAVE_MMXEXT /D QT_HAVE_SSE2 /D NDEBUG /Gm- /EHsc /MD /GS /fp:precise /Zc:wchar_t- /Zc:forScope /GR /Fo"release\\" /Fd".\vc120.pdb" /Gd /TP /errorReport:prompt -Zm200 -FS ..\terafly\src\presentation\loadmanagewidget.cpp
         loadmanagewidget.cpp
       Link:
         C:\Program Files (x86)\Microsoft Visual Studio 12.0\VC\bin\x86_amd64\link.exe /ERRORREPORT:PROMPT /OUT:"C:\Users\penglab\Documents\GitHub\v3d_external\v3d_main\v3d\x64\Release\\vaa3d_msvc.exe" /INCREMENTAL:NO /NOLOGO /LIBPATH:c:\Qt\4.8.6\demos\shared\release /LIBPATH:c:\Qt\4.8.6\lib /LIBPATH:C:\Qt\4.8.6/demos/shared /LIBPATH:C:\Qt\4.8.6/demos/shared/release /LIBPATH:"C:\Program Files\Microsoft Visual Studio 9.0\VC\lib" /LIBPATH:"C:\Program Files\Microsoft SDKs\Windows\v6.0A\\Lib\x64" /LIBPATH:..\common_lib\winlib64 /LIBPATH:"C:\local\boost_1_61_0\lib64-msvc-12.0" glu32.lib opengl32.lib gdi32.lib user32.lib c:\Qt\4.8.6\demos\shared\release\demo_shared.lib ..\common_lib\winlib64\libtiff.lib ..\common_lib\winlib64\teem.lib ..\common_lib\winlib64\libnewmat.lib ..\common_lib\winlib64\libjba.lib ..\common_lib\winlib64\libFL_cellseg.lib ..\common_lib\winlib64\libFL_brainseg.lib ..\common_lib\winlib64\openvr_api.lib ..\common_lib\winlib64\glew32.lib ..\common_lib\winlib64\SDL2.lib ..\common_lib\winlib64\SDL2main.lib ..\common_lib\winlib64\libhdf5.lib ..\common_lib\winlib64\libszip.lib ..\common_lib\winlib64\libzlib.lib qjson.lib c:\Qt\4.8.6\lib\QtSvg4.lib c:\Qt\4.8.6\lib\QtXml4.lib c:\Qt\4.8.6\lib\QtOpenGL4.lib c:\Qt\4.8.6\lib\QtGui4.lib c:\Qt\4.8.6\lib\QtNetwork4.lib c:\Qt\4.8.6\lib\QtCore4.lib kernel32.lib user32.lib gdi32.lib winspool.lib comdlg32.lib advapi32.lib shell32.lib ole32.lib oleaut32.lib uuid.lib odbc32.lib odbccp32.lib /MANIFEST /MANIFESTUAC:"level='asInvoker' uiAccess='false'" /manifest:embed /PDB:"C:\Users\penglab\Documents\GitHub\v3d_external\v3d_main\v3d\x64\Release\vaa3d_msvc.pdb" /SUBSYSTEM:CONSOLE /STACK:"104857600" /TLBID:1 /DYNAMICBASE /NXCOMPAT /MACHINE:X64 "/MANIFESTDEPENDENCY:type='win32' name='Microsoft.Windows.Common-Controls' version='6.0.0.0' publicKeyToken='6595b64144ccf1df' language='*' processorArchitecture='*'" release\ActorGL.obj
         release\AlignerUtils.obj
         release\AnalysisTools.obj
         release\AngleWidget.obj
         release\AnimationFrame.obj
         release\AnnotatedBranch.obj
         release\AnnotatedBranchTreeModel.obj
         release\AnnotatedBranchTreeView.obj
         release\AnnotationSession.obj
         release\AnnotationWidget.obj
         release\BDVVolume.obj
         release\CAnnotations.obj
         release\CConverter.obj
         release\CImageUtils.obj
         release\CImport.obj
         release\COperation.obj
         release\CPlugin.obj
         release\CSettings.obj
         release\CViewer.obj
         release\CVolume.obj
         release\CameraModel.obj
         release\CameraTransformGL.obj
         release\CellCounter3D.obj
         release\ChannelTable.obj
         release\ColorRangeSliderWidget.obj
         release\ColorSeparatorConsolidator.obj
         release\CommandManager.obj
         release\CompartmentMapComboBox.obj
         release\CompartmentMapWidget.obj
         release\ComposedVolume.obj
         release\ConsoleObserver.obj
         release\ConsoleObserverServiceImpl.obj
         release\CubeTestActorGL.obj
         release\CustomClipPlanes.obj
         release\CutPlanner.obj
         release\Cylinder.obj
         release\DataColorModel.obj
         release\DataFlowModel.obj
         release\DataThread.obj
         release\DilationErosion.obj
         release\Dimension.obj
         release\Displacement.obj
         release\DisplacementMIPNCC.obj
         release\DownloadManager.obj
         release\DynamicRangeTool.obj
         release\Entity.obj
         release\EntityAdapter.obj
         release\EntityData.obj
         release\EntityTreeItem.obj
         release\EntityTreeModel.obj
         release\EntityTreeView.obj
         release\ExportFile.obj
         release\Fast3DTexture.obj
         release\FileTreeSearcher.obj
         release\FooDebug.obj
         release\FragmentGalleryWidget.obj
         release\GLee_r.obj
         release\GalleryButton.obj
         release\GalleryMipImages.obj
         release\GammaWidget.obj
         release\HDF5Mngr.obj
         release\IMS_HDF5.obj
         release\IMS_HDF5Mngr.obj
         release\IM_config.obj
         release\Icons.obj
         release\ImageLoader.obj
         release\ImageLoaderBasic.obj
         release\ItemEditor.obj
         release\JacsUtil.obj
         release\LegacyVolumeActor.obj
         release\MaskChan.obj
         release\Matrices.obj
         release\MergeTiles.obj
         release\MipFragmentColors.obj
         release\MipFragmentData.obj
         release\MipMergedData.obj
         release\MouseClickManager.obj
         release\Mozak3DView.obj
         release\MozakUI.obj
         release\MultiColorImageStackNode.obj
         release\MultiCycleVolume.obj
         release\MultiSliceVolume.obj
         release\Na2DViewer.obj
         release\Na3DWidget.obj
         release\NaLargeMIPWidget.obj
         release\NaLockableData.obj
         release\NaMainWindow.obj
         release\NaSharedDataSignaller.obj
         release\NaViewer.obj
         release\NaVolumeData.obj
         release\NaZStackWidget.obj
         release\NeuronAnnotatorResultNode.obj
         release\NeuronContextMenu.obj
         release\NeuronFragmentData.obj
         release\NeuronFragmentEditor.obj
         release\NeuronMaskEntry.obj
         release\NeuronQAction.obj
         release\NeuronSelectionModel.obj
         release\NeuronSelector.obj
         release\Ontology.obj
         release\OntologyAnnotation.obj
         release\OntologyTreeModel.obj
         release\OntologyTreeView.obj
         release\PAbout.obj
         release\PAnoToolBar.obj
         release\PConverter.obj
         release\PDAlgo.obj
         release\PDAlgoMIPNCC.obj
         release\PDialogImport.obj
         release\PDialogProofreading.obj
         release\PDialogVirtualPyramid.obj
         release\PLog.obj
         release\PMain.obj
         release\PTabVolumeInfo.obj
         release\PreferencesDialog.obj
         release\PrivateDataColorModel.obj
         release\PrivateNeuronFragmentData.obj
         release\PrivateVolumeTexture.obj
         release\ProgressBar.obj
         release\QArrowButton.obj
         release\QGLRefSys.obj
         release\QGradientBar.obj
         release\QHelpBox.obj
         release\QPixmapToolTip.obj
         release\QPrefixSuffixLineEdit.obj
         release\QProgressSender.obj
         release\QUndoMarkerCreate.obj
         release\QUndoMarkerDelete.obj
         release\QUndoMarkerDeleteROI.obj
         release\RawFmtMngr.obj
         release\RawVolume.obj
         release\RenderableObject.obj
         release\RendererNeuronAnnotator.obj
         release\Rotation3D.obj
         release\SampledVolumeMetadata.obj
         release\ScaleBar.obj
         release\ScreenPatternAnnotator.obj
         release\ShaderProgramGL.obj
         release\SimpleVolume.obj
         release\SimpleVolumeRaw.obj
         release\SingleCut.obj
         release\SingleNeuronLsmSetReader.obj
         release\SleepThread.obj
         release\SlotMerger.obj
         release\Sphere.obj
         release\Stack.obj
         release\StackRaw.obj
         release\StackRestorer.obj
         release\StackStitcher.obj
         release\StackedVolume.obj
         release\StagedFileLoader.obj
         release\Stereo3DMode.obj
         release\StitchedFileUtility.obj
         release\TPAlgo.obj
         release\TPAlgoLQP.obj
         release\TPAlgoMST.obj
         release\Tiff3DMngr.obj
         release\TiledMCVolume.obj
         release\TiledVolume_partialdata.obj
         release\TimeSeries.obj
         release\TimebasedIdentifierGenerator.obj
         release\UnstitchedVolume.obj
         release\V3Dsubclasses.obj
         release\V3dR_Communicator.obj
         release\VRFinger.obj
         release\VR_MainWindow.obj
         release\Vector3D.obj
         release\VirtualFmtMngr.obj
         release\VirtualPyramid.obj
         release\VirtualVolume.obj
         release\VolumeConverter.obj
         release\VolumeIndex.obj
         release\VolumePatternIndex.obj
         release\VolumeTexture.obj
         release\VoxelRayCastShader.obj
         release\WireCube.obj
         release\ZSliceColors.obj
         release\ZoomSpinBox.obj
         release\ZoomWidget.obj
         release\apo_xforms.obj
         release\asc_to_swc.obj
         release\atlas_viewer.obj
         release\barFigureDialog.obj
         release\basic_4dimage.obj
         release\basic_4dimage_create.obj
         release\basic_surf_objs.obj
         release\bdb_minus.obj
         release\bfs_1root.obj
         release\cdsC.obj
         release\cdsConsoleDataServiceProxy.obj
         release\colormap.obj
         release\compute_funcs.obj
         release\config.obj
         release\dcimg.obj
         release\dialog_keypoint_features.obj
         release\dialog_rotate.obj
         release\dij_bgl.obj
         release\dijk.obj
         release\envC.obj
         release\exampleplugin2D.obj
         release\fileserver.obj
         release\fit_gmm.obj
         release\global_feature_compute.obj
         release\gradients.obj
         release\histeq.obj
         release\histogramsimple.obj
         release\imBlock.obj
         release\import_filelistname.obj
         release\import_tiffseries.obj
         release\interpolate.obj
         release\io_bioformats.obj
         release\iomanager.config.obj
         release\landmark_property_dialog.obj
         release\libcrossmips.obj
         release\loadmanagewidget.obj
         release\lodepng.obj
         release\m_CAnnotations.obj
         release\m_CConverter.obj
         release\m_CImageUtils.obj
         release\m_CImport.obj
         release\m_COperation.obj
         release\m_CPlugin.obj
         release\m_CSettings.obj
         release\m_CViewer.obj
         release\m_CVolume.obj
         release\m_PAbout.obj
         release\m_PAnoToolBar.obj
         release\m_PConverter.obj
         release\m_PDialogImport.obj
         release\m_PDialogProofreading.obj
         release\m_PLog.obj
         release\m_PMain.obj
         release\m_QArrowButton.obj
         release\m_QGLRefSys.obj
         release\m_QGradientBar.obj
         release\m_QHelpBox.obj
         release\m_QPixmapToolTip.obj
         release\m_QUndoMarkerCreate.obj
         release\m_QUndoMarkerDelete.obj
         release\m_QUndoMarkerDeleteROI.obj
         release\m_V3Dsubclasses.obj
         release\main.obj
         release\mainwindow.obj
         release\mainwindow_interface.obj
         release\managesocket.obj
         release\mapview.obj
         release\mg_image_lib.obj
         release\mg_utilities.obj
         release\mst_prim_c.obj
         release\my4dimage.obj
         release\neuron_format_converter.obj
         release\neuron_sim_scores.obj
         release\neuron_xforms.obj
         release\nstroke.obj
         release\nstroke_tracing.obj
         release\obsC.obj
         release\obsConsoleObserverService.obj
         release\pluginDialog.obj
         release\pluginfunchandler.obj
         release\renderer.obj
         release\renderer_gl2.obj
         release\renderer_hit.obj
         release\renderer_labelfield.obj
         release\renderer_obj.obj
         release\renderer_tex.obj
         release\resumer.obj
         release\rotate_image.obj
         release\spline_cubic.obj
         release\stackutil.obj
         release\stdsoap2.obj
         release\surfaceobj_geometry_dialog.obj
         release\template_matching_seg.obj
         release\tiff2D.obj
         release\tiff3D.obj
         release\tinystr.obj
         release\tinyxml.obj
         release\tinyxmlerror.obj
         release\tinyxmlparser.obj
         release\url_tools.obj
         release\v3d_actions.obj
         release\v3d_application.obj
         release\v3d_commandlineparser.obj
         release\v3d_core.obj
         release\v3d_custom_toolbar.obj
         release\v3d_imaging.obj
         release\v3d_message.obj
         release\v3d_multithreadimageIO.obj
         release\v3d_nrrd.obj
         release\v3d_plugin_loader.obj
         release\v3d_version_info.obj
         release\v3dimg_proc_neuron.obj
         release\v3dimgproc_entry.obj
         release\v3dr_colormapDialog.obj
         release\v3dr_gl_vr.obj
         release\v3dr_glwidget.obj
         release\v3dr_mainwindow.obj
         release\v3dr_surfaceDialog.obj
         release\v_neuronswc.obj
         release\vaa3d_neurontoolbox.obj
         release\vano_linker_loader_dialog.obj
         release\vcdiff.obj
         release\vcresumer.obj
         release\vmBlock.obj
         release\vmBlockVolume.obj
         release\vmCacheManager.obj
         release\vmMCVolume.obj
         release\vmStack.obj
         release\vmStackedVolume.obj
         release\vmVirtualStack.obj
         release\vmVirtualVolume.obj
         release\volumemanager.config.obj
         release\vr_vaa3d_call.obj
         release\moc_AngleWidget.obj
         release\moc_AnnotatedBranchTreeModel.obj
         release\moc_AnnotatedBranchTreeView.obj
         release\moc_AnnotationWidget.obj
         release\moc_CConverter.obj
         release\moc_CImport.obj
         release\moc_CPlugin.obj
         release\moc_CViewer.obj
         release\moc_CVolume.obj
         release\moc_CameraModel.obj
         release\moc_ChannelTable.obj
         release\moc_ColorRangeSliderWidget.obj
         release\moc_CompartmentMapComboBox.obj
         release\moc_CompartmentMapWidget.obj
         release\moc_ConsoleObserver.obj
         release\moc_ConsoleObserverServiceImpl.obj
         release\moc_CutPlanner.obj
         release\moc_DataColorModel.obj
         release\moc_DataFlowModel.obj
         release\moc_DataThread.obj
         release\moc_DownloadManager.obj
         release\moc_DynamicRangeTool.obj
         release\moc_EntityTreeModel.obj
         release\moc_EntityTreeView.obj
         release\moc_ExportFile.obj
         release\moc_Fast3DTexture.obj
         release\moc_FooDebug.obj
         release\moc_FragmentGalleryWidget.obj
         release\moc_GalleryButton.obj
         release\moc_GalleryMipImages.obj
         release\moc_GammaWidget.obj
         release\moc_ImageLoader.obj
         release\moc_ItemEditor.obj
         release\moc_MipFragmentColors.obj
         release\moc_MipFragmentData.obj
         release\moc_MipMergedData.obj
         release\moc_MouseClickManager.obj
         release\moc_Mozak3DView.obj
         release\moc_Na2DViewer.obj
         release\moc_Na3DWidget.obj
         release\moc_NaLargeMIPWidget.obj
         release\moc_NaLockableData.obj
         release\moc_NaMainWindow.obj
         release\moc_NaSharedDataSignaller.obj
         release\moc_NaVolumeData.obj
         release\moc_NaZStackWidget.obj
         release\moc_NeuronContextMenu.obj
         release\moc_NeuronFragmentData.obj
         release\moc_NeuronQAction.obj
         release\moc_NeuronSelectionModel.obj
         release\moc_NeuronSelector.obj
         release\moc_OntologyTreeModel.obj
         release\moc_OntologyTreeView.obj
         release\moc_PAbout.obj
         release\moc_PAnoToolBar.obj
         release\moc_PConverter.obj
         release\moc_PDialogImport.obj
         release\moc_PDialogProofreading.obj
         release\moc_PDialogVirtualPyramid.obj
         release\moc_PLog.obj
         release\moc_PMain.obj
         release\moc_PTabVolumeInfo.obj
         release\moc_PreferencesDialog.obj
         release\moc_QArrowButton.obj
         release\moc_QGLRefSys.obj
         release\moc_QGradientBar.obj
         release\moc_QHelpBox.obj
         release\moc_QPixmapToolTip.obj
         release\moc_QPrefixSuffixLineEdit.obj
         release\moc_QProgressSender.obj
         release\moc_RendererNeuronAnnotator.obj
         release\moc_SingleCut.obj
         release\moc_StagedFileLoader.obj
         release\moc_V3Dsubclasses.obj
         release\moc_V3dR_Communicator.obj
         release\moc_VR_MainWindow.obj
         release\moc_VolumeTexture.obj
         release\moc_ZSliceColors.obj
         release\moc_ZoomSpinBox.obj
         release\moc_ZoomWidget.obj
         release\moc_atlas_viewer.obj
         release\moc_basic_thread.obj
         release\moc_dialog_curve_trace_para.obj
         release\moc_dialog_imagecrop_bbox.obj
         release\moc_dialog_imageresample.obj
         release\moc_dialog_keypoint_features.obj
         release\moc_dialog_maskroi.obj
         release\moc_dialog_rotate.obj
         release\moc_fileserver.obj
         release\moc_gradients.obj
         release\moc_import_filelist_dialog.obj
         release\moc_import_images_tool_dialog.obj
         release\moc_landmark_property_dialog.obj
         release\moc_loadmanagewidget.obj
         release\moc_m_CConverter.obj
         release\moc_m_CImport.obj
         release\moc_m_CPlugin.obj
         release\moc_m_CViewer.obj
         release\moc_m_CVolume.obj
         release\moc_m_PAbout.obj
         release\moc_m_PAnoToolBar.obj
         release\moc_m_PConverter.obj
         release\moc_m_PDialogImport.obj
         release\moc_m_PDialogProofreading.obj
         release\moc_m_PLog.obj
         release\moc_m_PMain.obj
         release\moc_m_QArrowButton.obj
         release\moc_m_QGLRefSys.obj
         release\moc_m_QGradientBar.obj
         release\moc_m_QHelpBox.obj
         release\moc_m_QPixmapToolTip.obj
         release\moc_m_V3Dsubclasses.obj
         release\moc_mainwindow.obj
         release\moc_managesocket.obj
         release\moc_pluginDialog.obj
         release\moc_surfaceobj_annotation_dialog.obj
         release\moc_surfaceobj_geometry_dialog.obj
         release\moc_template_matching_cellseg_dialog.obj
         release\moc_v3d_actions.obj
         release\moc_v3d_application.obj
         release\moc_v3d_core.obj
         release\moc_v3d_custom_toolbar.obj
         release\moc_v3d_global_preference_dialog.obj
         release\moc_v3d_plugin_loader.obj
         release\moc_v3d_version_info.obj
         release\moc_v3dr_colormapDialog.obj
         release\moc_v3dr_glwidget.obj
         release\moc_v3dr_mainwindow.obj
         release\moc_v3dr_surfaceDialog.obj
         release\moc_vano_linker_loader_dialog.obj
         release\moc_xformwidget.obj
         release\qrc_3drenderer.obj
         release\qrc_icons.obj
         release\qrc_mozak.obj
         release\qrc_resources.obj
         release\qrc_v3d.obj
         vaa3d_msvc.vcxproj -> C:\Users\penglab\Documents\GitHub\v3d_external\v3d_main\v3d\x64\Release\vaa3d_msvc.exe
     1>Done Building Project "C:\Users\penglab\Documents\GitHub\v3d_external\v3d_main\v3d\vaa3d_msvc.vcxproj" (Build target(s)).

Build succeeded.

Time Elapsed 00:00:06.34
