生成启动时间为 2023/4/11 16:34:08。
     1>项目“D:\source\C++ project\Vaa3d\v3d_external\v3d_main\v3d\vaa3d_msvc.vcxproj”在节点 2 上(Rebuild 个目标)。
     1>CustomBuild:
         MOC ..\neuron_annotator\gui\AngleWidget.h
         MOC ..\neuron_annotator\gui\trees\AnnotatedBranchTreeModel.h
         MOC ..\neuron_annotator\gui\trees\AnnotatedBranchTreeView.h
         MOC ..\neuron_annotator\gui\AnnotationWidget.h
         MOC ..\terafly\src\control\CConverter.h
         MOC ..\terafly\src\control\CImport.h
         MOC ..\terafly\src\control\CPlugin.h
         MOC ..\terafly\src\control\CViewer.h
         MOC ..\terafly\src\control\CVolume.h
         MOC ..\neuron_annotator\geometry\CameraModel.h
         MOC ChannelTable.h
         MOC ..\neuron_annotator\gui\ColorRangeSliderWidget.h
         MOC ..\neuron_annotator\gui\CompartmentMapComboBox.h
         MOC ..\neuron_annotator\gui\CompartmentMapWidget.h
         MOC ..\neuron_annotator\utility\ConsoleObserver.h
         MOC ..\webservice\impl\ConsoleObserverServiceImpl.h
         MOC ..\neuron_annotator\microCT\CutPlanner.h
         MOC ..\neuron_annotator\data_model\DataColorModel.h
         MOC ..\neuron_annotator\DataFlowModel.h
         MOC ..\neuron_annotator\utility\DataThread.h
         MOC DownloadManager.h
         MOC ..\neuron_annotator\gui\DynamicRangeTool.h
         MOC ..\neuron_annotator\gui\trees\EntityTreeModel.h
         MOC ..\neuron_annotator\gui\trees\EntityTreeView.h
         MOC ..\neuron_annotator\ExportFile.h
         MOC ..\neuron_annotator\data_model\Fast3DTexture.h
         ..\neuron_annotator\data_model\Fast3DTexture.h(0): Note: No relevant classes found. No output generated.
         MOC ..\neuron_annotator\utility\FooDebug.h
         MOC ..\neuron_annotator\gui\FragmentGalleryWidget.h
         MOC ..\neuron_annotator\gui\GalleryButton.h
         MOC ..\neuron_annotator\data_model\GalleryMipImages.h
         MOC ..\neuron_annotator\gui\GammaWidget.h
         MOC ..\neuron_annotator\utility\ImageLoader.h
         MOC ..\3drenderer\ItemEditor.h
         MOC ..\neuron_annotator\data_model\MipFragmentColors.h
         MOC ..\neuron_annotator\data_model\MipFragmentData.h
         MOC ..\neuron_annotator\data_model\MipMergedData.h
         MOC ..\neuron_annotator\gui\MouseClickManager.h
         MOC ..\mozak\Mozak3DView.h
         MOC ..\neuron_annotator\gui\Na2DViewer.h
         MOC ..\neuron_annotator\gui\Na3DWidget.h
         MOC ..\neuron_annotator\gui\NaLargeMIPWidget.h
         MOC ..\neuron_annotator\data_model\NaLockableData.h
         MOC ..\neuron_annotator\gui\NaMainWindow.h
         MOC ..\neuron_annotator\data_model\NaSharedDataSignaller.h
         MOC ..\neuron_annotator\data_model\NaVolumeData.h
         MOC ..\neuron_annotator\gui\NaZStackWidget.h
         MOC ..\neuron_annotator\gui\NeuronContextMenu.h
         MOC ..\neuron_annotator\data_model\NeuronFragmentData.h
         MOC ..\neuron_annotator\gui\NeuronQAction.h
         MOC ..\neuron_annotator\data_model\NeuronSelectionModel.h
         MOC ..\neuron_annotator\NeuronSelector.h
         MOC ..\neuron_annotator\gui\trees\OntologyTreeModel.h
         MOC ..\neuron_annotator\gui\trees\OntologyTreeView.h
         MOC ..\terafly\src\presentation\PAbout.h
         MOC ..\terafly\src\presentation\PAnoToolBar.h
         MOC ..\terafly\src\presentation\PConverter.h
         MOC ..\terafly\src\presentation\PDialogImport.h
         MOC ..\terafly\src\presentation\PDialogProofreading.h
         MOC ..\terafly\src\presentation\PDialogVirtualPyramid.h
         MOC ..\terafly\src\presentation\PLog.h
         MOC ..\terafly\src\presentation\PMain.h
         MOC ..\terafly\src\presentation\PTabVolumeInfo.h
         MOC ..\neuron_annotator\gui\PreferencesDialog.h
         MOC ..\terafly\src\presentation\QArrowButton.h
         MOC ..\terafly\src\presentation\QGLRefSys.h
         MOC ..\terafly\src\presentation\QGradientBar.h
         MOC ..\terafly\src\presentation\QHelpBox.h
         MOC ..\terafly\src\presentation\QPixmapToolTip.h
         MOC ..\terafly\src\presentation\QPrefixSuffixLineEdit.h
         MOC ..\terafly\src\terarepo\src\common\QProgressSender.h
         MOC ..\neuron_annotator\gui\RendererNeuronAnnotator.h
         MOC ..\neuron_annotator\microCT\SingleCut.h
         MOC ..\neuron_annotator\data_model\StagedFileLoader.h
         MOC ..\terafly\src\control\V3Dsubclasses.h, MOC ..\terafly\src\control\V3Dsubclasses.h
         MOC ..\vrrenderer\V3dR_Communicator.h
         MOC ..\vrrenderer\VR_MainWindow.h
         MOC ..\neuron_annotator\data_model\VolumeTexture.h
         MOC ..\neuron_annotator\data_model\ZSliceColors.h
         MOC ..\neuron_annotator\gui\ZoomSpinBox.h
         MOC ..\neuron_annotator\gui\ZoomWidget.h
         MOC atlas_viewer.h
         MOC ..\basic_c_fun\basic_thread.h
         MOC dialog_curve_trace_para.h
         MOC dialog_imagecrop_bbox.h
         MOC dialog_imageresample.h
         MOC dialog_keypoint_features.h
         MOC dialog_maskroi.h
         MOC dialog_rotate.h
         MOC ..\terafly\src\presentation\fileserver.h
         MOC ..\3drenderer\gradients.h
         MOC import_filelist_dialog.h
         MOC import_images_tool_dialog.h
         MOC landmark_property_dialog.h
         MOC ..\terafly\src\presentation\loadmanagewidget.h
         MOC ..\mozak\m_terafly\src\control\m_CConverter.h
         MOC ..\mozak\m_terafly\src\control\m_CImport.h
         MOC ..\mozak\m_terafly\src\control\m_CPlugin.h
         MOC ..\mozak\m_terafly\src\control\m_CViewer.h
         MOC ..\mozak\m_terafly\src\control\m_CVolume.h
         MOC ..\mozak\m_terafly\src\presentation\m_PAbout.h
         MOC ..\mozak\m_terafly\src\presentation\m_PAnoToolBar.h
         MOC ..\mozak\m_terafly\src\presentation\m_PConverter.h
         MOC ..\mozak\m_terafly\src\presentation\m_PDialogImport.h
         MOC ..\mozak\m_terafly\src\presentation\m_PDialogProofreading.h
         MOC ..\mozak\m_terafly\src\presentation\m_PLog.h
         MOC ..\mozak\m_terafly\src\presentation\m_PMain.h
         MOC ..\mozak\m_terafly\src\presentation\m_QArrowButton.h
         MOC ..\mozak\m_terafly\src\presentation\m_QGLRefSys.h
         MOC ..\mozak\m_terafly\src\presentation\m_QGradientBar.h
         MOC ..\mozak\m_terafly\src\presentation\m_QHelpBox.h
         MOC ..\mozak\m_terafly\src\presentation\m_QPixmapToolTip.h
         MOC ..\mozak\m_terafly\src\control\m_V3Dsubclasses.h, MOC ..\mozak\m_terafly\src\control\m_V3Dsubclasses.h
         MOC mainwindow.h
         MOC ..\vrrenderer\managesocket.h
         MOC ..\plugin_loader\pluginDialog.h
         MOC surfaceobj_annotation_dialog.h
         MOC surfaceobj_geometry_dialog.h
         MOC template_matching_cellseg_dialog.h
         MOC v3d_actions.h
         MOC v3d_application.h
         MOC v3d_core.h
         MOC ..\custom_toolbar\v3d_custom_toolbar.h
         MOC v3d_global_preference_dialog.h
         MOC ..\plugin_loader\v3d_plugin_loader.h
         MOC v3d_version_info.h
         MOC ..\3drenderer\v3dr_colormapDialog.h
         MOC ..\3drenderer\v3dr_glwidget.h
         MOC ..\3drenderer\v3dr_mainwindow.h
         MOC ..\3drenderer\v3dr_surfaceDialog.h
         MOC vano_linker_loader_dialog.h
         MOC xformwidget.h
         UIC ..\neuron_annotator\gui\AngleWidget.ui
         UIC ..\neuron_annotator\gui\AnnotationWidget.ui
         UIC ..\neuron_annotator\gui\DynamicRangeTool.ui
         UIC ..\neuron_annotator\gui\GammaWidget.ui
         UIC ..\neuron_annotator\gui\NaMainWindow.ui
         UIC ..\neuron_annotator\gui\PreferencesNa.ui
         UIC ..\neuron_annotator\gui\ZoomWidget.ui
         UIC dialog_curve_trace.ui
         UIC dialog_imagecrop_bbox.ui
     1>dialog_imagecrop_bbox.ui : warning : Z-order assignment: '' is not a valid widget.
         UIC dialog_imageresample.ui
         UIC dialog_keypoint_features.ui
     1>dialog_keypoint_features.ui : warning : The name 'gridLayout' (QGridLayout) is already in use, defaulting to 'gridLayout1'.
         UIC dialog_maskroi.ui
     1>dialog_maskroi.ui : warning : The name 'layoutWidget' (QWidget) is already in use, defaulting to 'layoutWidget1'.
         UIC dialog_pointcloudatlas_linkerloader.ui
         UIC dialog_update_checking.ui
         UIC dialog_update_downloading.ui
         UIC dialog_update_list.ui
         UIC dialog_update_options.ui
         UIC dialog_update_v3d.ui
         UIC dialog_url_entry.ui
         UIC dialog_vano_linkerloader.ui
         UIC import_filelist_dialog.ui
         UIC import_images_tool.ui
         UIC landmark_property.ui
     1>landmark_property.ui : warning : The name 'gridLayout' (QGridLayout) is already in use, defaulting to 'gridLayout1'.
         UIC ..\neuron_annotator\microCT\micro_ct.ui
         UIC ..\3drenderer\setVoxSize.ui
         UIC ..\neuron_annotator\microCT\single_cut.ui
         UIC surface_obj_annotation.ui
         UIC surfaceobj_geometry_dialog.ui
         UIC template_matching_cellseg.ui
         UIC v3d_global_preference.ui
     1>v3d_global_preference.ui : warning : The name 'layoutWidget' (QWidget) is already in use, defaulting to 'layoutWidget1'.
     1>v3d_global_preference.ui : warning : The name 'layoutWidget' (QWidget) is already in use, defaulting to 'layoutWidget2'.
     1>v3d_global_preference.ui : warning : The name 'layoutWidget' (QWidget) is already in use, defaulting to 'layoutWidget3'.
     1>v3d_global_preference.ui : warning : The name 'gridLayout' (QGridLayout) is already in use, defaulting to 'gridLayout1'.
     1>v3d_global_preference.ui : warning : The name 'layoutWidget' (QWidget) is already in use, defaulting to 'layoutWidget4'.
         RCC ..\3drenderer\3drenderer.qrc
         RCC ..\terafly\icons.qrc
         RCC ..\mozak\mozak.qrc
         RCC ..\neuron_annotator\resources.qrc
         RCC v3d.qrc
       ClCompile:
         E:\VS2013\VC\bin\x86_amd64\CL.exe /c /Ie:\Qt4\4.8.6\include\QtCore /Ie:\Qt4\4.8.6\include\QtNetwork /Ie:\Qt4\4.8.6\include\QtGui /Ie:\Qt4\4.8.6\include\QtOpenGL /Ie:\Qt4\4.8.6\include\QtXml /Ie:\Qt4\4.8.6\include\QtSvg /Ie:\Qt4\4.8.6\include /I. /I..\common_lib\include /Ie:\Qt4\4.8.6\demos\shared /I..\common_lib\include\SDL /I..\common_lib\include\glew /I..\common_lib\include\openvr /I..\common_lib\include /I..\common_lib\include\hdf5 /I"..\common_lib\include\hdf5-win64" /Ie:\Qt4\4.8.6\demos\shared /I..\basic_c_fun /I..\3drenderer /I..\basic_c_fun\customary_structs /I.. /I..\v3d /I..\terafly\src\terarepo\src\iomanager /I..\terafly\src\terarepo\src\imagemanager /I..\terafly\src\terarepo\src\stitcher /I..\terafly\src\terarepo\src\utils\volumeconverter /I..\terafly\src\terarepo\src\volumemanager /I..\terafly\src\terarepo\src\crossmips /I..\terafly\src\terarepo\src\3rdparty\tinyxml /I..\terafly\src\terarepo\src\common /I..\terafly\src\control /I..\terafly\src\presentation /I..\mozak\m_terafly\src\control /I..\mozak\m_terafly\src\presentation /I..\basic_c_fun\include /I..\common_lib\include /Ic:\local\boost_1_61_0 /Ie:\Qt4\4.8.6\include\ActiveQt /Irelease /I. /I"e:\Qt4\4.8.6\mkspecs\win32-msvc2013" /Zi /nologo /W0 /WX- /MP /O2 /D TEEM_STATIC /D WITH_NONAMESPACES /D WITH_PURE_VIRTUAL /D TEEMSTATIC /D _CONSOLE /D UNICODE /D WIN32 /D __ALLOW_VR_FUNCS__ /D __ALLOW_VR_FUNCS__ /D TEEM_STATIC /D _VAA3D_TERAFLY_PLUGIN_MODE /D USE_EXPERIMENTAL_FEATURES /D WITH_QT /D ENABLE_BDV_HDF5 /D ENABLE_IMS_HDF5 /D TERASTITCHER_MAJOR /D TERASTITCHER_MINOR /D TERASTITCHER_PATCH /D TERASTITCHER2_MAJOR /D TERASTITCHER2_MINOR /D TERASTITCHER2_PATCH /D TERACONVERTER_MAJOR /D TERACONVERTER_MINOR /D TERACONVERTER_PATCH /D __NAWEBSERVICE__ /D _ALLOW_WORKMODE_MENU_ /D QT_THREAD_SUPPORT /D QT_DLL /D QT_NO_DEBUG /D QT_SVG_LIB /D QT_XML_LIB /D QT_OPENGL_LIB /D QT_GUI_LIB /D QT_NETWORK_LIB /D QT_CORE_LIB /D QT_HAVE_MMX /D QT_HAVE_3DNOW /D QT_HAVE_SSE /D QT_HAVE_MMXEXT /D QT_HAVE_SSE2 /D NDEBUG /Gm- /EHsc /MD /GS /fp:precise /Zc:wchar_t- /Zc:forScope /GR /Fo"release\\" /Fd".\vc120.pdb" /Gd /TP /errorReport:prompt -Zm200 -FS ..\neuron_annotator\render\ActorGL.cpp ..\neuron_annotator\analysis\AlignerUtils.cpp ..\neuron_annotator\analysis\AnalysisTools.cpp ..\neuron_annotator\gui\AngleWidget.cpp ..\neuron_annotator\animation\AnimationFrame.cpp ..\neuron_annotator\entity_model\AnnotatedBranch.cpp ..\neuron_annotator\gui\trees\AnnotatedBranchTreeModel.cpp ..\neuron_annotator\gui\trees\AnnotatedBranchTreeView.cpp ..\neuron_annotator\entity_model\AnnotationSession.cpp ..\neuron_annotator\gui\AnnotationWidget.cpp ..\terafly\src\terarepo\src\imagemanager\BDVVolume.cpp ..\terafly\src\control\CAnnotations.cpp ..\terafly\src\control\CConverter.cpp ..\terafly\src\control\CImageUtils.cpp ..\terafly\src\control\CImport.cpp ..\terafly\src\control\COperation.cpp ..\terafly\src\control\CPlugin.cpp ..\terafly\src\control\CSettings.cpp ..\terafly\src\control\CViewer.cpp ..\terafly\src\control\CVolume.cpp ..\neuron_annotator\geometry\CameraModel.cpp ..\neuron_annotator\render\CameraTransformGL.cpp ..\cell_counter\CellCounter3D.cpp ChannelTable.cpp ..\neuron_annotator\gui\ColorRangeSliderWidget.cpp ..\neuron_annotator\utility\ColorSeparatorConsolidator.cpp CommandManager.cpp ..\neuron_annotator\gui\CompartmentMapComboBox.cpp ..\neuron_annotator\gui\CompartmentMapWidget.cpp ..\terafly\src\terarepo\src\imagemanager\ComposedVolume.cpp ..\neuron_annotator\utility\ConsoleObserver.cpp ..\webservice\impl\ConsoleObserverServiceImpl.cpp ..\neuron_annotator\render\CubeTestActorGL.cpp ..\neuron_annotator\data_model\CustomClipPlanes.cpp ..\neuron_annotator\microCT\CutPlanner.cpp ..\vrrenderer\Cylinder.cpp ..\neuron_annotator\data_model\DataColorModel.cpp ..\neuron_annotator\DataFlowModel.cpp ..\neuron_annotator\utility\DataThread.cpp ..\neuron_annotator\analysis\DilationErosion.cpp ..\neuron_annotator\data_model\Dimension.cpp ..\terafly\src\terarepo\src\stitcher\Displacement.cpp ..\terafly\src\terarepo\src\stitcher\DisplacementMIPNCC.cpp DownloadManager.cpp ..\neuron_annotator\gui\DynamicRangeTool.cpp ..\neuron_annotator\entity_model\Entity.cpp ..\webservice\impl\EntityAdapter.cpp ..\neuron_annotator\entity_model\EntityData.cpp ..\neuron_annotator\gui\trees\EntityTreeItem.cpp ..\neuron_annotator\gui\trees\EntityTreeModel.cpp ..\neuron_annotator\gui\trees\EntityTreeView.cpp ..\neuron_annotator\ExportFile.cpp ..\neuron_annotator\data_model\Fast3DTexture.cpp ..\neuron_annotator\utility\FileTreeSearcher.cpp ..\neuron_annotator\utility\FooDebug.cpp ..\neuron_annotator\gui\FragmentGalleryWidget.cpp ..\neuron_annotator\gui\GalleryButton.cpp ..\neuron_annotator\data_model\GalleryMipImages.cpp ..\neuron_annotator\gui\GammaWidget.cpp ..\terafly\src\terarepo\src\imagemanager\HDF5Mngr.cpp ..\terafly\src\terarepo\src\iomanager\plugins\IMS_HDF5\IMS_HDF5.cpp ..\terafly\src\terarepo\src\imagemanager\IMS_HDF5Mngr.cpp ..\terafly\src\terarepo\src\imagemanager\IM_config.cpp ..\neuron_annotator\utility\Icons.cpp ..\neuron_annotator\utility\ImageLoader.cpp ..\neuron_annotator\utility\ImageLoaderBasic.cpp ..\3drenderer\ItemEditor.cpp ..\neuron_annotator\utility\JacsUtil.cpp ..\neuron_annotator\render\LegacyVolumeActor.cpp ..\neuron_annotator\analysis\MaskChan.cpp ..\vrrenderer\Matrices.cpp ..\terafly\src\terarepo\src\stitcher\MergeTiles.cpp ..\neuron_annotator\data_model\MipFragmentColors.cpp ..\neuron_annotator\data_model\MipFragmentData.cpp ..\neuron_annotator\data_model\MipMergedData.cpp ..\neuron_annotator\gui\MouseClickManager.cpp ..\mozak\Mozak3DView.cpp ..\mozak\MozakUI.cpp ..\neuron_annotator\MultiColorImageStackNode.cpp ..\terafly\src\terarepo\src\imagemanager\MultiCycleVolume.cpp ..\terafly\src\terarepo\src\imagemanager\MultiSliceVolume.cpp ..\neuron_annotator\gui\Na2DViewer.cpp ..\neuron_annotator\gui\Na3DWidget.cpp ..\neuron_annotator\gui\NaLargeMIPWidget.cpp ..\neuron_annotator\data_model\NaLockableData.cpp ..\neuron_annotator\gui\NaMainWindow.cpp ..\neuron_annotator\data_model\NaSharedDataSignaller.cpp ..\neuron_annotator\gui\NaViewer.cpp ..\neuron_annotator\data_model\NaVolumeData.cpp ..\neuron_annotator\gui\NaZStackWidget.cpp ..\neuron_annotator\NeuronAnnotatorResultNode.cpp ..\neuron_annotator\gui\NeuronContextMenu.cpp ..\neuron_annotator\data_model\NeuronFragmentData.cpp ..\neuron_annotator\analysis\NeuronFragmentEditor.cpp ..\neuron_annotator\utility\NeuronMaskEntry.cpp ..\neuron_annotator\gui\NeuronQAction.cpp ..\neuron_annotator\data_model\NeuronSelectionModel.cpp ..\neuron_annotator\NeuronSelector.cpp ..\neuron_annotator\entity_model\Ontology.cpp ..\neuron_annotator\entity_model\OntologyAnnotation.cpp ..\neuron_annotator\gui\trees\OntologyTreeModel.cpp ..\neuron_annotator\gui\trees\OntologyTreeView.cpp ..\terafly\src\presentation\PAbout.cpp ..\terafly\src\presentation\PAnoToolBar.cpp ..\terafly\src\presentation\PConverter.cpp ..\terafly\src\terarepo\src\stitcher\PDAlgo.cpp ..\terafly\src\terarepo\src\stitcher\PDAlgoMIPNCC.cpp ..\terafly\src\presentation\PDialogImport.cpp ..\terafly\src\presentation\PDialogProofreading.cpp ..\terafly\src\presentation\PDialogVirtualPyramid.cpp ..\terafly\src\presentation\PLog.cpp ..\terafly\src\presentation\PMain.cpp ..\terafly\src\presentation\PTabVolumeInfo.cpp ..\neuron_annotator\gui\PreferencesDialog.cpp ..\neuron_annotator\data_model\PrivateDataColorModel.cpp ..\neuron_annotator\data_model\PrivateNeuronFragmentData.cpp ..\neuron_annotator\data_model\PrivateVolumeTexture.cpp ..\terafly\src\terarepo\src\common\ProgressBar.cpp ..\terafly\src\presentation\QArrowButton.cpp ..\terafly\src\presentation\QGLRefSys.cpp ..\terafly\src\presentation\QGradientBar.cpp ..\terafly\src\presentation\QHelpBox.cpp ..\terafly\src\presentation\QPixmapToolTip.cpp ..\terafly\src\presentation\QPrefixSuffixLineEdit.cpp ..\terafly\src\terarepo\src\common\QProgressSender.cpp ..\terafly\src\control\QUndoMarkerCreate.cpp ..\terafly\src\control\QUndoMarkerDelete.cpp ..\terafly\src\control\QUndoMarkerDeleteROI.cpp ..\terafly\src\terarepo\src\imagemanager\RawFmtMngr.cpp ..\terafly\src\terarepo\src\imagemanager\RawVolume.cpp ..\vrrenderer\RenderableObject.cpp ..\neuron_annotator\gui\RendererNeuronAnnotator.cpp ..\neuron_annotator\geometry\Rotation3D.cpp ..\neuron_annotator\data_model\SampledVolumeMetadata.cpp ..\neuron_annotator\gui\ScaleBar.cpp ..\neuron_annotator\analysis\ScreenPatternAnnotator.cpp ..\neuron_annotator\render\ShaderProgramGL.cpp ..\terafly\src\terarepo\src\imagemanager\SimpleVolume.cpp ..\terafly\src\terarepo\src\imagemanager\SimpleVolumeRaw.cpp ..\neuron_annotator\microCT\SingleCut.cpp ..\neuron_annotator\utility\SingleNeuronLsmSetReader.cpp ..\neuron_annotator\analysis\SleepThread.cpp ..\neuron_annotator\data_model\SlotMerger.cpp ..\vrrenderer\Sphere.cpp ..\terafly\src\terarepo\src\imagemanager\Stack.cpp ..\terafly\src\terarepo\src\imagemanager\StackRaw.cpp ..\terafly\src\terarepo\src\stitcher\StackRestorer.cpp ..\terafly\src\terarepo\src\stitcher\StackStitcher.cpp ..\terafly\src\terarepo\src\imagemanager\StackedVolume.cpp ..\neuron_annotator\data_model\StagedFileLoader.cpp ..\neuron_annotator\gui\Stereo3DMode.cpp ..\neuron_annotator\utility\StitchedFileUtility.cpp ..\terafly\src\terarepo\src\stitcher\TPAlgo.cpp ..\terafly\src\terarepo\src\stitcher\TPAlgoLQP.cpp ..\terafly\src\terarepo\src\stitcher\TPAlgoMST.cpp ..\terafly\src\terarepo\src\imagemanager\Tiff3DMngr.cpp ..\terafly\src\terarepo\src\imagemanager\TiledMCVolume.cpp ..\terafly\src\TiledVolume_partialdata.cpp ..\terafly\src\terarepo\src\imagemanager\TimeSeries.cpp ..\neuron_annotator\TimebasedIdentifierGenerator.cpp ..\terafly\src\terarepo\src\imagemanager\UnstitchedVolume.cpp ..\terafly\src\control\V3Dsubclasses.cpp ..\vrrenderer\V3dR_Communicator.cpp ..\vrrenderer\VRFinger.cpp ..\vrrenderer\VR_MainWindow.cpp ..\neuron_annotator\geometry\Vector3D.cpp ..\terafly\src\terarepo\src\imagemanager\VirtualFmtMngr.cpp ..\terafly\src\control\VirtualPyramid.cpp ..\terafly\src\terarepo\src\imagemanager\VirtualVolume.cpp ..\terafly\src\terarepo\src\utils\volumeconverter\VolumeConverter.cpp ..\neuron_annotator\analysis\VolumeIndex.cpp ..\neuron_annotator\analysis\VolumePatternIndex.cpp ..\neuron_annotator\data_model\VolumeTexture.cpp ..\neuron_annotator\render\VoxelRayCastShader.cpp ..\neuron_annotator\render\WireCube.cpp ..\neuron_annotator\data_model\ZSliceColors.cpp ..\neuron_annotator\gui\ZoomSpinBox.cpp ..\neuron_annotator\gui\ZoomWidget.cpp ..\neuron_editing\apo_xforms.cpp ..\io\asc_to_swc.cpp atlas_viewer.cpp ..\3drenderer\barFigureDialog.cpp ..\basic_c_fun\basic_4dimage.cpp ..\basic_c_fun\basic_4dimage_create.cpp ..\basic_c_fun\basic_surf_objs.cpp ..\worm_straighten_c\bdb_minus.cpp ..\worm_straighten_c\bfs_1root.cpp ..\webservice\console\cdsC.cpp ..\webservice\console\cdsConsoleDataServiceProxy.cpp colormap.cpp ..\terafly\src\terarepo\src\crossmips\compute_funcs.cpp ..\terafly\src\terarepo\src\common\config.cpp ..\terafly\src\terarepo\src\iomanager\plugins\dcimg\dcimg.cpp dialog_keypoint_features.cpp dialog_rotate.cpp ..\neuron_tracing\dij_bgl.cpp ..\graph\dijk.cpp ..\webservice\console\envC.cpp ..\terafly\src\terarepo\src\iomanager\plugins\exampleplugin2D\exampleplugin2D.cpp ..\terafly\src\presentation\fileserver.cpp ..\gmm\fit_gmm.cpp ..\neuron_editing\global_feature_compute.cpp ..\3drenderer\gradients.cpp ..\jba\c++\histeq.cpp histogramsimple.cpp ..\terafly\src\terarepo\src\imagemanager\imBlock.cpp import_filelistname.cpp import_tiffseries.cpp ..\neuron_annotator\animation\interpolate.cpp ..\io\io_bioformats.cpp ..\terafly\src\terarepo\src\iomanager\iomanager.config.cpp landmark_property_dialog.cpp ..\terafly\src\terarepo\src\crossmips\libcrossmips.cpp ..\terafly\src\presentation\loadmanagewidget.cpp ..\vrrenderer\lodepng.cpp ..\mozak\m_terafly\src\control\m_CAnnotations.cpp ..\mozak\m_terafly\src\control\m_CConverter.cpp ..\mozak\m_terafly\src\control\m_CImageUtils.cpp ..\mozak\m_terafly\src\control\m_CImport.cpp ..\mozak\m_terafly\src\control\m_COperation.cpp ..\mozak\m_terafly\src\control\m_CPlugin.cpp ..\mozak\m_terafly\src\control\m_CSettings.cpp ..\mozak\m_terafly\src\control\m_CViewer.cpp ..\mozak\m_terafly\src\control\m_CVolume.cpp ..\mozak\m_terafly\src\presentation\m_PAbout.cpp ..\mozak\m_terafly\src\presentation\m_PAnoToolBar.cpp ..\mozak\m_terafly\src\presentation\m_PConverter.cpp ..\mozak\m_terafly\src\presentation\m_PDialogImport.cpp ..\mozak\m_terafly\src\presentation\m_PDialogProofreading.cpp ..\mozak\m_terafly\src\presentation\m_PLog.cpp ..\mozak\m_terafly\src\presentation\m_PMain.cpp ..\mozak\m_terafly\src\presentation\m_QArrowButton.cpp ..\mozak\m_terafly\src\presentation\m_QGLRefSys.cpp ..\mozak\m_terafly\src\presentation\m_QGradientBar.cpp ..\mozak\m_terafly\src\presentation\m_QHelpBox.cpp ..\mozak\m_terafly\src\presentation\m_QPixmapToolTip.cpp ..\mozak\m_terafly\src\control\m_QUndoMarkerCreate.cpp ..\mozak\m_terafly\src\control\m_QUndoMarkerDelete.cpp ..\mozak\m_terafly\src\control\m_QUndoMarkerDeleteROI.cpp ..\mozak\m_terafly\src\control\m_V3Dsubclasses.cpp main.cpp mainwindow.cpp mainwindow_interface.cpp ..\vrrenderer\managesocket.cpp mapview.cpp ..\basic_c_fun\mg_image_lib.cpp ..\basic_c_fun\mg_utilities.cpp ..\worm_straighten_c\mst_prim_c.cpp my4dimage.cpp ..\neuron_editing\neuron_format_converter.cpp ..\neuron_editing\neuron_sim_scores.cpp ..\neuron_editing\neuron_xforms.cpp ..\3drenderer\nstroke.cpp ..\3drenderer\nstroke_tracing.cpp ..\webservice\console\obsC.cpp ..\webservice\console\obsConsoleObserverService.cpp ..\plugin_loader\pluginDialog.cpp pluginfunchandler.cpp ..\3drenderer\renderer.cpp ..\3drenderer\renderer_gl2.cpp ..\3drenderer\renderer_hit.cpp ..\3drenderer\renderer_labelfield.cpp ..\3drenderer\renderer_obj.cpp ..\3drenderer\renderer_tex.cpp ..\terafly\src\terarepo\src\stitcher\resumer.cpp rotate_image.cpp ..\worm_straighten_c\spline_cubic.cpp ..\basic_c_fun\stackutil.cpp ..\webservice\gsoap2\stdsoap2.cpp surfaceobj_geometry_dialog.cpp ..\cellseg\template_matching_seg.cpp ..\terafly\src\terarepo\src\iomanager\plugins\tiff2D\tiff2D.cpp ..\terafly\src\terarepo\src\iomanager\plugins\tiff3D\tiff3D.cpp ..\terafly\src\terarepo\src\3rdparty\tinyxml\tinystr.cpp ..\terafly\src\terarepo\src\3rdparty\tinyxml\tinyxml.cpp ..\terafly\src\terarepo\src\3rdparty\tinyxml\tinyxmlerror.cpp ..\terafly\src\terarepo\src\3rdparty\tinyxml\tinyxmlparser.cpp ..\neuron_annotator\utility\url_tools.cpp v3d_actions.cpp v3d_application.cpp v3d_commandlineparser.cpp v3d_core.cpp ..\custom_toolbar\v3d_custom_toolbar.cpp ..\imaging\v3d_imaging.cpp ..\basic_c_fun\v3d_message.cpp ..\multithreadimageIO\v3d_multithreadimageIO.cpp ..\io\v3d_nrrd.cpp ..\plugin_loader\v3d_plugin_loader.cpp v3d_version_info.cpp v3dimg_proc_neuron.cpp v3dimgproc_entry.cpp ..\3drenderer\v3dr_colormapDialog.cpp ..\vrrenderer\v3dr_gl_vr.cpp ..\3drenderer\v3dr_glwidget.cpp ..\3drenderer\v3dr_mainwindow.cpp ..\3drenderer\v3dr_surfaceDialog.cpp ..\neuron_editing\v_neuronswc.cpp ..\neuron_toolbox\vaa3d_neurontoolbox.cpp vano_linker_loader_dialog.cpp ..\basic_c_fun\vcdiff.cpp ..\terafly\src\terarepo\src\utils\volumeconverter\vcresumer.cpp ..\terafly\src\terarepo\src\volumemanager\vmBlock.cpp ..\terafly\src\terarepo\src\volumemanager\vmBlockVolume.cpp ..\terafly\src\terarepo\src\volumemanager\vmCacheManager.cpp ..\terafly\src\terarepo\src\volumemanager\vmMCVolume.cpp ..\terafly\src\terarepo\src\volumemanager\vmStack.cpp ..\terafly\src\terarepo\src\volumemanager\vmStackedVolume.cpp ..\terafly\src\terarepo\src\volumemanager\vmVirtualStack.cpp ..\terafly\src\terarepo\src\volumemanager\vmVirtualVolume.cpp ..\terafly\src\terarepo\src\volumemanager\volumemanager.config.cpp vr_vaa3d_call.cpp release\moc_AngleWidget.cpp release\moc_AnnotatedBranchTreeModel.cpp release\moc_AnnotatedBranchTreeView.cpp release\moc_AnnotationWidget.cpp release\moc_CConverter.cpp release\moc_CImport.cpp release\moc_CPlugin.cpp release\moc_CViewer.cpp release\moc_CVolume.cpp release\moc_CameraModel.cpp release\moc_ChannelTable.cpp release\moc_ColorRangeSliderWidget.cpp release\moc_CompartmentMapComboBox.cpp release\moc_CompartmentMapWidget.cpp release\moc_ConsoleObserver.cpp release\moc_ConsoleObserverServiceImpl.cpp release\moc_CutPlanner.cpp release\moc_DataColorModel.cpp release\moc_DataFlowModel.cpp release\moc_DataThread.cpp release\moc_DownloadManager.cpp release\moc_DynamicRangeTool.cpp release\moc_EntityTreeModel.cpp release\moc_EntityTreeView.cpp release\moc_ExportFile.cpp release\moc_Fast3DTexture.cpp release\moc_FooDebug.cpp release\moc_FragmentGalleryWidget.cpp release\moc_GalleryButton.cpp release\moc_GalleryMipImages.cpp release\moc_GammaWidget.cpp release\moc_ImageLoader.cpp release\moc_ItemEditor.cpp release\moc_MipFragmentColors.cpp release\moc_MipFragmentData.cpp release\moc_MipMergedData.cpp release\moc_MouseClickManager.cpp release\moc_Mozak3DView.cpp release\moc_Na2DViewer.cpp release\moc_Na3DWidget.cpp release\moc_NaLargeMIPWidget.cpp release\moc_NaLockableData.cpp release\moc_NaMainWindow.cpp release\moc_NaSharedDataSignaller.cpp release\moc_NaVolumeData.cpp release\moc_NaZStackWidget.cpp release\moc_NeuronContextMenu.cpp release\moc_NeuronFragmentData.cpp release\moc_NeuronQAction.cpp release\moc_NeuronSelectionModel.cpp release\moc_NeuronSelector.cpp release\moc_OntologyTreeModel.cpp release\moc_OntologyTreeView.cpp release\moc_PAbout.cpp release\moc_PAnoToolBar.cpp release\moc_PConverter.cpp release\moc_PDialogImport.cpp release\moc_PDialogProofreading.cpp release\moc_PDialogVirtualPyramid.cpp release\moc_PLog.cpp release\moc_PMain.cpp release\moc_PTabVolumeInfo.cpp release\moc_PreferencesDialog.cpp release\moc_QArrowButton.cpp release\moc_QGLRefSys.cpp release\moc_QGradientBar.cpp release\moc_QHelpBox.cpp release\moc_QPixmapToolTip.cpp release\moc_QPrefixSuffixLineEdit.cpp release\moc_QProgressSender.cpp release\moc_RendererNeuronAnnotator.cpp release\moc_SingleCut.cpp release\moc_StagedFileLoader.cpp release\moc_V3Dsubclasses.cpp release\moc_V3dR_Communicator.cpp release\moc_VR_MainWindow.cpp release\moc_VolumeTexture.cpp release\moc_ZSliceColors.cpp release\moc_ZoomSpinBox.cpp release\moc_ZoomWidget.cpp release\moc_atlas_viewer.cpp release\moc_basic_thread.cpp release\moc_dialog_curve_trace_para.cpp release\moc_dialog_imagecrop_bbox.cpp release\moc_dialog_imageresample.cpp release\moc_dialog_keypoint_features.cpp release\moc_dialog_maskroi.cpp release\moc_dialog_rotate.cpp release\moc_fileserver.cpp release\moc_gradients.cpp release\moc_import_filelist_dialog.cpp release\moc_import_images_tool_dialog.cpp release\moc_landmark_property_dialog.cpp release\moc_loadmanagewidget.cpp release\moc_m_CConverter.cpp release\moc_m_CImport.cpp release\moc_m_CPlugin.cpp release\moc_m_CViewer.cpp release\moc_m_CVolume.cpp release\moc_m_PAbout.cpp release\moc_m_PAnoToolBar.cpp release\moc_m_PConverter.cpp release\moc_m_PDialogImport.cpp release\moc_m_PDialogProofreading.cpp release\moc_m_PLog.cpp release\moc_m_PMain.cpp release\moc_m_QArrowButton.cpp release\moc_m_QGLRefSys.cpp release\moc_m_QGradientBar.cpp release\moc_m_QHelpBox.cpp release\moc_m_QPixmapToolTip.cpp release\moc_m_V3Dsubclasses.cpp release\moc_mainwindow.cpp release\moc_managesocket.cpp release\moc_pluginDialog.cpp release\moc_surfaceobj_annotation_dialog.cpp release\moc_surfaceobj_geometry_dialog.cpp release\moc_template_matching_cellseg_dialog.cpp release\moc_v3d_actions.cpp release\moc_v3d_application.cpp release\moc_v3d_core.cpp release\moc_v3d_custom_toolbar.cpp release\moc_v3d_global_preference_dialog.cpp release\moc_v3d_plugin_loader.cpp release\moc_v3d_version_info.cpp release\moc_v3dr_colormapDialog.cpp release\moc_v3dr_glwidget.cpp release\moc_v3dr_mainwindow.cpp release\moc_v3dr_surfaceDialog.cpp release\moc_vano_linker_loader_dialog.cpp release\moc_xformwidget.cpp release\qrc_3drenderer.cpp release\qrc_icons.cpp release\qrc_mozak.cpp release\qrc_resources.cpp release\qrc_v3d.cpp
         ActorGL.cpp
         AlignerUtils.cpp
         AnalysisTools.cpp
         AngleWidget.cpp
         AnimationFrame.cpp
         AnnotatedBranch.cpp
         AnnotatedBranchTreeModel.cpp
         AnnotatedBranchTreeView.cpp
         AnnotationSession.cpp
         AnnotationWidget.cpp
         BDVVolume.cpp
         CAnnotations.cpp
         CConverter.cpp
         CImageUtils.cpp
         CImport.cpp
         COperation.cpp
         CPlugin.cpp
         CSettings.cpp
         CViewer.cpp
         CVolume.cpp
         CameraModel.cpp
         CameraTransformGL.cpp
         CellCounter3D.cpp
         ChannelTable.cpp
         ColorRangeSliderWidget.cpp
         ColorSeparatorConsolidator.cpp
         CommandManager.cpp
         CompartmentMapComboBox.cpp
         CompartmentMapWidget.cpp
         ComposedVolume.cpp
         ConsoleObserver.cpp
         ConsoleObserverServiceImpl.cpp
         CubeTestActorGL.cpp
         CustomClipPlanes.cpp
         CutPlanner.cpp
         Cylinder.cpp
         DataColorModel.cpp
         DataFlowModel.cpp
         DataThread.cpp
         DilationErosion.cpp
         Dimension.cpp
         Displacement.cpp
         DisplacementMIPNCC.cpp
         DownloadManager.cpp
         DynamicRangeTool.cpp
         Entity.cpp
         EntityAdapter.cpp
         EntityData.cpp
         EntityTreeItem.cpp
         EntityTreeModel.cpp
         EntityTreeView.cpp
         ExportFile.cpp
         Fast3DTexture.cpp
         FileTreeSearcher.cpp
         FooDebug.cpp
         FragmentGalleryWidget.cpp
         GalleryButton.cpp
         GalleryMipImages.cpp
         GammaWidget.cpp
         HDF5Mngr.cpp
         IMS_HDF5.cpp
         IMS_HDF5Mngr.cpp
         IM_config.cpp
         Icons.cpp
         ImageLoader.cpp
         ImageLoaderBasic.cpp
         ItemEditor.cpp
         JacsUtil.cpp
         LegacyVolumeActor.cpp
         MaskChan.cpp
         Matrices.cpp
         MergeTiles.cpp
         MipFragmentColors.cpp
         MipFragmentData.cpp
         MipMergedData.cpp
         MouseClickManager.cpp
         Mozak3DView.cpp
         MozakUI.cpp
         MultiColorImageStackNode.cpp
         MultiCycleVolume.cpp
         MultiSliceVolume.cpp
         Na2DViewer.cpp
         Na3DWidget.cpp
         NaLargeMIPWidget.cpp
         NaLockableData.cpp
         NaMainWindow.cpp
         NaSharedDataSignaller.cpp
         NaViewer.cpp
         NaVolumeData.cpp
         NaZStackWidget.cpp
         NeuronAnnotatorResultNode.cpp
         NeuronContextMenu.cpp
         NeuronFragmentData.cpp
         NeuronFragmentEditor.cpp
         NeuronMaskEntry.cpp
         NeuronQAction.cpp
         NeuronSelectionModel.cpp
         NeuronSelector.cpp
         Ontology.cpp
         OntologyAnnotation.cpp
         OntologyTreeModel.cpp
         OntologyTreeView.cpp
     1>E:\VS2013\VC\include\utility(144): warning C4244: “初始化”: 从“double”转换到“float”，可能丢失数据 (..\neuron_annotator\data_model\NeuronFragmentData.cpp)
                 ..\neuron_annotator\data_model\NeuronFragmentData.cpp(51): 参见对正在编译的函数 模板 实例化“std::pair<float,float>::pair<double,double,void>(_Other1 &&,_Other2 &&)”的引用
                 with
                 [
                     _Other1=double
         ,            _Other2=double
                 ]
                 ..\neuron_annotator\data_model\NeuronFragmentData.cpp(51): 参见对正在编译的函数 模板 实例化“std::pair<float,float>::pair<double,double,void>(_Other1 &&,_Other2 &&)”的引用
                 with
                 [
                     _Other1=double
         ,            _Other2=double
                 ]
         PAbout.cpp
         PAnoToolBar.cpp
         PConverter.cpp
         PDAlgo.cpp
         PDAlgoMIPNCC.cpp
         PDialogImport.cpp
         PDialogProofreading.cpp
         PDialogVirtualPyramid.cpp
         PLog.cpp
         PMain.cpp
         PTabVolumeInfo.cpp
         PreferencesDialog.cpp
         PrivateDataColorModel.cpp
         PrivateNeuronFragmentData.cpp
         PrivateVolumeTexture.cpp
         ProgressBar.cpp
         QArrowButton.cpp
         QGLRefSys.cpp
         QGradientBar.cpp
         QHelpBox.cpp
         QPixmapToolTip.cpp
         QPrefixSuffixLineEdit.cpp
         QProgressSender.cpp
         QUndoMarkerCreate.cpp
         QUndoMarkerDelete.cpp
         QUndoMarkerDeleteROI.cpp
         RawFmtMngr.cpp
         RawVolume.cpp
         RenderableObject.cpp
         RendererNeuronAnnotator.cpp
         Rotation3D.cpp
         SampledVolumeMetadata.cpp
         ScaleBar.cpp
         ScreenPatternAnnotator.cpp
         ShaderProgramGL.cpp
         SimpleVolume.cpp
         SimpleVolumeRaw.cpp
         SingleCut.cpp
         SingleNeuronLsmSetReader.cpp
         SleepThread.cpp
         SlotMerger.cpp
         Sphere.cpp
         Stack.cpp
         StackRaw.cpp
         StackRestorer.cpp
         StackStitcher.cpp
         StackedVolume.cpp
         StagedFileLoader.cpp
         Stereo3DMode.cpp
         StitchedFileUtility.cpp
         TPAlgo.cpp
         TPAlgoLQP.cpp
         TPAlgoMST.cpp
         Tiff3DMngr.cpp
         TiledMCVolume.cpp
         TiledVolume_partialdata.cpp
         TimeSeries.cpp
         TimebasedIdentifierGenerator.cpp
         UnstitchedVolume.cpp
         V3Dsubclasses.cpp
         V3dR_Communicator.cpp
         VRFinger.cpp
         VR_MainWindow.cpp
         Vector3D.cpp
         VirtualFmtMngr.cpp
         VirtualPyramid.cpp
         VirtualVolume.cpp
         VolumeConverter.cpp
         VolumeIndex.cpp
         VolumePatternIndex.cpp
         VolumeTexture.cpp
         VoxelRayCastShader.cpp
         WireCube.cpp
         ZSliceColors.cpp
         ZoomSpinBox.cpp
         ZoomWidget.cpp
         apo_xforms.cpp
         asc_to_swc.cpp
         atlas_viewer.cpp
         barFigureDialog.cpp
         basic_4dimage.cpp
         basic_4dimage_create.cpp
         basic_surf_objs.cpp
         bdb_minus.cpp
         bfs_1root.cpp
         cdsC.cpp
         cdsConsoleDataServiceProxy.cpp
         colormap.cpp
         compute_funcs.cpp
         config.cpp
         dcimg.cpp
         dialog_keypoint_features.cpp
         dialog_rotate.cpp
         dij_bgl.cpp
         dijk.cpp
         envC.cpp
         exampleplugin2D.cpp
         fileserver.cpp
         fit_gmm.cpp
         global_feature_compute.cpp
         gradients.cpp
         histeq.cpp
         histogramsimple.cpp
         imBlock.cpp
         import_filelistname.cpp
         import_tiffseries.cpp
         interpolate.cpp
         io_bioformats.cpp
         iomanager.config.cpp
         landmark_property_dialog.cpp
         libcrossmips.cpp
         loadmanagewidget.cpp
         lodepng.cpp
         m_CAnnotations.cpp
         m_CConverter.cpp
     1>E:\VS2013\VC\include\utility(144): warning C4244: “初始化”: 从“__int64”转换到“Node”，可能丢失数据 (..\neuron_tracing\dij_bgl.cpp)
                 ..\neuron_tracing\dij_bgl.cpp(473): 参见对正在编译的函数 模板 实例化“std::pair<Node,Node>::pair<__int64&,__int64&,void>(_Other1,_Other2)”的引用
                 with
                 [
                     _Other1=__int64 &
         ,            _Other2=__int64 &
                 ]
                 ..\neuron_tracing\dij_bgl.cpp(473): 参见对正在编译的函数 模板 实例化“std::pair<Node,Node>::pair<__int64&,__int64&,void>(_Other1,_Other2)”的引用
                 with
                 [
                     _Other1=__int64 &
         ,            _Other2=__int64 &
                 ]
         m_CImageUtils.cpp
         m_CImport.cpp
         m_COperation.cpp
         m_CPlugin.cpp
         m_CSettings.cpp
         m_CViewer.cpp
         m_CVolume.cpp
         m_PAbout.cpp
         m_PAnoToolBar.cpp
         m_PConverter.cpp
         m_PDialogImport.cpp
         m_PDialogProofreading.cpp
         m_PLog.cpp
         m_PMain.cpp
         m_QArrowButton.cpp
         m_QGLRefSys.cpp
         m_QGradientBar.cpp
         m_QHelpBox.cpp
         m_QPixmapToolTip.cpp
         m_QUndoMarkerCreate.cpp
         m_QUndoMarkerDelete.cpp
         m_QUndoMarkerDeleteROI.cpp
         m_V3Dsubclasses.cpp
         main.cpp
         mainwindow.cpp
         mainwindow_interface.cpp
         managesocket.cpp
         mapview.cpp
         mg_image_lib.cpp
         mg_utilities.cpp
         mst_prim_c.cpp
         my4dimage.cpp
         neuron_format_converter.cpp
         neuron_sim_scores.cpp
         neuron_xforms.cpp
         nstroke.cpp
         nstroke_tracing.cpp
         obsC.cpp
         obsConsoleObserverService.cpp
         pluginDialog.cpp
         pluginfunchandler.cpp
         renderer.cpp
         renderer_gl2.cpp
         renderer_hit.cpp
         renderer_labelfield.cpp
         renderer_obj.cpp
         renderer_tex.cpp
         resumer.cpp
         rotate_image.cpp
         spline_cubic.cpp
         stackutil.cpp
         stdsoap2.cpp
         surfaceobj_geometry_dialog.cpp
         template_matching_seg.cpp
         tiff2D.cpp
         tiff3D.cpp
         tinystr.cpp
         tinyxml.cpp
         tinyxmlerror.cpp
         tinyxmlparser.cpp
         url_tools.cpp
         v3d_actions.cpp
         v3d_application.cpp
         v3d_commandlineparser.cpp
         v3d_core.cpp
         v3d_custom_toolbar.cpp
         v3d_imaging.cpp
         v3d_message.cpp
     1>E:\VS2013\VC\include\utility(144): warning C4244: “初始化”: 从“double”转换到“float”，可能丢失数据 (..\3drenderer\nstroke_tracing.cpp)
                 d:\source\c++ project\vaa3d\v3d_external\v3d_main\3drenderer\../neuron_tracing/fastmarching_linker.h(1461): 参见对正在编译的函数 模板 实例化“std::pair<MyMarker *,float>::pair<MyMarker*&,double,void>(_Other1,_Other2 &&)”的引用
                 with
                 [
                     _Other1=MyMarker *&
         ,            _Other2=double
                 ]
                 d:\source\c++ project\vaa3d\v3d_external\v3d_main\3drenderer\../neuron_tracing/fastmarching_linker.h(1461): 参见对正在编译的函数 模板 实例化“std::pair<MyMarker *,float>::pair<MyMarker*&,double,void>(_Other1,_Other2 &&)”的引用
                 with
                 [
                     _Other1=MyMarker *&
         ,            _Other2=double
                 ]
                 ..\3drenderer\nstroke_tracing.cpp(1893): 参见对正在编译的函数 模板 实例化“bool fastmarching_drawing_dynamic<unsigned char>(std::vector<MyMarker,std::allocator<_Ty>> &,std::vector<_Ty,std::allocator<_Ty>> &,T *,std::vector<MyMarker *,std::allocator<MyMarker>> &,int,int,int,int,int,bool)”的引用
                 with
                 [
                     _Ty=MyMarker
         ,            T=unsigned char
                 ]
         v3d_multithreadimageIO.cpp
         v3d_nrrd.cpp
         v3d_plugin_loader.cpp
         v3d_version_info.cpp
         v3dimg_proc_neuron.cpp
         v3dimgproc_entry.cpp
         v3dr_colormapDialog.cpp
         v3dr_gl_vr.cpp
         v3dr_glwidget.cpp
         v3dr_mainwindow.cpp
         v3dr_surfaceDialog.cpp
         v_neuronswc.cpp
         vaa3d_neurontoolbox.cpp
         vano_linker_loader_dialog.cpp
         vcdiff.cpp
         vcresumer.cpp
         vmBlock.cpp
         vmBlockVolume.cpp
         vmCacheManager.cpp
         vmMCVolume.cpp
         vmStack.cpp
         vmStackedVolume.cpp
         vmVirtualStack.cpp
     1>E:\VS2013\VC\include\utility(144): warning C4244: “初始化”: 从“__int64”转换到“Node”，可能丢失数据 (v3dimg_proc_neuron.cpp)
                 v3dimg_proc_neuron.cpp(2039): 参见对正在编译的函数 模板 实例化“std::pair<Node,Node>::pair<__int64&,__int64&,void>(_Other1,_Other2)”的引用
                 with
                 [
                     _Other1=__int64 &
         ,            _Other2=__int64 &
                 ]
                 v3dimg_proc_neuron.cpp(2039): 参见对正在编译的函数 模板 实例化“std::pair<Node,Node>::pair<__int64&,__int64&,void>(_Other1,_Other2)”的引用
                 with
                 [
                     _Other1=__int64 &
         ,            _Other2=__int64 &
                 ]
         vmVirtualVolume.cpp
         volumemanager.config.cpp
         vr_vaa3d_call.cpp
         moc_AngleWidget.cpp
         moc_AnnotatedBranchTreeModel.cpp
         moc_AnnotatedBranchTreeView.cpp
     1>E:\VS2013\VC\include\utility(144): warning C4244: “初始化”: 从“double”转换到“float”，可能丢失数据 (..\vrrenderer\v3dr_gl_vr.cpp)
                 d:\source\c++ project\vaa3d\v3d_external\v3d_main\vrrenderer\../neuron_tracing/fastmarching_linker.h(1461): 参见对正在编译的函数 模板 实例化“std::pair<MyMarker *,float>::pair<MyMarker*&,double,void>(_Other1,_Other2 &&)”的引用
                 with
                 [
                     _Other1=MyMarker *&
         ,            _Other2=double
                 ]
                 d:\source\c++ project\vaa3d\v3d_external\v3d_main\vrrenderer\../neuron_tracing/fastmarching_linker.h(1461): 参见对正在编译的函数 模板 实例化“std::pair<MyMarker *,float>::pair<MyMarker*&,double,void>(_Other1,_Other2 &&)”的引用
                 with
                 [
                     _Other1=MyMarker *&
         ,            _Other2=double
                 ]
                 ..\vrrenderer\v3dr_gl_vr.cpp(7580): 参见对正在编译的函数 模板 实例化“bool fastmarching_drawing_dynamic<unsigned char>(std::vector<MyMarker,std::allocator<_Ty>> &,std::vector<_Ty,std::allocator<_Ty>> &,T *,std::vector<MyMarker *,std::allocator<MyMarker>> &,int,int,int,int,int,bool)”的引用
                 with
                 [
                     _Ty=MyMarker
         ,            T=unsigned char
                 ]
         moc_AnnotationWidget.cpp
         moc_CConverter.cpp
         moc_CImport.cpp
         moc_CPlugin.cpp
         moc_CViewer.cpp
         moc_CVolume.cpp
         moc_CameraModel.cpp
         moc_ChannelTable.cpp
         moc_ColorRangeSliderWidget.cpp
         moc_CompartmentMapComboBox.cpp
         moc_CompartmentMapWidget.cpp
         moc_ConsoleObserver.cpp
         moc_ConsoleObserverServiceImpl.cpp
         moc_CutPlanner.cpp
         moc_DataColorModel.cpp
         moc_DataFlowModel.cpp
         moc_DataThread.cpp
         moc_DownloadManager.cpp
         moc_DynamicRangeTool.cpp
         moc_EntityTreeModel.cpp
         moc_EntityTreeView.cpp
         moc_ExportFile.cpp
         moc_Fast3DTexture.cpp
         moc_FooDebug.cpp
         moc_FragmentGalleryWidget.cpp
         moc_GalleryButton.cpp
         moc_GalleryMipImages.cpp
         moc_GammaWidget.cpp
         moc_ImageLoader.cpp
         moc_ItemEditor.cpp
         moc_MipFragmentColors.cpp
         moc_MipFragmentData.cpp
         moc_MipMergedData.cpp
         moc_MouseClickManager.cpp
         moc_Mozak3DView.cpp
         moc_Na2DViewer.cpp
         moc_Na3DWidget.cpp
         moc_NaLargeMIPWidget.cpp
         moc_NaLockableData.cpp
         moc_NaMainWindow.cpp
         moc_NaSharedDataSignaller.cpp
         moc_NaVolumeData.cpp
         moc_NaZStackWidget.cpp
         moc_NeuronContextMenu.cpp
         moc_NeuronFragmentData.cpp
         moc_NeuronQAction.cpp
         moc_NeuronSelectionModel.cpp
         moc_NeuronSelector.cpp
         moc_OntologyTreeModel.cpp
         moc_OntologyTreeView.cpp
         moc_PAbout.cpp
         moc_PAnoToolBar.cpp
         moc_PConverter.cpp
         moc_PDialogImport.cpp
         moc_PDialogProofreading.cpp
         moc_PDialogVirtualPyramid.cpp
         moc_PLog.cpp
         moc_PMain.cpp
         moc_PTabVolumeInfo.cpp
         moc_PreferencesDialog.cpp
         moc_QArrowButton.cpp
         moc_QGLRefSys.cpp
         moc_QGradientBar.cpp
         moc_QHelpBox.cpp
         moc_QPixmapToolTip.cpp
         moc_QPrefixSuffixLineEdit.cpp
         moc_QProgressSender.cpp
         moc_RendererNeuronAnnotator.cpp
         moc_SingleCut.cpp
         moc_StagedFileLoader.cpp
         moc_V3Dsubclasses.cpp
         moc_V3dR_Communicator.cpp
         moc_VR_MainWindow.cpp
         moc_VolumeTexture.cpp
         moc_ZSliceColors.cpp
         moc_ZoomSpinBox.cpp
         moc_ZoomWidget.cpp
         moc_atlas_viewer.cpp
         moc_basic_thread.cpp
         moc_dialog_curve_trace_para.cpp
         moc_dialog_imagecrop_bbox.cpp
         moc_dialog_imageresample.cpp
         moc_dialog_keypoint_features.cpp
         moc_dialog_maskroi.cpp
         moc_dialog_rotate.cpp
         moc_fileserver.cpp
         moc_gradients.cpp
         moc_import_filelist_dialog.cpp
         moc_import_images_tool_dialog.cpp
         moc_landmark_property_dialog.cpp
         moc_loadmanagewidget.cpp
         moc_m_CConverter.cpp
         moc_m_CImport.cpp
         moc_m_CPlugin.cpp
         moc_m_CViewer.cpp
         moc_m_CVolume.cpp
         moc_m_PAbout.cpp
         moc_m_PAnoToolBar.cpp
         moc_m_PConverter.cpp
         moc_m_PDialogImport.cpp
         moc_m_PDialogProofreading.cpp
         moc_m_PLog.cpp
         moc_m_PMain.cpp
         moc_m_QArrowButton.cpp
         moc_m_QGLRefSys.cpp
         moc_m_QGradientBar.cpp
         moc_m_QHelpBox.cpp
         moc_m_QPixmapToolTip.cpp
         moc_m_V3Dsubclasses.cpp
         moc_mainwindow.cpp
         moc_managesocket.cpp
         moc_pluginDialog.cpp
         moc_surfaceobj_annotation_dialog.cpp
         moc_surfaceobj_geometry_dialog.cpp
         moc_template_matching_cellseg_dialog.cpp
         moc_v3d_actions.cpp
         moc_v3d_application.cpp
         moc_v3d_core.cpp
         moc_v3d_custom_toolbar.cpp
         moc_v3d_global_preference_dialog.cpp
         moc_v3d_plugin_loader.cpp
         moc_v3d_version_info.cpp
         moc_v3dr_colormapDialog.cpp
         moc_v3dr_glwidget.cpp
         moc_v3dr_mainwindow.cpp
         moc_v3dr_surfaceDialog.cpp
         moc_vano_linker_loader_dialog.cpp
         moc_xformwidget.cpp
         qrc_3drenderer.cpp
         qrc_icons.cpp
         qrc_mozak.cpp
         qrc_resources.cpp
         qrc_v3d.cpp
         E:\VS2013\VC\bin\x86_amd64\CL.exe /c /Ie:\Qt4\4.8.6\include\QtCore /Ie:\Qt4\4.8.6\include\QtNetwork /Ie:\Qt4\4.8.6\include\QtGui /Ie:\Qt4\4.8.6\include\QtOpenGL /Ie:\Qt4\4.8.6\include\QtXml /Ie:\Qt4\4.8.6\include\QtSvg /Ie:\Qt4\4.8.6\include /I. /I..\common_lib\include /Ie:\Qt4\4.8.6\demos\shared /I..\common_lib\include\SDL /I..\common_lib\include\glew /I..\common_lib\include\openvr /I..\common_lib\include /I..\common_lib\include\hdf5 /I"..\common_lib\include\hdf5-win64" /Ie:\Qt4\4.8.6\demos\shared /I..\basic_c_fun /I..\3drenderer /I..\basic_c_fun\customary_structs /I.. /I..\v3d /I..\terafly\src\terarepo\src\iomanager /I..\terafly\src\terarepo\src\imagemanager /I..\terafly\src\terarepo\src\stitcher /I..\terafly\src\terarepo\src\utils\volumeconverter /I..\terafly\src\terarepo\src\volumemanager /I..\terafly\src\terarepo\src\crossmips /I..\terafly\src\terarepo\src\3rdparty\tinyxml /I..\terafly\src\terarepo\src\common /I..\terafly\src\control /I..\terafly\src\presentation /I..\mozak\m_terafly\src\control /I..\mozak\m_terafly\src\presentation /I..\basic_c_fun\include /I..\common_lib\include /Ic:\local\boost_1_61_0 /Ie:\Qt4\4.8.6\include\ActiveQt /Irelease /I. /I"e:\Qt4\4.8.6\mkspecs\win32-msvc2013" /Zi /nologo /W0 /WX- /MP /O2 /D TEEM_STATIC /D WITH_NONAMESPACES /D WITH_PURE_VIRTUAL /D TEEMSTATIC /D _CONSOLE /D UNICODE /D WIN32 /D __ALLOW_VR_FUNCS__ /D __ALLOW_VR_FUNCS__ /D TEEM_STATIC /D _VAA3D_TERAFLY_PLUGIN_MODE /D USE_EXPERIMENTAL_FEATURES /D WITH_QT /D ENABLE_BDV_HDF5 /D ENABLE_IMS_HDF5 /D TERASTITCHER_MAJOR /D TERASTITCHER_MINOR /D TERASTITCHER_PATCH /D TERASTITCHER2_MAJOR /D TERASTITCHER2_MINOR /D TERASTITCHER2_PATCH /D TERACONVERTER_MAJOR /D TERACONVERTER_MINOR /D TERACONVERTER_PATCH /D __NAWEBSERVICE__ /D _ALLOW_WORKMODE_MENU_ /D QT_THREAD_SUPPORT /D QT_DLL /D QT_NO_DEBUG /D QT_SVG_LIB /D QT_XML_LIB /D QT_OPENGL_LIB /D QT_GUI_LIB /D QT_NETWORK_LIB /D QT_CORE_LIB /D QT_HAVE_MMX /D QT_HAVE_3DNOW /D QT_HAVE_SSE /D QT_HAVE_MMXEXT /D QT_HAVE_SSE2 /D NDEBUG /Gm- /EHsc /MD /GS /fp:precise /Zc:wchar_t- /Zc:forScope /GR /Fo"release\\" /Fd".\vc120.pdb" /Gd /TC /errorReport:prompt -Zm200 -FS ..\3drenderer\GLee_r.c
         GLee_r.c
       Link:
         E:\VS2013\VC\bin\x86_amd64\link.exe /ERRORREPORT:PROMPT /OUT:"release\\vaa3d_msvc.exe" /INCREMENTAL:NO /NOLOGO /LIBPATH:e:\Qt4\4.8.6\demos\shared\release /LIBPATH:e:\Qt4\4.8.6\lib /LIBPATH:E:/Qt4/4.8.6/demos/shared /LIBPATH:E:/Qt4/4.8.6/demos/shared/release /LIBPATH:"C:\Program Files\Microsoft Visual Studio 9.0\VC\lib" /LIBPATH:"C:\Program Files\Microsoft SDKs\Windows\v6.0A\\Lib\x64" /LIBPATH:..\common_lib\winlib64 glu32.lib opengl32.lib gdi32.lib user32.lib e:\Qt4\4.8.6\demos\shared\release\demo_shared.lib ..\common_lib\winlib64\libtiff.lib ..\common_lib\winlib64\teem.lib ..\common_lib\winlib64\libnewmat.lib ..\common_lib\winlib64\libjba.lib ..\common_lib\winlib64\libFL_cellseg.lib ..\common_lib\winlib64\libFL_brainseg.lib ..\common_lib\winlib64\openvr_api.lib ..\common_lib\winlib64\glew32.lib ..\common_lib\winlib64\SDL2.lib ..\common_lib\winlib64\SDL2main.lib ..\common_lib\winlib64\libhdf5.lib ..\common_lib\winlib64\libszip.lib ..\common_lib\winlib64\libzlib.lib ..\common_lib\winlib64\qjson.lib e:\Qt4\4.8.6\lib\QtSvg4.lib e:\Qt4\4.8.6\lib\QtXml4.lib e:\Qt4\4.8.6\lib\QtOpenGL4.lib e:\Qt4\4.8.6\lib\QtGui4.lib e:\Qt4\4.8.6\lib\QtNetwork4.lib e:\Qt4\4.8.6\lib\QtCore4.lib kernel32.lib user32.lib gdi32.lib winspool.lib comdlg32.lib advapi32.lib shell32.lib ole32.lib oleaut32.lib uuid.lib odbc32.lib odbccp32.lib /MANIFEST /MANIFESTUAC:"level='asInvoker' uiAccess='false'" /manifest:embed /PDB:"release\vaa3d_msvc.pdb" /SUBSYSTEM:CONSOLE /STACK:"104857600" /TLBID:1 /DYNAMICBASE /NXCOMPAT /MACHINE:X64 "/MANIFESTDEPENDENCY:type='win32' name='Microsoft.Windows.Common-Controls' version='6.0.0.0' publicKeyToken='6595b64144ccf1df' language='*' processorArchitecture='*'" release\ActorGL.obj
         release\AlignerUtils.obj
         release\AnalysisTools.obj
         release\AngleWidget.obj
         release\AnimationFrame.obj
         release\AnnotatedBranch.obj
         release\AnnotatedBranchTreeModel.obj
         release\AnnotatedBranchTreeView.obj
         release\AnnotationSession.obj
         release\AnnotationWidget.obj
         release\BDVVolume.obj
         release\CAnnotations.obj
         release\CConverter.obj
         release\CImageUtils.obj
         release\CImport.obj
         release\COperation.obj
         release\CPlugin.obj
         release\CSettings.obj
         release\CViewer.obj
         release\CVolume.obj
         release\CameraModel.obj
         release\CameraTransformGL.obj
         release\CellCounter3D.obj
         release\ChannelTable.obj
         release\ColorRangeSliderWidget.obj
         release\ColorSeparatorConsolidator.obj
         release\CommandManager.obj
         release\CompartmentMapComboBox.obj
         release\CompartmentMapWidget.obj
         release\ComposedVolume.obj
         release\ConsoleObserver.obj
         release\ConsoleObserverServiceImpl.obj
         release\CubeTestActorGL.obj
         release\CustomClipPlanes.obj
         release\CutPlanner.obj
         release\Cylinder.obj
         release\DataColorModel.obj
         release\DataFlowModel.obj
         release\DataThread.obj
         release\DilationErosion.obj
         release\Dimension.obj
         release\Displacement.obj
         release\DisplacementMIPNCC.obj
         release\DownloadManager.obj
         release\DynamicRangeTool.obj
         release\Entity.obj
         release\EntityAdapter.obj
         release\EntityData.obj
         release\EntityTreeItem.obj
         release\EntityTreeModel.obj
         release\EntityTreeView.obj
         release\ExportFile.obj
         release\Fast3DTexture.obj
         release\FileTreeSearcher.obj
         release\FooDebug.obj
         release\FragmentGalleryWidget.obj
         release\GLee_r.obj
         release\GalleryButton.obj
         release\GalleryMipImages.obj
         release\GammaWidget.obj
         release\HDF5Mngr.obj
         release\IMS_HDF5.obj
         release\IMS_HDF5Mngr.obj
         release\IM_config.obj
         release\Icons.obj
         release\ImageLoader.obj
         release\ImageLoaderBasic.obj
         release\ItemEditor.obj
         release\JacsUtil.obj
         release\LegacyVolumeActor.obj
         release\MaskChan.obj
         release\Matrices.obj
         release\MergeTiles.obj
         release\MipFragmentColors.obj
         release\MipFragmentData.obj
         release\MipMergedData.obj
         release\MouseClickManager.obj
         release\Mozak3DView.obj
         release\MozakUI.obj
         release\MultiColorImageStackNode.obj
         release\MultiCycleVolume.obj
         release\MultiSliceVolume.obj
         release\Na2DViewer.obj
         release\Na3DWidget.obj
         release\NaLargeMIPWidget.obj
         release\NaLockableData.obj
         release\NaMainWindow.obj
         release\NaSharedDataSignaller.obj
         release\NaViewer.obj
         release\NaVolumeData.obj
         release\NaZStackWidget.obj
         release\NeuronAnnotatorResultNode.obj
         release\NeuronContextMenu.obj
         release\NeuronFragmentData.obj
         release\NeuronFragmentEditor.obj
         release\NeuronMaskEntry.obj
         release\NeuronQAction.obj
         release\NeuronSelectionModel.obj
         release\NeuronSelector.obj
         release\Ontology.obj
         release\OntologyAnnotation.obj
         release\OntologyTreeModel.obj
         release\OntologyTreeView.obj
         release\PAbout.obj
         release\PAnoToolBar.obj
         release\PConverter.obj
         release\PDAlgo.obj
         release\PDAlgoMIPNCC.obj
         release\PDialogImport.obj
         release\PDialogProofreading.obj
         release\PDialogVirtualPyramid.obj
         release\PLog.obj
         release\PMain.obj
         release\PTabVolumeInfo.obj
         release\PreferencesDialog.obj
         release\PrivateDataColorModel.obj
         release\PrivateNeuronFragmentData.obj
         release\PrivateVolumeTexture.obj
         release\ProgressBar.obj
         release\QArrowButton.obj
         release\QGLRefSys.obj
         release\QGradientBar.obj
         release\QHelpBox.obj
         release\QPixmapToolTip.obj
         release\QPrefixSuffixLineEdit.obj
         release\QProgressSender.obj
         release\QUndoMarkerCreate.obj
         release\QUndoMarkerDelete.obj
         release\QUndoMarkerDeleteROI.obj
         release\RawFmtMngr.obj
         release\RawVolume.obj
         release\RenderableObject.obj
         release\RendererNeuronAnnotator.obj
         release\Rotation3D.obj
         release\SampledVolumeMetadata.obj
         release\ScaleBar.obj
         release\ScreenPatternAnnotator.obj
         release\ShaderProgramGL.obj
         release\SimpleVolume.obj
         release\SimpleVolumeRaw.obj
         release\SingleCut.obj
         release\SingleNeuronLsmSetReader.obj
         release\SleepThread.obj
         release\SlotMerger.obj
         release\Sphere.obj
         release\Stack.obj
         release\StackRaw.obj
         release\StackRestorer.obj
         release\StackStitcher.obj
         release\StackedVolume.obj
         release\StagedFileLoader.obj
         release\Stereo3DMode.obj
         release\StitchedFileUtility.obj
         release\TPAlgo.obj
         release\TPAlgoLQP.obj
         release\TPAlgoMST.obj
         release\Tiff3DMngr.obj
         release\TiledMCVolume.obj
         release\TiledVolume_partialdata.obj
         release\TimeSeries.obj
         release\TimebasedIdentifierGenerator.obj
         release\UnstitchedVolume.obj
         release\V3Dsubclasses.obj
         release\V3dR_Communicator.obj
         release\VRFinger.obj
         release\VR_MainWindow.obj
         release\Vector3D.obj
         release\VirtualFmtMngr.obj
         release\VirtualPyramid.obj
         release\VirtualVolume.obj
         release\VolumeConverter.obj
         release\VolumeIndex.obj
         release\VolumePatternIndex.obj
         release\VolumeTexture.obj
         release\VoxelRayCastShader.obj
         release\WireCube.obj
         release\ZSliceColors.obj
         release\ZoomSpinBox.obj
         release\ZoomWidget.obj
         release\apo_xforms.obj
         release\asc_to_swc.obj
         release\atlas_viewer.obj
         release\barFigureDialog.obj
         release\basic_4dimage.obj
         release\basic_4dimage_create.obj
         release\basic_surf_objs.obj
         release\bdb_minus.obj
         release\bfs_1root.obj
         release\cdsC.obj
         release\cdsConsoleDataServiceProxy.obj
         release\colormap.obj
         release\compute_funcs.obj
         release\config.obj
         release\dcimg.obj
         release\dialog_keypoint_features.obj
         release\dialog_rotate.obj
         release\dij_bgl.obj
         release\dijk.obj
         release\envC.obj
         release\exampleplugin2D.obj
         release\fileserver.obj
         release\fit_gmm.obj
         release\global_feature_compute.obj
         release\gradients.obj
         release\histeq.obj
         release\histogramsimple.obj
         release\imBlock.obj
         release\import_filelistname.obj
         release\import_tiffseries.obj
         release\interpolate.obj
         release\io_bioformats.obj
         release\iomanager.config.obj
         release\landmark_property_dialog.obj
         release\libcrossmips.obj
         release\loadmanagewidget.obj
         release\lodepng.obj
         release\m_CAnnotations.obj
         release\m_CConverter.obj
         release\m_CImageUtils.obj
         release\m_CImport.obj
         release\m_COperation.obj
         release\m_CPlugin.obj
         release\m_CSettings.obj
         release\m_CViewer.obj
         release\m_CVolume.obj
         release\m_PAbout.obj
         release\m_PAnoToolBar.obj
         release\m_PConverter.obj
         release\m_PDialogImport.obj
         release\m_PDialogProofreading.obj
         release\m_PLog.obj
         release\m_PMain.obj
         release\m_QArrowButton.obj
         release\m_QGLRefSys.obj
         release\m_QGradientBar.obj
         release\m_QHelpBox.obj
         release\m_QPixmapToolTip.obj
         release\m_QUndoMarkerCreate.obj
         release\m_QUndoMarkerDelete.obj
         release\m_QUndoMarkerDeleteROI.obj
         release\m_V3Dsubclasses.obj
         release\main.obj
         release\mainwindow.obj
         release\mainwindow_interface.obj
         release\managesocket.obj
         release\mapview.obj
         release\mg_image_lib.obj
         release\mg_utilities.obj
         release\mst_prim_c.obj
         release\my4dimage.obj
         release\neuron_format_converter.obj
         release\neuron_sim_scores.obj
         release\neuron_xforms.obj
         release\nstroke.obj
         release\nstroke_tracing.obj
         release\obsC.obj
         release\obsConsoleObserverService.obj
         release\pluginDialog.obj
         release\pluginfunchandler.obj
         release\renderer.obj
         release\renderer_gl2.obj
         release\renderer_hit.obj
         release\renderer_labelfield.obj
         release\renderer_obj.obj
         release\renderer_tex.obj
         release\resumer.obj
         release\rotate_image.obj
         release\spline_cubic.obj
         release\stackutil.obj
         release\stdsoap2.obj
         release\surfaceobj_geometry_dialog.obj
         release\template_matching_seg.obj
         release\tiff2D.obj
         release\tiff3D.obj
         release\tinystr.obj
         release\tinyxml.obj
         release\tinyxmlerror.obj
         release\tinyxmlparser.obj
         release\url_tools.obj
         release\v3d_actions.obj
         release\v3d_application.obj
         release\v3d_commandlineparser.obj
         release\v3d_core.obj
         release\v3d_custom_toolbar.obj
         release\v3d_imaging.obj
         release\v3d_message.obj
         release\v3d_multithreadimageIO.obj
         release\v3d_nrrd.obj
         release\v3d_plugin_loader.obj
         release\v3d_version_info.obj
         release\v3dimg_proc_neuron.obj
         release\v3dimgproc_entry.obj
         release\v3dr_colormapDialog.obj
         release\v3dr_gl_vr.obj
         release\v3dr_glwidget.obj
         release\v3dr_mainwindow.obj
         release\v3dr_surfaceDialog.obj
         release\v_neuronswc.obj
         release\vaa3d_neurontoolbox.obj
         release\vano_linker_loader_dialog.obj
         release\vcdiff.obj
         release\vcresumer.obj
         release\vmBlock.obj
         release\vmBlockVolume.obj
         release\vmCacheManager.obj
         release\vmMCVolume.obj
         release\vmStack.obj
         release\vmStackedVolume.obj
         release\vmVirtualStack.obj
         release\vmVirtualVolume.obj
         release\volumemanager.config.obj
         release\vr_vaa3d_call.obj
         release\moc_AngleWidget.obj
         release\moc_AnnotatedBranchTreeModel.obj
         release\moc_AnnotatedBranchTreeView.obj
         release\moc_AnnotationWidget.obj
         release\moc_CConverter.obj
         release\moc_CImport.obj
         release\moc_CPlugin.obj
         release\moc_CViewer.obj
         release\moc_CVolume.obj
         release\moc_CameraModel.obj
         release\moc_ChannelTable.obj
         release\moc_ColorRangeSliderWidget.obj
         release\moc_CompartmentMapComboBox.obj
         release\moc_CompartmentMapWidget.obj
         release\moc_ConsoleObserver.obj
         release\moc_ConsoleObserverServiceImpl.obj
         release\moc_CutPlanner.obj
         release\moc_DataColorModel.obj
         release\moc_DataFlowModel.obj
         release\moc_DataThread.obj
         release\moc_DownloadManager.obj
         release\moc_DynamicRangeTool.obj
         release\moc_EntityTreeModel.obj
         release\moc_EntityTreeView.obj
         release\moc_ExportFile.obj
         release\moc_Fast3DTexture.obj
         release\moc_FooDebug.obj
         release\moc_FragmentGalleryWidget.obj
         release\moc_GalleryButton.obj
         release\moc_GalleryMipImages.obj
         release\moc_GammaWidget.obj
         release\moc_ImageLoader.obj
         release\moc_ItemEditor.obj
         release\moc_MipFragmentColors.obj
         release\moc_MipFragmentData.obj
         release\moc_MipMergedData.obj
         release\moc_MouseClickManager.obj
         release\moc_Mozak3DView.obj
         release\moc_Na2DViewer.obj
         release\moc_Na3DWidget.obj
         release\moc_NaLargeMIPWidget.obj
         release\moc_NaLockableData.obj
         release\moc_NaMainWindow.obj
         release\moc_NaSharedDataSignaller.obj
         release\moc_NaVolumeData.obj
         release\moc_NaZStackWidget.obj
         release\moc_NeuronContextMenu.obj
         release\moc_NeuronFragmentData.obj
         release\moc_NeuronQAction.obj
         release\moc_NeuronSelectionModel.obj
         release\moc_NeuronSelector.obj
         release\moc_OntologyTreeModel.obj
         release\moc_OntologyTreeView.obj
         release\moc_PAbout.obj
         release\moc_PAnoToolBar.obj
         release\moc_PConverter.obj
         release\moc_PDialogImport.obj
         release\moc_PDialogProofreading.obj
         release\moc_PDialogVirtualPyramid.obj
         release\moc_PLog.obj
         release\moc_PMain.obj
         release\moc_PTabVolumeInfo.obj
         release\moc_PreferencesDialog.obj
         release\moc_QArrowButton.obj
         release\moc_QGLRefSys.obj
         release\moc_QGradientBar.obj
         release\moc_QHelpBox.obj
         release\moc_QPixmapToolTip.obj
         release\moc_QPrefixSuffixLineEdit.obj
         release\moc_QProgressSender.obj
         release\moc_RendererNeuronAnnotator.obj
         release\moc_SingleCut.obj
         release\moc_StagedFileLoader.obj
         release\moc_V3Dsubclasses.obj
         release\moc_V3dR_Communicator.obj
         release\moc_VR_MainWindow.obj
         release\moc_VolumeTexture.obj
         release\moc_ZSliceColors.obj
         release\moc_ZoomSpinBox.obj
         release\moc_ZoomWidget.obj
         release\moc_atlas_viewer.obj
         release\moc_basic_thread.obj
         release\moc_dialog_curve_trace_para.obj
         release\moc_dialog_imagecrop_bbox.obj
         release\moc_dialog_imageresample.obj
         release\moc_dialog_keypoint_features.obj
         release\moc_dialog_maskroi.obj
         release\moc_dialog_rotate.obj
         release\moc_fileserver.obj
         release\moc_gradients.obj
         release\moc_import_filelist_dialog.obj
         release\moc_import_images_tool_dialog.obj
         release\moc_landmark_property_dialog.obj
         release\moc_loadmanagewidget.obj
         release\moc_m_CConverter.obj
         release\moc_m_CImport.obj
         release\moc_m_CPlugin.obj
         release\moc_m_CViewer.obj
         release\moc_m_CVolume.obj
         release\moc_m_PAbout.obj
         release\moc_m_PAnoToolBar.obj
         release\moc_m_PConverter.obj
         release\moc_m_PDialogImport.obj
         release\moc_m_PDialogProofreading.obj
         release\moc_m_PLog.obj
         release\moc_m_PMain.obj
         release\moc_m_QArrowButton.obj
         release\moc_m_QGLRefSys.obj
         release\moc_m_QGradientBar.obj
         release\moc_m_QHelpBox.obj
         release\moc_m_QPixmapToolTip.obj
         release\moc_m_V3Dsubclasses.obj
         release\moc_mainwindow.obj
         release\moc_managesocket.obj
         release\moc_pluginDialog.obj
         release\moc_surfaceobj_annotation_dialog.obj
         release\moc_surfaceobj_geometry_dialog.obj
         release\moc_template_matching_cellseg_dialog.obj
         release\moc_v3d_actions.obj
         release\moc_v3d_application.obj
         release\moc_v3d_core.obj
         release\moc_v3d_custom_toolbar.obj
         release\moc_v3d_global_preference_dialog.obj
         release\moc_v3d_plugin_loader.obj
         release\moc_v3d_version_info.obj
         release\moc_v3dr_colormapDialog.obj
         release\moc_v3dr_glwidget.obj
         release\moc_v3dr_mainwindow.obj
         release\moc_v3dr_surfaceDialog.obj
         release\moc_vano_linker_loader_dialog.obj
         release\moc_xformwidget.obj
         release\qrc_3drenderer.obj
         release\qrc_icons.obj
         release\qrc_mozak.obj
         release\qrc_resources.obj
         release\qrc_v3d.obj
         vaa3d_msvc.vcxproj -> D:\source\C++ project\Vaa3d\v3d_external\v3d_main\v3d\release\vaa3d_msvc.exe
     1>已完成生成项目“D:\source\C++ project\Vaa3d\v3d_external\v3d_main\v3d\vaa3d_msvc.vcxproj”(Rebuild 个目标)的操作。

生成成功。

已用时间 00:02:48.56
