c:\users\57610\documents\research\vaa3d_compile\v3d_external\v3d_main\v3d\release\actorgl.obj
c:\users\57610\documents\research\vaa3d_compile\v3d_external\v3d_main\v3d\release\alignerutils.obj
c:\users\57610\documents\research\vaa3d_compile\v3d_external\v3d_main\v3d\release\analysistools.obj
c:\users\57610\documents\research\vaa3d_compile\v3d_external\v3d_main\v3d\release\anglewidget.obj
c:\users\57610\documents\research\vaa3d_compile\v3d_external\v3d_main\v3d\release\animationframe.obj
c:\users\57610\documents\research\vaa3d_compile\v3d_external\v3d_main\v3d\release\annotatedbranch.obj
c:\users\57610\documents\research\vaa3d_compile\v3d_external\v3d_main\v3d\release\annotatedbranchtreemodel.obj
c:\users\57610\documents\research\vaa3d_compile\v3d_external\v3d_main\v3d\release\annotatedbranchtreeview.obj
c:\users\57610\documents\research\vaa3d_compile\v3d_external\v3d_main\v3d\release\annotationsession.obj
c:\users\57610\documents\research\vaa3d_compile\v3d_external\v3d_main\v3d\release\annotationwidget.obj
c:\users\57610\documents\research\vaa3d_compile\v3d_external\v3d_main\v3d\release\bdvvolume.obj
c:\users\57610\documents\research\vaa3d_compile\v3d_external\v3d_main\v3d\release\cannotations.obj
c:\users\57610\documents\research\vaa3d_compile\v3d_external\v3d_main\v3d\release\cconverter.obj
c:\users\57610\documents\research\vaa3d_compile\v3d_external\v3d_main\v3d\release\cimageutils.obj
c:\users\57610\documents\research\vaa3d_compile\v3d_external\v3d_main\v3d\release\cimport.obj
c:\users\57610\documents\research\vaa3d_compile\v3d_external\v3d_main\v3d\release\coperation.obj
c:\users\57610\documents\research\vaa3d_compile\v3d_external\v3d_main\v3d\release\cplugin.obj
c:\users\57610\documents\research\vaa3d_compile\v3d_external\v3d_main\v3d\release\csettings.obj
c:\users\57610\documents\research\vaa3d_compile\v3d_external\v3d_main\v3d\release\cviewer.obj
c:\users\57610\documents\research\vaa3d_compile\v3d_external\v3d_main\v3d\release\cvolume.obj
c:\users\57610\documents\research\vaa3d_compile\v3d_external\v3d_main\v3d\release\cameramodel.obj
c:\users\57610\documents\research\vaa3d_compile\v3d_external\v3d_main\v3d\release\cameratransformgl.obj
c:\users\57610\documents\research\vaa3d_compile\v3d_external\v3d_main\v3d\release\cellcounter3d.obj
c:\users\57610\documents\research\vaa3d_compile\v3d_external\v3d_main\v3d\release\channeltable.obj
c:\users\57610\documents\research\vaa3d_compile\v3d_external\v3d_main\v3d\release\colorrangesliderwidget.obj
c:\users\57610\documents\research\vaa3d_compile\v3d_external\v3d_main\v3d\release\colorseparatorconsolidator.obj
c:\users\57610\documents\research\vaa3d_compile\v3d_external\v3d_main\v3d\release\commandmanager.obj
c:\users\57610\documents\research\vaa3d_compile\v3d_external\v3d_main\v3d\release\compartmentmapcombobox.obj
c:\users\57610\documents\research\vaa3d_compile\v3d_external\v3d_main\v3d\release\compartmentmapwidget.obj
c:\users\57610\documents\research\vaa3d_compile\v3d_external\v3d_main\v3d\release\consoleobserver.obj
c:\users\57610\documents\research\vaa3d_compile\v3d_external\v3d_main\v3d\release\consoleobserverserviceimpl.obj
c:\users\57610\documents\research\vaa3d_compile\v3d_external\v3d_main\v3d\release\cubetestactorgl.obj
c:\users\57610\documents\research\vaa3d_compile\v3d_external\v3d_main\v3d\release\customclipplanes.obj
c:\users\57610\documents\research\vaa3d_compile\v3d_external\v3d_main\v3d\release\cutplanner.obj
c:\users\57610\documents\research\vaa3d_compile\v3d_external\v3d_main\v3d\release\cylinder.obj
c:\users\57610\documents\research\vaa3d_compile\v3d_external\v3d_main\v3d\release\datacolormodel.obj
c:\users\57610\documents\research\vaa3d_compile\v3d_external\v3d_main\v3d\release\dataflowmodel.obj
c:\users\57610\documents\research\vaa3d_compile\v3d_external\v3d_main\v3d\release\datathread.obj
c:\users\57610\documents\research\vaa3d_compile\v3d_external\v3d_main\v3d\release\dilationerosion.obj
c:\users\57610\documents\research\vaa3d_compile\v3d_external\v3d_main\v3d\release\dimension.obj
c:\users\57610\documents\research\vaa3d_compile\v3d_external\v3d_main\v3d\release\displacement.obj
c:\users\57610\documents\research\vaa3d_compile\v3d_external\v3d_main\v3d\release\displacementmipncc.obj
c:\users\57610\documents\research\vaa3d_compile\v3d_external\v3d_main\v3d\release\downloadmanager.obj
c:\users\57610\documents\research\vaa3d_compile\v3d_external\v3d_main\v3d\release\dynamicrangetool.obj
c:\users\57610\documents\research\vaa3d_compile\v3d_external\v3d_main\v3d\release\entity.obj
c:\users\57610\documents\research\vaa3d_compile\v3d_external\v3d_main\v3d\release\entityadapter.obj
c:\users\57610\documents\research\vaa3d_compile\v3d_external\v3d_main\v3d\release\entitydata.obj
c:\users\57610\documents\research\vaa3d_compile\v3d_external\v3d_main\v3d\release\entitytreeitem.obj
c:\users\57610\documents\research\vaa3d_compile\v3d_external\v3d_main\v3d\release\entitytreemodel.obj
c:\users\57610\documents\research\vaa3d_compile\v3d_external\v3d_main\v3d\release\entitytreeview.obj
c:\users\57610\documents\research\vaa3d_compile\v3d_external\v3d_main\v3d\release\exportfile.obj
c:\users\57610\documents\research\vaa3d_compile\v3d_external\v3d_main\v3d\release\fast3dtexture.obj
c:\users\57610\documents\research\vaa3d_compile\v3d_external\v3d_main\v3d\release\filetreesearcher.obj
c:\users\57610\documents\research\vaa3d_compile\v3d_external\v3d_main\v3d\release\foodebug.obj
c:\users\57610\documents\research\vaa3d_compile\v3d_external\v3d_main\v3d\release\fragmentgallerywidget.obj
c:\users\57610\documents\research\vaa3d_compile\v3d_external\v3d_main\v3d\release\gallerybutton.obj
c:\users\57610\documents\research\vaa3d_compile\v3d_external\v3d_main\v3d\release\gallerymipimages.obj
c:\users\57610\documents\research\vaa3d_compile\v3d_external\v3d_main\v3d\release\gammawidget.obj
c:\users\57610\documents\research\vaa3d_compile\v3d_external\v3d_main\v3d\release\hdf5mngr.obj
c:\users\57610\documents\research\vaa3d_compile\v3d_external\v3d_main\v3d\release\ims_hdf5.obj
c:\users\57610\documents\research\vaa3d_compile\v3d_external\v3d_main\v3d\release\ims_hdf5mngr.obj
c:\users\57610\documents\research\vaa3d_compile\v3d_external\v3d_main\v3d\release\im_config.obj
c:\users\57610\documents\research\vaa3d_compile\v3d_external\v3d_main\v3d\release\icons.obj
c:\users\57610\documents\research\vaa3d_compile\v3d_external\v3d_main\v3d\release\imageloader.obj
c:\users\57610\documents\research\vaa3d_compile\v3d_external\v3d_main\v3d\release\imageloaderbasic.obj
c:\users\57610\documents\research\vaa3d_compile\v3d_external\v3d_main\v3d\release\itemeditor.obj
c:\users\57610\documents\research\vaa3d_compile\v3d_external\v3d_main\v3d\release\jacsutil.obj
c:\users\57610\documents\research\vaa3d_compile\v3d_external\v3d_main\v3d\release\legacyvolumeactor.obj
c:\users\57610\documents\research\vaa3d_compile\v3d_external\v3d_main\v3d\release\maskchan.obj
c:\users\57610\documents\research\vaa3d_compile\v3d_external\v3d_main\v3d\release\matrices.obj
c:\users\57610\documents\research\vaa3d_compile\v3d_external\v3d_main\v3d\release\mergetiles.obj
c:\users\57610\documents\research\vaa3d_compile\v3d_external\v3d_main\v3d\release\mipfragmentcolors.obj
c:\users\57610\documents\research\vaa3d_compile\v3d_external\v3d_main\v3d\release\mipfragmentdata.obj
c:\users\57610\documents\research\vaa3d_compile\v3d_external\v3d_main\v3d\release\mipmergeddata.obj
c:\users\57610\documents\research\vaa3d_compile\v3d_external\v3d_main\v3d\release\mouseclickmanager.obj
c:\users\57610\documents\research\vaa3d_compile\v3d_external\v3d_main\v3d\release\mozak3dview.obj
c:\users\57610\documents\research\vaa3d_compile\v3d_external\v3d_main\v3d\release\mozakui.obj
c:\users\57610\documents\research\vaa3d_compile\v3d_external\v3d_main\v3d\release\multicolorimagestacknode.obj
c:\users\57610\documents\research\vaa3d_compile\v3d_external\v3d_main\v3d\release\na2dviewer.obj
c:\users\57610\documents\research\vaa3d_compile\v3d_external\v3d_main\v3d\release\na3dwidget.obj
c:\users\57610\documents\research\vaa3d_compile\v3d_external\v3d_main\v3d\release\nalargemipwidget.obj
c:\users\57610\documents\research\vaa3d_compile\v3d_external\v3d_main\v3d\release\nalockabledata.obj
c:\users\57610\documents\research\vaa3d_compile\v3d_external\v3d_main\v3d\release\namainwindow.obj
c:\users\57610\documents\research\vaa3d_compile\v3d_external\v3d_main\v3d\release\nashareddatasignaller.obj
c:\users\57610\documents\research\vaa3d_compile\v3d_external\v3d_main\v3d\release\naviewer.obj
c:\users\57610\documents\research\vaa3d_compile\v3d_external\v3d_main\v3d\release\navolumedata.obj
c:\users\57610\documents\research\vaa3d_compile\v3d_external\v3d_main\v3d\release\nazstackwidget.obj
c:\users\57610\documents\research\vaa3d_compile\v3d_external\v3d_main\v3d\release\neuronannotatorresultnode.obj
c:\users\57610\documents\research\vaa3d_compile\v3d_external\v3d_main\v3d\release\neuroncontextmenu.obj
c:\users\57610\documents\research\vaa3d_compile\v3d_external\v3d_main\v3d\release\neuronfragmentdata.obj
c:\users\57610\documents\research\vaa3d_compile\v3d_external\v3d_main\v3d\release\neuronfragmenteditor.obj
c:\users\57610\documents\research\vaa3d_compile\v3d_external\v3d_main\v3d\release\neuronmaskentry.obj
c:\users\57610\documents\research\vaa3d_compile\v3d_external\v3d_main\v3d\release\neuronqaction.obj
c:\users\57610\documents\research\vaa3d_compile\v3d_external\v3d_main\v3d\release\neuronselectionmodel.obj
c:\users\57610\documents\research\vaa3d_compile\v3d_external\v3d_main\v3d\release\neuronselector.obj
c:\users\57610\documents\research\vaa3d_compile\v3d_external\v3d_main\v3d\release\ontology.obj
c:\users\57610\documents\research\vaa3d_compile\v3d_external\v3d_main\v3d\release\ontologyannotation.obj
c:\users\57610\documents\research\vaa3d_compile\v3d_external\v3d_main\v3d\release\ontologytreemodel.obj
c:\users\57610\documents\research\vaa3d_compile\v3d_external\v3d_main\v3d\release\ontologytreeview.obj
c:\users\57610\documents\research\vaa3d_compile\v3d_external\v3d_main\v3d\release\pabout.obj
c:\users\57610\documents\research\vaa3d_compile\v3d_external\v3d_main\v3d\release\panotoolbar.obj
c:\users\57610\documents\research\vaa3d_compile\v3d_external\v3d_main\v3d\release\pconverter.obj
c:\users\57610\documents\research\vaa3d_compile\v3d_external\v3d_main\v3d\release\pdalgo.obj
c:\users\57610\documents\research\vaa3d_compile\v3d_external\v3d_main\v3d\release\pdalgomipncc.obj
c:\users\57610\documents\research\vaa3d_compile\v3d_external\v3d_main\v3d\release\pdialogimport.obj
c:\users\57610\documents\research\vaa3d_compile\v3d_external\v3d_main\v3d\release\pdialogproofreading.obj
c:\users\57610\documents\research\vaa3d_compile\v3d_external\v3d_main\v3d\release\pdialogvirtualpyramid.obj
c:\users\57610\documents\research\vaa3d_compile\v3d_external\v3d_main\v3d\release\plog.obj
c:\users\57610\documents\research\vaa3d_compile\v3d_external\v3d_main\v3d\release\pmain.obj
c:\users\57610\documents\research\vaa3d_compile\v3d_external\v3d_main\v3d\release\preferencesdialog.obj
c:\users\57610\documents\research\vaa3d_compile\v3d_external\v3d_main\v3d\release\privatedatacolormodel.obj
c:\users\57610\documents\research\vaa3d_compile\v3d_external\v3d_main\v3d\release\privateneuronfragmentdata.obj
c:\users\57610\documents\research\vaa3d_compile\v3d_external\v3d_main\v3d\release\privatevolumetexture.obj
c:\users\57610\documents\research\vaa3d_compile\v3d_external\v3d_main\v3d\release\progressbar.obj
c:\users\57610\documents\research\vaa3d_compile\v3d_external\v3d_main\v3d\release\qarrowbutton.obj
c:\users\57610\documents\research\vaa3d_compile\v3d_external\v3d_main\v3d\release\qglrefsys.obj
c:\users\57610\documents\research\vaa3d_compile\v3d_external\v3d_main\v3d\release\qgradientbar.obj
c:\users\57610\documents\research\vaa3d_compile\v3d_external\v3d_main\v3d\release\qhelpbox.obj
c:\users\57610\documents\research\vaa3d_compile\v3d_external\v3d_main\v3d\release\qpixmaptooltip.obj
c:\users\57610\documents\research\vaa3d_compile\v3d_external\v3d_main\v3d\release\qprefixsuffixlineedit.obj
c:\users\57610\documents\research\vaa3d_compile\v3d_external\v3d_main\v3d\release\qprogresssender.obj
c:\users\57610\documents\research\vaa3d_compile\v3d_external\v3d_main\v3d\release\qundomarkercreate.obj
c:\users\57610\documents\research\vaa3d_compile\v3d_external\v3d_main\v3d\release\qundomarkerdelete.obj
c:\users\57610\documents\research\vaa3d_compile\v3d_external\v3d_main\v3d\release\qundomarkerdeleteroi.obj
c:\users\57610\documents\research\vaa3d_compile\v3d_external\v3d_main\v3d\release\rawfmtmngr.obj
c:\users\57610\documents\research\vaa3d_compile\v3d_external\v3d_main\v3d\release\rawvolume.obj
c:\users\57610\documents\research\vaa3d_compile\v3d_external\v3d_main\v3d\release\renderableobject.obj
c:\users\57610\documents\research\vaa3d_compile\v3d_external\v3d_main\v3d\release\rendererneuronannotator.obj
c:\users\57610\documents\research\vaa3d_compile\v3d_external\v3d_main\v3d\release\rotation3d.obj
c:\users\57610\documents\research\vaa3d_compile\v3d_external\v3d_main\v3d\release\sampledvolumemetadata.obj
c:\users\57610\documents\research\vaa3d_compile\v3d_external\v3d_main\v3d\release\scalebar.obj
c:\users\57610\documents\research\vaa3d_compile\v3d_external\v3d_main\v3d\release\screenpatternannotator.obj
c:\users\57610\documents\research\vaa3d_compile\v3d_external\v3d_main\v3d\release\shaderprogramgl.obj
c:\users\57610\documents\research\vaa3d_compile\v3d_external\v3d_main\v3d\release\simplevolume.obj
c:\users\57610\documents\research\vaa3d_compile\v3d_external\v3d_main\v3d\release\simplevolumeraw.obj
c:\users\57610\documents\research\vaa3d_compile\v3d_external\v3d_main\v3d\release\singlecut.obj
c:\users\57610\documents\research\vaa3d_compile\v3d_external\v3d_main\v3d\release\singleneuronlsmsetreader.obj
c:\users\57610\documents\research\vaa3d_compile\v3d_external\v3d_main\v3d\release\sleepthread.obj
c:\users\57610\documents\research\vaa3d_compile\v3d_external\v3d_main\v3d\release\slotmerger.obj
c:\users\57610\documents\research\vaa3d_compile\v3d_external\v3d_main\v3d\release\sphere.obj
c:\users\57610\documents\research\vaa3d_compile\v3d_external\v3d_main\v3d\release\stack.obj
c:\users\57610\documents\research\vaa3d_compile\v3d_external\v3d_main\v3d\release\stackraw.obj
c:\users\57610\documents\research\vaa3d_compile\v3d_external\v3d_main\v3d\release\stackrestorer.obj
c:\users\57610\documents\research\vaa3d_compile\v3d_external\v3d_main\v3d\release\stackstitcher.obj
c:\users\57610\documents\research\vaa3d_compile\v3d_external\v3d_main\v3d\release\stackedvolume.obj
c:\users\57610\documents\research\vaa3d_compile\v3d_external\v3d_main\v3d\release\stagedfileloader.obj
c:\users\57610\documents\research\vaa3d_compile\v3d_external\v3d_main\v3d\release\stereo3dmode.obj
c:\users\57610\documents\research\vaa3d_compile\v3d_external\v3d_main\v3d\release\stitchedfileutility.obj
c:\users\57610\documents\research\vaa3d_compile\v3d_external\v3d_main\v3d\release\tpalgo.obj
c:\users\57610\documents\research\vaa3d_compile\v3d_external\v3d_main\v3d\release\tpalgomst.obj
c:\users\57610\documents\research\vaa3d_compile\v3d_external\v3d_main\v3d\release\tiff3dmngr.obj
c:\users\57610\documents\research\vaa3d_compile\v3d_external\v3d_main\v3d\release\tiledmcvolume.obj
c:\users\57610\documents\research\vaa3d_compile\v3d_external\v3d_main\v3d\release\tiledvolume_partialdata.obj
c:\users\57610\documents\research\vaa3d_compile\v3d_external\v3d_main\v3d\release\timeseries.obj
c:\users\57610\documents\research\vaa3d_compile\v3d_external\v3d_main\v3d\release\timebasedidentifiergenerator.obj
c:\users\57610\documents\research\vaa3d_compile\v3d_external\v3d_main\v3d\release\unstitchedvolume.obj
c:\users\57610\documents\research\vaa3d_compile\v3d_external\v3d_main\v3d\release\v3dsubclasses.obj
c:\users\57610\documents\research\vaa3d_compile\v3d_external\v3d_main\v3d\release\v3dr_communicator.obj
c:\users\57610\documents\research\vaa3d_compile\v3d_external\v3d_main\v3d\release\vrfinger.obj
c:\users\57610\documents\research\vaa3d_compile\v3d_external\v3d_main\v3d\release\vr_mainwindow.obj
c:\users\57610\documents\research\vaa3d_compile\v3d_external\v3d_main\v3d\release\vector3d.obj
c:\users\57610\documents\research\vaa3d_compile\v3d_external\v3d_main\v3d\release\virtualfmtmngr.obj
c:\users\57610\documents\research\vaa3d_compile\v3d_external\v3d_main\v3d\release\virtualpyramid.obj
c:\users\57610\documents\research\vaa3d_compile\v3d_external\v3d_main\v3d\release\virtualvolume.obj
c:\users\57610\documents\research\vaa3d_compile\v3d_external\v3d_main\v3d\release\volumeconverter.obj
c:\users\57610\documents\research\vaa3d_compile\v3d_external\v3d_main\v3d\release\volumeindex.obj
c:\users\57610\documents\research\vaa3d_compile\v3d_external\v3d_main\v3d\release\volumepatternindex.obj
c:\users\57610\documents\research\vaa3d_compile\v3d_external\v3d_main\v3d\release\volumetexture.obj
c:\users\57610\documents\research\vaa3d_compile\v3d_external\v3d_main\v3d\release\voxelraycastshader.obj
c:\users\57610\documents\research\vaa3d_compile\v3d_external\v3d_main\v3d\release\wirecube.obj
c:\users\57610\documents\research\vaa3d_compile\v3d_external\v3d_main\v3d\release\zslicecolors.obj
c:\users\57610\documents\research\vaa3d_compile\v3d_external\v3d_main\v3d\release\zoomspinbox.obj
c:\users\57610\documents\research\vaa3d_compile\v3d_external\v3d_main\v3d\release\zoomwidget.obj
c:\users\57610\documents\research\vaa3d_compile\v3d_external\v3d_main\v3d\release\apo_xforms.obj
c:\users\57610\documents\research\vaa3d_compile\v3d_external\v3d_main\v3d\release\asc_to_swc.obj
c:\users\57610\documents\research\vaa3d_compile\v3d_external\v3d_main\v3d\release\atlas_viewer.obj
c:\users\57610\documents\research\vaa3d_compile\v3d_external\v3d_main\v3d\release\barfiguredialog.obj
c:\users\57610\documents\research\vaa3d_compile\v3d_external\v3d_main\v3d\release\basic_4dimage.obj
c:\users\57610\documents\research\vaa3d_compile\v3d_external\v3d_main\v3d\release\basic_4dimage_create.obj
c:\users\57610\documents\research\vaa3d_compile\v3d_external\v3d_main\v3d\release\basic_surf_objs.obj
c:\users\57610\documents\research\vaa3d_compile\v3d_external\v3d_main\v3d\release\bdb_minus.obj
c:\users\57610\documents\research\vaa3d_compile\v3d_external\v3d_main\v3d\release\bfs_1root.obj
c:\users\57610\documents\research\vaa3d_compile\v3d_external\v3d_main\v3d\release\cdsc.obj
c:\users\57610\documents\research\vaa3d_compile\v3d_external\v3d_main\v3d\release\cdsconsoledataserviceproxy.obj
c:\users\57610\documents\research\vaa3d_compile\v3d_external\v3d_main\v3d\release\colormap.obj
c:\users\57610\documents\research\vaa3d_compile\v3d_external\v3d_main\v3d\release\compute_funcs.obj
c:\users\57610\documents\research\vaa3d_compile\v3d_external\v3d_main\v3d\release\config.obj
c:\users\57610\documents\research\vaa3d_compile\v3d_external\v3d_main\v3d\release\dcimg.obj
c:\users\57610\documents\research\vaa3d_compile\v3d_external\v3d_main\v3d\release\dialog_keypoint_features.obj
c:\users\57610\documents\research\vaa3d_compile\v3d_external\v3d_main\v3d\release\dialog_rotate.obj
c:\users\57610\documents\research\vaa3d_compile\v3d_external\v3d_main\v3d\release\dij_bgl.obj
c:\users\57610\documents\research\vaa3d_compile\v3d_external\v3d_main\v3d\release\dijk.obj
c:\users\57610\documents\research\vaa3d_compile\v3d_external\v3d_main\v3d\release\envc.obj
c:\users\57610\documents\research\vaa3d_compile\v3d_external\v3d_main\v3d\release\exampleplugin2d.obj
c:\users\57610\documents\research\vaa3d_compile\v3d_external\v3d_main\v3d\release\fileserver.obj
c:\users\57610\documents\research\vaa3d_compile\v3d_external\v3d_main\v3d\release\fit_gmm.obj
c:\users\57610\documents\research\vaa3d_compile\v3d_external\v3d_main\v3d\release\global_feature_compute.obj
c:\users\57610\documents\research\vaa3d_compile\v3d_external\v3d_main\v3d\release\gradients.obj
c:\users\57610\documents\research\vaa3d_compile\v3d_external\v3d_main\v3d\release\histeq.obj
c:\users\57610\documents\research\vaa3d_compile\v3d_external\v3d_main\v3d\release\histogramsimple.obj
c:\users\57610\documents\research\vaa3d_compile\v3d_external\v3d_main\v3d\release\imblock.obj
c:\users\57610\documents\research\vaa3d_compile\v3d_external\v3d_main\v3d\release\import_filelistname.obj
c:\users\57610\documents\research\vaa3d_compile\v3d_external\v3d_main\v3d\release\import_tiffseries.obj
c:\users\57610\documents\research\vaa3d_compile\v3d_external\v3d_main\v3d\release\interpolate.obj
c:\users\57610\documents\research\vaa3d_compile\v3d_external\v3d_main\v3d\release\io_bioformats.obj
c:\users\57610\documents\research\vaa3d_compile\v3d_external\v3d_main\v3d\release\iomanager.config.obj
c:\users\57610\documents\research\vaa3d_compile\v3d_external\v3d_main\v3d\release\landmark_property_dialog.obj
c:\users\57610\documents\research\vaa3d_compile\v3d_external\v3d_main\v3d\release\libcrossmips.obj
c:\users\57610\documents\research\vaa3d_compile\v3d_external\v3d_main\v3d\release\lodepng.obj
c:\users\57610\documents\research\vaa3d_compile\v3d_external\v3d_main\v3d\release\m_cannotations.obj
c:\users\57610\documents\research\vaa3d_compile\v3d_external\v3d_main\v3d\release\m_cconverter.obj
c:\users\57610\documents\research\vaa3d_compile\v3d_external\v3d_main\v3d\release\m_cimageutils.obj
c:\users\57610\documents\research\vaa3d_compile\v3d_external\v3d_main\v3d\release\m_cimport.obj
c:\users\57610\documents\research\vaa3d_compile\v3d_external\v3d_main\v3d\release\m_coperation.obj
c:\users\57610\documents\research\vaa3d_compile\v3d_external\v3d_main\v3d\release\m_cplugin.obj
c:\users\57610\documents\research\vaa3d_compile\v3d_external\v3d_main\v3d\release\m_csettings.obj
c:\users\57610\documents\research\vaa3d_compile\v3d_external\v3d_main\v3d\release\m_cviewer.obj
c:\users\57610\documents\research\vaa3d_compile\v3d_external\v3d_main\v3d\release\m_cvolume.obj
c:\users\57610\documents\research\vaa3d_compile\v3d_external\v3d_main\v3d\release\m_pabout.obj
c:\users\57610\documents\research\vaa3d_compile\v3d_external\v3d_main\v3d\release\m_panotoolbar.obj
c:\users\57610\documents\research\vaa3d_compile\v3d_external\v3d_main\v3d\release\m_pconverter.obj
c:\users\57610\documents\research\vaa3d_compile\v3d_external\v3d_main\v3d\release\m_pdialogimport.obj
c:\users\57610\documents\research\vaa3d_compile\v3d_external\v3d_main\v3d\release\m_pdialogproofreading.obj
c:\users\57610\documents\research\vaa3d_compile\v3d_external\v3d_main\v3d\release\m_plog.obj
c:\users\57610\documents\research\vaa3d_compile\v3d_external\v3d_main\v3d\release\m_pmain.obj
c:\users\57610\documents\research\vaa3d_compile\v3d_external\v3d_main\v3d\release\m_qarrowbutton.obj
c:\users\57610\documents\research\vaa3d_compile\v3d_external\v3d_main\v3d\release\m_qglrefsys.obj
c:\users\57610\documents\research\vaa3d_compile\v3d_external\v3d_main\v3d\release\m_qgradientbar.obj
c:\users\57610\documents\research\vaa3d_compile\v3d_external\v3d_main\v3d\release\m_qhelpbox.obj
c:\users\57610\documents\research\vaa3d_compile\v3d_external\v3d_main\v3d\release\m_qpixmaptooltip.obj
c:\users\57610\documents\research\vaa3d_compile\v3d_external\v3d_main\v3d\release\m_qundomarkercreate.obj
c:\users\57610\documents\research\vaa3d_compile\v3d_external\v3d_main\v3d\release\m_qundomarkerdelete.obj
c:\users\57610\documents\research\vaa3d_compile\v3d_external\v3d_main\v3d\release\m_qundomarkerdeleteroi.obj
c:\users\57610\documents\research\vaa3d_compile\v3d_external\v3d_main\v3d\release\m_v3dsubclasses.obj
c:\users\57610\documents\research\vaa3d_compile\v3d_external\v3d_main\v3d\release\main.obj
c:\users\57610\documents\research\vaa3d_compile\v3d_external\v3d_main\v3d\release\mainwindow.obj
c:\users\57610\documents\research\vaa3d_compile\v3d_external\v3d_main\v3d\release\mainwindow_interface.obj
c:\users\57610\documents\research\vaa3d_compile\v3d_external\v3d_main\v3d\release\mapview.obj
c:\users\57610\documents\research\vaa3d_compile\v3d_external\v3d_main\v3d\release\mg_image_lib.obj
c:\users\57610\documents\research\vaa3d_compile\v3d_external\v3d_main\v3d\release\mg_utilities.obj
c:\users\57610\documents\research\vaa3d_compile\v3d_external\v3d_main\v3d\release\mst_prim_c.obj
c:\users\57610\documents\research\vaa3d_compile\v3d_external\v3d_main\v3d\release\my4dimage.obj
c:\users\57610\documents\research\vaa3d_compile\v3d_external\v3d_main\v3d\release\neuron_format_converter.obj
c:\users\57610\documents\research\vaa3d_compile\v3d_external\v3d_main\v3d\release\neuron_sim_scores.obj
c:\users\57610\documents\research\vaa3d_compile\v3d_external\v3d_main\v3d\release\neuron_xforms.obj
c:\users\57610\documents\research\vaa3d_compile\v3d_external\v3d_main\v3d\release\nstroke.obj
c:\users\57610\documents\research\vaa3d_compile\v3d_external\v3d_main\v3d\release\nstroke_tracing.obj
c:\users\57610\documents\research\vaa3d_compile\v3d_external\v3d_main\v3d\release\obsc.obj
c:\users\57610\documents\research\vaa3d_compile\v3d_external\v3d_main\v3d\release\obsconsoleobserverservice.obj
c:\users\57610\documents\research\vaa3d_compile\v3d_external\v3d_main\v3d\release\plugindialog.obj
c:\users\57610\documents\research\vaa3d_compile\v3d_external\v3d_main\v3d\release\pluginfunchandler.obj
c:\users\57610\documents\research\vaa3d_compile\v3d_external\v3d_main\v3d\release\renderer.obj
c:\users\57610\documents\research\vaa3d_compile\v3d_external\v3d_main\v3d\release\renderer_gl2.obj
c:\users\57610\documents\research\vaa3d_compile\v3d_external\v3d_main\v3d\release\renderer_hit.obj
c:\users\57610\documents\research\vaa3d_compile\v3d_external\v3d_main\v3d\release\renderer_labelfield.obj
c:\users\57610\documents\research\vaa3d_compile\v3d_external\v3d_main\v3d\release\renderer_obj.obj
c:\users\57610\documents\research\vaa3d_compile\v3d_external\v3d_main\v3d\release\renderer_tex.obj
c:\users\57610\documents\research\vaa3d_compile\v3d_external\v3d_main\v3d\release\resumer.obj
c:\users\57610\documents\research\vaa3d_compile\v3d_external\v3d_main\v3d\release\rotate_image.obj
c:\users\57610\documents\research\vaa3d_compile\v3d_external\v3d_main\v3d\release\spline_cubic.obj
c:\users\57610\documents\research\vaa3d_compile\v3d_external\v3d_main\v3d\release\stackutil.obj
c:\users\57610\documents\research\vaa3d_compile\v3d_external\v3d_main\v3d\release\stdsoap2.obj
c:\users\57610\documents\research\vaa3d_compile\v3d_external\v3d_main\v3d\release\surfaceobj_geometry_dialog.obj
c:\users\57610\documents\research\vaa3d_compile\v3d_external\v3d_main\v3d\release\template_matching_seg.obj
c:\users\57610\documents\research\vaa3d_compile\v3d_external\v3d_main\v3d\release\tiff2d.obj
c:\users\57610\documents\research\vaa3d_compile\v3d_external\v3d_main\v3d\release\tiff3d.obj
c:\users\57610\documents\research\vaa3d_compile\v3d_external\v3d_main\v3d\release\tinystr.obj
c:\users\57610\documents\research\vaa3d_compile\v3d_external\v3d_main\v3d\release\tinyxml.obj
c:\users\57610\documents\research\vaa3d_compile\v3d_external\v3d_main\v3d\release\tinyxmlerror.obj
c:\users\57610\documents\research\vaa3d_compile\v3d_external\v3d_main\v3d\release\tinyxmlparser.obj
c:\users\57610\documents\research\vaa3d_compile\v3d_external\v3d_main\v3d\release\url_tools.obj
c:\users\57610\documents\research\vaa3d_compile\v3d_external\v3d_main\v3d\release\v3d_actions.obj
c:\users\57610\documents\research\vaa3d_compile\v3d_external\v3d_main\v3d\release\v3d_application.obj
c:\users\57610\documents\research\vaa3d_compile\v3d_external\v3d_main\v3d\release\v3d_commandlineparser.obj
c:\users\57610\documents\research\vaa3d_compile\v3d_external\v3d_main\v3d\release\v3d_core.obj
c:\users\57610\documents\research\vaa3d_compile\v3d_external\v3d_main\v3d\release\v3d_custom_toolbar.obj
c:\users\57610\documents\research\vaa3d_compile\v3d_external\v3d_main\v3d\release\v3d_imaging.obj
c:\users\57610\documents\research\vaa3d_compile\v3d_external\v3d_main\v3d\release\v3d_message.obj
c:\users\57610\documents\research\vaa3d_compile\v3d_external\v3d_main\v3d\release\v3d_multithreadimageio.obj
c:\users\57610\documents\research\vaa3d_compile\v3d_external\v3d_main\v3d\release\v3d_nrrd.obj
c:\users\57610\documents\research\vaa3d_compile\v3d_external\v3d_main\v3d\release\v3d_plugin_loader.obj
c:\users\57610\documents\research\vaa3d_compile\v3d_external\v3d_main\v3d\release\v3d_version_info.obj
c:\users\57610\documents\research\vaa3d_compile\v3d_external\v3d_main\v3d\release\v3dimg_proc_neuron.obj
c:\users\57610\documents\research\vaa3d_compile\v3d_external\v3d_main\v3d\release\v3dimgproc_entry.obj
c:\users\57610\documents\research\vaa3d_compile\v3d_external\v3d_main\v3d\release\v3dr_colormapdialog.obj
c:\users\57610\documents\research\vaa3d_compile\v3d_external\v3d_main\v3d\release\v3dr_gl_vr.obj
c:\users\57610\documents\research\vaa3d_compile\v3d_external\v3d_main\v3d\release\v3dr_glwidget.obj
c:\users\57610\documents\research\vaa3d_compile\v3d_external\v3d_main\v3d\release\v3dr_mainwindow.obj
c:\users\57610\documents\research\vaa3d_compile\v3d_external\v3d_main\v3d\release\v3dr_surfacedialog.obj
c:\users\57610\documents\research\vaa3d_compile\v3d_external\v3d_main\v3d\release\v_neuronswc.obj
c:\users\57610\documents\research\vaa3d_compile\v3d_external\v3d_main\v3d\release\vaa3d_neurontoolbox.obj
c:\users\57610\documents\research\vaa3d_compile\v3d_external\v3d_main\v3d\release\vano_linker_loader_dialog.obj
c:\users\57610\documents\research\vaa3d_compile\v3d_external\v3d_main\v3d\release\vcdiff.obj
c:\users\57610\documents\research\vaa3d_compile\v3d_external\v3d_main\v3d\release\vcresumer.obj
c:\users\57610\documents\research\vaa3d_compile\v3d_external\v3d_main\v3d\release\vmblock.obj
c:\users\57610\documents\research\vaa3d_compile\v3d_external\v3d_main\v3d\release\vmblockvolume.obj
c:\users\57610\documents\research\vaa3d_compile\v3d_external\v3d_main\v3d\release\vmcachemanager.obj
c:\users\57610\documents\research\vaa3d_compile\v3d_external\v3d_main\v3d\release\vmmcvolume.obj
c:\users\57610\documents\research\vaa3d_compile\v3d_external\v3d_main\v3d\release\vmstack.obj
c:\users\57610\documents\research\vaa3d_compile\v3d_external\v3d_main\v3d\release\vmstackedvolume.obj
c:\users\57610\documents\research\vaa3d_compile\v3d_external\v3d_main\v3d\release\vmvirtualstack.obj
c:\users\57610\documents\research\vaa3d_compile\v3d_external\v3d_main\v3d\release\vmvirtualvolume.obj
c:\users\57610\documents\research\vaa3d_compile\v3d_external\v3d_main\v3d\release\volumemanager.config.obj
c:\users\57610\documents\research\vaa3d_compile\v3d_external\v3d_main\v3d\release\vr_vaa3d_call.obj
c:\users\57610\documents\research\vaa3d_compile\v3d_external\v3d_main\v3d\release\moc_anglewidget.obj
c:\users\57610\documents\research\vaa3d_compile\v3d_external\v3d_main\v3d\release\moc_annotatedbranchtreemodel.obj
c:\users\57610\documents\research\vaa3d_compile\v3d_external\v3d_main\v3d\release\moc_annotatedbranchtreeview.obj
c:\users\57610\documents\research\vaa3d_compile\v3d_external\v3d_main\v3d\release\moc_annotationwidget.obj
c:\users\57610\documents\research\vaa3d_compile\v3d_external\v3d_main\v3d\release\moc_cconverter.obj
c:\users\57610\documents\research\vaa3d_compile\v3d_external\v3d_main\v3d\release\moc_cimport.obj
c:\users\57610\documents\research\vaa3d_compile\v3d_external\v3d_main\v3d\release\moc_cplugin.obj
c:\users\57610\documents\research\vaa3d_compile\v3d_external\v3d_main\v3d\release\moc_cviewer.obj
c:\users\57610\documents\research\vaa3d_compile\v3d_external\v3d_main\v3d\release\moc_cvolume.obj
c:\users\57610\documents\research\vaa3d_compile\v3d_external\v3d_main\v3d\release\moc_cameramodel.obj
c:\users\57610\documents\research\vaa3d_compile\v3d_external\v3d_main\v3d\release\moc_channeltable.obj
c:\users\57610\documents\research\vaa3d_compile\v3d_external\v3d_main\v3d\release\moc_colorrangesliderwidget.obj
c:\users\57610\documents\research\vaa3d_compile\v3d_external\v3d_main\v3d\release\moc_compartmentmapcombobox.obj
c:\users\57610\documents\research\vaa3d_compile\v3d_external\v3d_main\v3d\release\moc_compartmentmapwidget.obj
c:\users\57610\documents\research\vaa3d_compile\v3d_external\v3d_main\v3d\release\moc_consoleobserver.obj
c:\users\57610\documents\research\vaa3d_compile\v3d_external\v3d_main\v3d\release\moc_consoleobserverserviceimpl.obj
c:\users\57610\documents\research\vaa3d_compile\v3d_external\v3d_main\v3d\release\moc_cutplanner.obj
c:\users\57610\documents\research\vaa3d_compile\v3d_external\v3d_main\v3d\release\moc_datacolormodel.obj
c:\users\57610\documents\research\vaa3d_compile\v3d_external\v3d_main\v3d\release\moc_dataflowmodel.obj
c:\users\57610\documents\research\vaa3d_compile\v3d_external\v3d_main\v3d\release\moc_datathread.obj
c:\users\57610\documents\research\vaa3d_compile\v3d_external\v3d_main\v3d\release\moc_downloadmanager.obj
c:\users\57610\documents\research\vaa3d_compile\v3d_external\v3d_main\v3d\release\moc_dynamicrangetool.obj
c:\users\57610\documents\research\vaa3d_compile\v3d_external\v3d_main\v3d\release\moc_entitytreemodel.obj
c:\users\57610\documents\research\vaa3d_compile\v3d_external\v3d_main\v3d\release\moc_entitytreeview.obj
c:\users\57610\documents\research\vaa3d_compile\v3d_external\v3d_main\v3d\release\moc_exportfile.obj
c:\users\57610\documents\research\vaa3d_compile\v3d_external\v3d_main\v3d\release\moc_fast3dtexture.obj
c:\users\57610\documents\research\vaa3d_compile\v3d_external\v3d_main\v3d\release\moc_foodebug.obj
c:\users\57610\documents\research\vaa3d_compile\v3d_external\v3d_main\v3d\release\moc_fragmentgallerywidget.obj
c:\users\57610\documents\research\vaa3d_compile\v3d_external\v3d_main\v3d\release\moc_gallerybutton.obj
c:\users\57610\documents\research\vaa3d_compile\v3d_external\v3d_main\v3d\release\moc_gallerymipimages.obj
c:\users\57610\documents\research\vaa3d_compile\v3d_external\v3d_main\v3d\release\moc_gammawidget.obj
c:\users\57610\documents\research\vaa3d_compile\v3d_external\v3d_main\v3d\release\moc_imageloader.obj
c:\users\57610\documents\research\vaa3d_compile\v3d_external\v3d_main\v3d\release\moc_itemeditor.obj
c:\users\57610\documents\research\vaa3d_compile\v3d_external\v3d_main\v3d\release\moc_mipfragmentcolors.obj
c:\users\57610\documents\research\vaa3d_compile\v3d_external\v3d_main\v3d\release\moc_mipfragmentdata.obj
c:\users\57610\documents\research\vaa3d_compile\v3d_external\v3d_main\v3d\release\moc_mipmergeddata.obj
c:\users\57610\documents\research\vaa3d_compile\v3d_external\v3d_main\v3d\release\moc_mouseclickmanager.obj
c:\users\57610\documents\research\vaa3d_compile\v3d_external\v3d_main\v3d\release\moc_mozak3dview.obj
c:\users\57610\documents\research\vaa3d_compile\v3d_external\v3d_main\v3d\release\moc_na2dviewer.obj
c:\users\57610\documents\research\vaa3d_compile\v3d_external\v3d_main\v3d\release\moc_na3dwidget.obj
c:\users\57610\documents\research\vaa3d_compile\v3d_external\v3d_main\v3d\release\moc_nalargemipwidget.obj
c:\users\57610\documents\research\vaa3d_compile\v3d_external\v3d_main\v3d\release\moc_nalockabledata.obj
c:\users\57610\documents\research\vaa3d_compile\v3d_external\v3d_main\v3d\release\moc_namainwindow.obj
c:\users\57610\documents\research\vaa3d_compile\v3d_external\v3d_main\v3d\release\moc_nashareddatasignaller.obj
c:\users\57610\documents\research\vaa3d_compile\v3d_external\v3d_main\v3d\release\moc_navolumedata.obj
c:\users\57610\documents\research\vaa3d_compile\v3d_external\v3d_main\v3d\release\moc_nazstackwidget.obj
c:\users\57610\documents\research\vaa3d_compile\v3d_external\v3d_main\v3d\release\moc_neuroncontextmenu.obj
c:\users\57610\documents\research\vaa3d_compile\v3d_external\v3d_main\v3d\release\moc_neuronfragmentdata.obj
c:\users\57610\documents\research\vaa3d_compile\v3d_external\v3d_main\v3d\release\moc_neuronqaction.obj
c:\users\57610\documents\research\vaa3d_compile\v3d_external\v3d_main\v3d\release\moc_neuronselectionmodel.obj
c:\users\57610\documents\research\vaa3d_compile\v3d_external\v3d_main\v3d\release\moc_neuronselector.obj
c:\users\57610\documents\research\vaa3d_compile\v3d_external\v3d_main\v3d\release\moc_ontologytreemodel.obj
c:\users\57610\documents\research\vaa3d_compile\v3d_external\v3d_main\v3d\release\moc_ontologytreeview.obj
c:\users\57610\documents\research\vaa3d_compile\v3d_external\v3d_main\v3d\release\moc_pabout.obj
c:\users\57610\documents\research\vaa3d_compile\v3d_external\v3d_main\v3d\release\moc_panotoolbar.obj
c:\users\57610\documents\research\vaa3d_compile\v3d_external\v3d_main\v3d\release\moc_pconverter.obj
c:\users\57610\documents\research\vaa3d_compile\v3d_external\v3d_main\v3d\release\moc_pdialogimport.obj
c:\users\57610\documents\research\vaa3d_compile\v3d_external\v3d_main\v3d\release\moc_pdialogproofreading.obj
c:\users\57610\documents\research\vaa3d_compile\v3d_external\v3d_main\v3d\release\moc_pdialogvirtualpyramid.obj
c:\users\57610\documents\research\vaa3d_compile\v3d_external\v3d_main\v3d\release\moc_plog.obj
c:\users\57610\documents\research\vaa3d_compile\v3d_external\v3d_main\v3d\release\moc_pmain.obj
c:\users\57610\documents\research\vaa3d_compile\v3d_external\v3d_main\v3d\release\moc_ptabvolumeinfo.obj
c:\users\57610\documents\research\vaa3d_compile\v3d_external\v3d_main\v3d\release\moc_preferencesdialog.obj
c:\users\57610\documents\research\vaa3d_compile\v3d_external\v3d_main\v3d\release\moc_qarrowbutton.obj
c:\users\57610\documents\research\vaa3d_compile\v3d_external\v3d_main\v3d\release\moc_qglrefsys.obj
c:\users\57610\documents\research\vaa3d_compile\v3d_external\v3d_main\v3d\release\moc_qgradientbar.obj
c:\users\57610\documents\research\vaa3d_compile\v3d_external\v3d_main\v3d\release\moc_qhelpbox.obj
c:\users\57610\documents\research\vaa3d_compile\v3d_external\v3d_main\v3d\release\moc_qpixmaptooltip.obj
c:\users\57610\documents\research\vaa3d_compile\v3d_external\v3d_main\v3d\release\moc_qprefixsuffixlineedit.obj
c:\users\57610\documents\research\vaa3d_compile\v3d_external\v3d_main\v3d\release\moc_qprogresssender.obj
c:\users\57610\documents\research\vaa3d_compile\v3d_external\v3d_main\v3d\release\moc_rendererneuronannotator.obj
c:\users\57610\documents\research\vaa3d_compile\v3d_external\v3d_main\v3d\release\moc_singlecut.obj
c:\users\57610\documents\research\vaa3d_compile\v3d_external\v3d_main\v3d\release\moc_stagedfileloader.obj
c:\users\57610\documents\research\vaa3d_compile\v3d_external\v3d_main\v3d\release\moc_v3dsubclasses.obj
c:\users\57610\documents\research\vaa3d_compile\v3d_external\v3d_main\v3d\release\moc_v3dr_communicator.obj
c:\users\57610\documents\research\vaa3d_compile\v3d_external\v3d_main\v3d\release\moc_vr_mainwindow.obj
c:\users\57610\documents\research\vaa3d_compile\v3d_external\v3d_main\v3d\release\moc_volumetexture.obj
c:\users\57610\documents\research\vaa3d_compile\v3d_external\v3d_main\v3d\release\moc_zslicecolors.obj
c:\users\57610\documents\research\vaa3d_compile\v3d_external\v3d_main\v3d\release\moc_zoomspinbox.obj
c:\users\57610\documents\research\vaa3d_compile\v3d_external\v3d_main\v3d\release\moc_zoomwidget.obj
c:\users\57610\documents\research\vaa3d_compile\v3d_external\v3d_main\v3d\release\moc_atlas_viewer.obj
c:\users\57610\documents\research\vaa3d_compile\v3d_external\v3d_main\v3d\release\moc_basic_thread.obj
c:\users\57610\documents\research\vaa3d_compile\v3d_external\v3d_main\v3d\release\moc_dialog_curve_trace_para.obj
c:\users\57610\documents\research\vaa3d_compile\v3d_external\v3d_main\v3d\release\moc_dialog_imagecrop_bbox.obj
c:\users\57610\documents\research\vaa3d_compile\v3d_external\v3d_main\v3d\release\moc_dialog_imageresample.obj
c:\users\57610\documents\research\vaa3d_compile\v3d_external\v3d_main\v3d\release\moc_dialog_keypoint_features.obj
c:\users\57610\documents\research\vaa3d_compile\v3d_external\v3d_main\v3d\release\moc_dialog_maskroi.obj
c:\users\57610\documents\research\vaa3d_compile\v3d_external\v3d_main\v3d\release\moc_dialog_rotate.obj
c:\users\57610\documents\research\vaa3d_compile\v3d_external\v3d_main\v3d\release\moc_fileserver.obj
c:\users\57610\documents\research\vaa3d_compile\v3d_external\v3d_main\v3d\release\moc_gradients.obj
c:\users\57610\documents\research\vaa3d_compile\v3d_external\v3d_main\v3d\release\moc_import_filelist_dialog.obj
c:\users\57610\documents\research\vaa3d_compile\v3d_external\v3d_main\v3d\release\moc_import_images_tool_dialog.obj
c:\users\57610\documents\research\vaa3d_compile\v3d_external\v3d_main\v3d\release\moc_landmark_property_dialog.obj
c:\users\57610\documents\research\vaa3d_compile\v3d_external\v3d_main\v3d\release\moc_m_cconverter.obj
c:\users\57610\documents\research\vaa3d_compile\v3d_external\v3d_main\v3d\release\moc_m_cimport.obj
c:\users\57610\documents\research\vaa3d_compile\v3d_external\v3d_main\v3d\release\moc_m_cplugin.obj
c:\users\57610\documents\research\vaa3d_compile\v3d_external\v3d_main\v3d\release\moc_m_cviewer.obj
c:\users\57610\documents\research\vaa3d_compile\v3d_external\v3d_main\v3d\release\moc_m_cvolume.obj
c:\users\57610\documents\research\vaa3d_compile\v3d_external\v3d_main\v3d\release\moc_m_pabout.obj
c:\users\57610\documents\research\vaa3d_compile\v3d_external\v3d_main\v3d\release\moc_m_panotoolbar.obj
c:\users\57610\documents\research\vaa3d_compile\v3d_external\v3d_main\v3d\release\moc_m_pconverter.obj
c:\users\57610\documents\research\vaa3d_compile\v3d_external\v3d_main\v3d\release\moc_m_pdialogimport.obj
c:\users\57610\documents\research\vaa3d_compile\v3d_external\v3d_main\v3d\release\moc_m_pdialogproofreading.obj
c:\users\57610\documents\research\vaa3d_compile\v3d_external\v3d_main\v3d\release\moc_m_plog.obj
c:\users\57610\documents\research\vaa3d_compile\v3d_external\v3d_main\v3d\release\moc_m_pmain.obj
c:\users\57610\documents\research\vaa3d_compile\v3d_external\v3d_main\v3d\release\moc_m_qarrowbutton.obj
c:\users\57610\documents\research\vaa3d_compile\v3d_external\v3d_main\v3d\release\moc_m_qglrefsys.obj
c:\users\57610\documents\research\vaa3d_compile\v3d_external\v3d_main\v3d\release\moc_m_qgradientbar.obj
c:\users\57610\documents\research\vaa3d_compile\v3d_external\v3d_main\v3d\release\moc_m_qhelpbox.obj
c:\users\57610\documents\research\vaa3d_compile\v3d_external\v3d_main\v3d\release\moc_m_qpixmaptooltip.obj
c:\users\57610\documents\research\vaa3d_compile\v3d_external\v3d_main\v3d\release\moc_m_v3dsubclasses.obj
c:\users\57610\documents\research\vaa3d_compile\v3d_external\v3d_main\v3d\release\moc_mainwindow.obj
c:\users\57610\documents\research\vaa3d_compile\v3d_external\v3d_main\v3d\release\moc_plugindialog.obj
c:\users\57610\documents\research\vaa3d_compile\v3d_external\v3d_main\v3d\release\moc_surfaceobj_annotation_dialog.obj
c:\users\57610\documents\research\vaa3d_compile\v3d_external\v3d_main\v3d\release\moc_surfaceobj_geometry_dialog.obj
c:\users\57610\documents\research\vaa3d_compile\v3d_external\v3d_main\v3d\release\moc_template_matching_cellseg_dialog.obj
c:\users\57610\documents\research\vaa3d_compile\v3d_external\v3d_main\v3d\release\moc_v3d_actions.obj
c:\users\57610\documents\research\vaa3d_compile\v3d_external\v3d_main\v3d\release\moc_v3d_application.obj
c:\users\57610\documents\research\vaa3d_compile\v3d_external\v3d_main\v3d\release\moc_v3d_core.obj
c:\users\57610\documents\research\vaa3d_compile\v3d_external\v3d_main\v3d\release\moc_v3d_custom_toolbar.obj
c:\users\57610\documents\research\vaa3d_compile\v3d_external\v3d_main\v3d\release\moc_v3d_global_preference_dialog.obj
c:\users\57610\documents\research\vaa3d_compile\v3d_external\v3d_main\v3d\release\moc_v3d_plugin_loader.obj
c:\users\57610\documents\research\vaa3d_compile\v3d_external\v3d_main\v3d\release\moc_v3d_version_info.obj
c:\users\57610\documents\research\vaa3d_compile\v3d_external\v3d_main\v3d\release\moc_v3dr_colormapdialog.obj
c:\users\57610\documents\research\vaa3d_compile\v3d_external\v3d_main\v3d\release\moc_v3dr_glwidget.obj
c:\users\57610\documents\research\vaa3d_compile\v3d_external\v3d_main\v3d\release\moc_v3dr_mainwindow.obj
c:\users\57610\documents\research\vaa3d_compile\v3d_external\v3d_main\v3d\release\moc_v3dr_surfacedialog.obj
c:\users\57610\documents\research\vaa3d_compile\v3d_external\v3d_main\v3d\release\moc_vano_linker_loader_dialog.obj
c:\users\57610\documents\research\vaa3d_compile\v3d_external\v3d_main\v3d\release\moc_xformwidget.obj
c:\users\57610\documents\research\vaa3d_compile\v3d_external\v3d_main\v3d\release\qrc_3drenderer.obj
c:\users\57610\documents\research\vaa3d_compile\v3d_external\v3d_main\v3d\release\qrc_icons.obj
c:\users\57610\documents\research\vaa3d_compile\v3d_external\v3d_main\v3d\release\qrc_mozak.obj
c:\users\57610\documents\research\vaa3d_compile\v3d_external\v3d_main\v3d\release\qrc_resources.obj
c:\users\57610\documents\research\vaa3d_compile\v3d_external\v3d_main\v3d\release\qrc_v3d.obj
c:\users\57610\documents\research\vaa3d_compile\v3d_external\v3d_main\v3d\release\moc_anglewidget.cpp
c:\users\57610\documents\research\vaa3d_compile\v3d_external\v3d_main\v3d\release\moc_annotatedbranchtreemodel.cpp
c:\users\57610\documents\research\vaa3d_compile\v3d_external\v3d_main\v3d\release\moc_annotatedbranchtreeview.cpp
c:\users\57610\documents\research\vaa3d_compile\v3d_external\v3d_main\v3d\release\moc_annotationwidget.cpp
c:\users\57610\documents\research\vaa3d_compile\v3d_external\v3d_main\v3d\release\moc_cconverter.cpp
c:\users\57610\documents\research\vaa3d_compile\v3d_external\v3d_main\v3d\release\moc_cimport.cpp
c:\users\57610\documents\research\vaa3d_compile\v3d_external\v3d_main\v3d\release\moc_cplugin.cpp
c:\users\57610\documents\research\vaa3d_compile\v3d_external\v3d_main\v3d\release\moc_cviewer.cpp
c:\users\57610\documents\research\vaa3d_compile\v3d_external\v3d_main\v3d\release\moc_cvolume.cpp
c:\users\57610\documents\research\vaa3d_compile\v3d_external\v3d_main\v3d\release\moc_cameramodel.cpp
c:\users\57610\documents\research\vaa3d_compile\v3d_external\v3d_main\v3d\release\moc_channeltable.cpp
c:\users\57610\documents\research\vaa3d_compile\v3d_external\v3d_main\v3d\release\moc_colorrangesliderwidget.cpp
c:\users\57610\documents\research\vaa3d_compile\v3d_external\v3d_main\v3d\release\moc_compartmentmapcombobox.cpp
c:\users\57610\documents\research\vaa3d_compile\v3d_external\v3d_main\v3d\release\moc_compartmentmapwidget.cpp
c:\users\57610\documents\research\vaa3d_compile\v3d_external\v3d_main\v3d\release\moc_consoleobserver.cpp
c:\users\57610\documents\research\vaa3d_compile\v3d_external\v3d_main\v3d\release\moc_consoleobserverserviceimpl.cpp
c:\users\57610\documents\research\vaa3d_compile\v3d_external\v3d_main\v3d\release\moc_cutplanner.cpp
c:\users\57610\documents\research\vaa3d_compile\v3d_external\v3d_main\v3d\release\moc_datacolormodel.cpp
c:\users\57610\documents\research\vaa3d_compile\v3d_external\v3d_main\v3d\release\moc_dataflowmodel.cpp
c:\users\57610\documents\research\vaa3d_compile\v3d_external\v3d_main\v3d\release\moc_datathread.cpp
c:\users\57610\documents\research\vaa3d_compile\v3d_external\v3d_main\v3d\release\moc_downloadmanager.cpp
c:\users\57610\documents\research\vaa3d_compile\v3d_external\v3d_main\v3d\release\moc_dynamicrangetool.cpp
c:\users\57610\documents\research\vaa3d_compile\v3d_external\v3d_main\v3d\release\moc_entitytreemodel.cpp
c:\users\57610\documents\research\vaa3d_compile\v3d_external\v3d_main\v3d\release\moc_entitytreeview.cpp
c:\users\57610\documents\research\vaa3d_compile\v3d_external\v3d_main\v3d\release\moc_exportfile.cpp
c:\users\57610\documents\research\vaa3d_compile\v3d_external\v3d_main\v3d\release\moc_fast3dtexture.cpp
c:\users\57610\documents\research\vaa3d_compile\v3d_external\v3d_main\v3d\release\moc_foodebug.cpp
c:\users\57610\documents\research\vaa3d_compile\v3d_external\v3d_main\v3d\release\moc_fragmentgallerywidget.cpp
c:\users\57610\documents\research\vaa3d_compile\v3d_external\v3d_main\v3d\release\moc_gallerybutton.cpp
c:\users\57610\documents\research\vaa3d_compile\v3d_external\v3d_main\v3d\release\moc_gallerymipimages.cpp
c:\users\57610\documents\research\vaa3d_compile\v3d_external\v3d_main\v3d\release\moc_gammawidget.cpp
c:\users\57610\documents\research\vaa3d_compile\v3d_external\v3d_main\v3d\release\moc_imageloader.cpp
c:\users\57610\documents\research\vaa3d_compile\v3d_external\v3d_main\v3d\release\moc_itemeditor.cpp
c:\users\57610\documents\research\vaa3d_compile\v3d_external\v3d_main\v3d\release\moc_mipfragmentcolors.cpp
c:\users\57610\documents\research\vaa3d_compile\v3d_external\v3d_main\v3d\release\moc_mipfragmentdata.cpp
c:\users\57610\documents\research\vaa3d_compile\v3d_external\v3d_main\v3d\release\moc_mipmergeddata.cpp
c:\users\57610\documents\research\vaa3d_compile\v3d_external\v3d_main\v3d\release\moc_mouseclickmanager.cpp
c:\users\57610\documents\research\vaa3d_compile\v3d_external\v3d_main\v3d\release\moc_mozak3dview.cpp
c:\users\57610\documents\research\vaa3d_compile\v3d_external\v3d_main\v3d\release\moc_na2dviewer.cpp
c:\users\57610\documents\research\vaa3d_compile\v3d_external\v3d_main\v3d\release\moc_na3dwidget.cpp
c:\users\57610\documents\research\vaa3d_compile\v3d_external\v3d_main\v3d\release\moc_nalargemipwidget.cpp
c:\users\57610\documents\research\vaa3d_compile\v3d_external\v3d_main\v3d\release\moc_nalockabledata.cpp
c:\users\57610\documents\research\vaa3d_compile\v3d_external\v3d_main\v3d\release\moc_namainwindow.cpp
c:\users\57610\documents\research\vaa3d_compile\v3d_external\v3d_main\v3d\release\moc_nashareddatasignaller.cpp
c:\users\57610\documents\research\vaa3d_compile\v3d_external\v3d_main\v3d\release\moc_navolumedata.cpp
c:\users\57610\documents\research\vaa3d_compile\v3d_external\v3d_main\v3d\release\moc_nazstackwidget.cpp
c:\users\57610\documents\research\vaa3d_compile\v3d_external\v3d_main\v3d\release\moc_neuroncontextmenu.cpp
c:\users\57610\documents\research\vaa3d_compile\v3d_external\v3d_main\v3d\release\moc_neuronfragmentdata.cpp
c:\users\57610\documents\research\vaa3d_compile\v3d_external\v3d_main\v3d\release\moc_neuronqaction.cpp
c:\users\57610\documents\research\vaa3d_compile\v3d_external\v3d_main\v3d\release\moc_neuronselectionmodel.cpp
c:\users\57610\documents\research\vaa3d_compile\v3d_external\v3d_main\v3d\release\moc_neuronselector.cpp
c:\users\57610\documents\research\vaa3d_compile\v3d_external\v3d_main\v3d\release\moc_ontologytreemodel.cpp
c:\users\57610\documents\research\vaa3d_compile\v3d_external\v3d_main\v3d\release\moc_ontologytreeview.cpp
c:\users\57610\documents\research\vaa3d_compile\v3d_external\v3d_main\v3d\release\moc_pabout.cpp
c:\users\57610\documents\research\vaa3d_compile\v3d_external\v3d_main\v3d\release\moc_panotoolbar.cpp
c:\users\57610\documents\research\vaa3d_compile\v3d_external\v3d_main\v3d\release\moc_pconverter.cpp
c:\users\57610\documents\research\vaa3d_compile\v3d_external\v3d_main\v3d\release\moc_pdialogimport.cpp
c:\users\57610\documents\research\vaa3d_compile\v3d_external\v3d_main\v3d\release\moc_pdialogproofreading.cpp
c:\users\57610\documents\research\vaa3d_compile\v3d_external\v3d_main\v3d\release\moc_pdialogvirtualpyramid.cpp
c:\users\57610\documents\research\vaa3d_compile\v3d_external\v3d_main\v3d\release\moc_plog.cpp
c:\users\57610\documents\research\vaa3d_compile\v3d_external\v3d_main\v3d\release\moc_pmain.cpp
c:\users\57610\documents\research\vaa3d_compile\v3d_external\v3d_main\v3d\release\moc_ptabvolumeinfo.cpp
c:\users\57610\documents\research\vaa3d_compile\v3d_external\v3d_main\v3d\release\moc_preferencesdialog.cpp
c:\users\57610\documents\research\vaa3d_compile\v3d_external\v3d_main\v3d\release\moc_qarrowbutton.cpp
c:\users\57610\documents\research\vaa3d_compile\v3d_external\v3d_main\v3d\release\moc_qglrefsys.cpp
c:\users\57610\documents\research\vaa3d_compile\v3d_external\v3d_main\v3d\release\moc_qgradientbar.cpp
c:\users\57610\documents\research\vaa3d_compile\v3d_external\v3d_main\v3d\release\moc_qhelpbox.cpp
c:\users\57610\documents\research\vaa3d_compile\v3d_external\v3d_main\v3d\release\moc_qpixmaptooltip.cpp
c:\users\57610\documents\research\vaa3d_compile\v3d_external\v3d_main\v3d\release\moc_qprefixsuffixlineedit.cpp
c:\users\57610\documents\research\vaa3d_compile\v3d_external\v3d_main\v3d\release\moc_qprogresssender.cpp
c:\users\57610\documents\research\vaa3d_compile\v3d_external\v3d_main\v3d\release\moc_rendererneuronannotator.cpp
c:\users\57610\documents\research\vaa3d_compile\v3d_external\v3d_main\v3d\release\moc_singlecut.cpp
c:\users\57610\documents\research\vaa3d_compile\v3d_external\v3d_main\v3d\release\moc_stagedfileloader.cpp
c:\users\57610\documents\research\vaa3d_compile\v3d_external\v3d_main\v3d\release\moc_v3dsubclasses.cpp
c:\users\57610\documents\research\vaa3d_compile\v3d_external\v3d_main\v3d\release\moc_v3dr_communicator.cpp
c:\users\57610\documents\research\vaa3d_compile\v3d_external\v3d_main\v3d\release\moc_vr_mainwindow.cpp
c:\users\57610\documents\research\vaa3d_compile\v3d_external\v3d_main\v3d\release\moc_volumetexture.cpp
c:\users\57610\documents\research\vaa3d_compile\v3d_external\v3d_main\v3d\release\moc_zslicecolors.cpp
c:\users\57610\documents\research\vaa3d_compile\v3d_external\v3d_main\v3d\release\moc_zoomspinbox.cpp
c:\users\57610\documents\research\vaa3d_compile\v3d_external\v3d_main\v3d\release\moc_zoomwidget.cpp
c:\users\57610\documents\research\vaa3d_compile\v3d_external\v3d_main\v3d\release\moc_atlas_viewer.cpp
c:\users\57610\documents\research\vaa3d_compile\v3d_external\v3d_main\v3d\release\moc_basic_thread.cpp
c:\users\57610\documents\research\vaa3d_compile\v3d_external\v3d_main\v3d\release\moc_dialog_curve_trace_para.cpp
c:\users\57610\documents\research\vaa3d_compile\v3d_external\v3d_main\v3d\release\moc_dialog_imagecrop_bbox.cpp
c:\users\57610\documents\research\vaa3d_compile\v3d_external\v3d_main\v3d\release\moc_dialog_imageresample.cpp
c:\users\57610\documents\research\vaa3d_compile\v3d_external\v3d_main\v3d\release\moc_dialog_keypoint_features.cpp
c:\users\57610\documents\research\vaa3d_compile\v3d_external\v3d_main\v3d\release\moc_dialog_maskroi.cpp
c:\users\57610\documents\research\vaa3d_compile\v3d_external\v3d_main\v3d\release\moc_dialog_rotate.cpp
c:\users\57610\documents\research\vaa3d_compile\v3d_external\v3d_main\v3d\release\moc_fileserver.cpp
c:\users\57610\documents\research\vaa3d_compile\v3d_external\v3d_main\v3d\release\moc_gradients.cpp
c:\users\57610\documents\research\vaa3d_compile\v3d_external\v3d_main\v3d\release\moc_import_filelist_dialog.cpp
c:\users\57610\documents\research\vaa3d_compile\v3d_external\v3d_main\v3d\release\moc_import_images_tool_dialog.cpp
c:\users\57610\documents\research\vaa3d_compile\v3d_external\v3d_main\v3d\release\moc_landmark_property_dialog.cpp
c:\users\57610\documents\research\vaa3d_compile\v3d_external\v3d_main\v3d\release\moc_m_cconverter.cpp
c:\users\57610\documents\research\vaa3d_compile\v3d_external\v3d_main\v3d\release\moc_m_cimport.cpp
c:\users\57610\documents\research\vaa3d_compile\v3d_external\v3d_main\v3d\release\moc_m_cplugin.cpp
c:\users\57610\documents\research\vaa3d_compile\v3d_external\v3d_main\v3d\release\moc_m_cviewer.cpp
c:\users\57610\documents\research\vaa3d_compile\v3d_external\v3d_main\v3d\release\moc_m_cvolume.cpp
c:\users\57610\documents\research\vaa3d_compile\v3d_external\v3d_main\v3d\release\moc_m_pabout.cpp
c:\users\57610\documents\research\vaa3d_compile\v3d_external\v3d_main\v3d\release\moc_m_panotoolbar.cpp
c:\users\57610\documents\research\vaa3d_compile\v3d_external\v3d_main\v3d\release\moc_m_pconverter.cpp
c:\users\57610\documents\research\vaa3d_compile\v3d_external\v3d_main\v3d\release\moc_m_pdialogimport.cpp
c:\users\57610\documents\research\vaa3d_compile\v3d_external\v3d_main\v3d\release\moc_m_pdialogproofreading.cpp
c:\users\57610\documents\research\vaa3d_compile\v3d_external\v3d_main\v3d\release\moc_m_plog.cpp
c:\users\57610\documents\research\vaa3d_compile\v3d_external\v3d_main\v3d\release\moc_m_pmain.cpp
c:\users\57610\documents\research\vaa3d_compile\v3d_external\v3d_main\v3d\release\moc_m_qarrowbutton.cpp
c:\users\57610\documents\research\vaa3d_compile\v3d_external\v3d_main\v3d\release\moc_m_qglrefsys.cpp
c:\users\57610\documents\research\vaa3d_compile\v3d_external\v3d_main\v3d\release\moc_m_qgradientbar.cpp
c:\users\57610\documents\research\vaa3d_compile\v3d_external\v3d_main\v3d\release\moc_m_qhelpbox.cpp
c:\users\57610\documents\research\vaa3d_compile\v3d_external\v3d_main\v3d\release\moc_m_qpixmaptooltip.cpp
c:\users\57610\documents\research\vaa3d_compile\v3d_external\v3d_main\v3d\release\moc_m_v3dsubclasses.cpp
c:\users\57610\documents\research\vaa3d_compile\v3d_external\v3d_main\v3d\release\moc_mainwindow.cpp
c:\users\57610\documents\research\vaa3d_compile\v3d_external\v3d_main\v3d\release\moc_plugindialog.cpp
c:\users\57610\documents\research\vaa3d_compile\v3d_external\v3d_main\v3d\release\moc_surfaceobj_annotation_dialog.cpp
c:\users\57610\documents\research\vaa3d_compile\v3d_external\v3d_main\v3d\release\moc_surfaceobj_geometry_dialog.cpp
c:\users\57610\documents\research\vaa3d_compile\v3d_external\v3d_main\v3d\release\moc_template_matching_cellseg_dialog.cpp
c:\users\57610\documents\research\vaa3d_compile\v3d_external\v3d_main\v3d\release\moc_v3d_actions.cpp
c:\users\57610\documents\research\vaa3d_compile\v3d_external\v3d_main\v3d\release\moc_v3d_application.cpp
c:\users\57610\documents\research\vaa3d_compile\v3d_external\v3d_main\v3d\release\moc_v3d_core.cpp
c:\users\57610\documents\research\vaa3d_compile\v3d_external\v3d_main\v3d\release\moc_v3d_custom_toolbar.cpp
c:\users\57610\documents\research\vaa3d_compile\v3d_external\v3d_main\v3d\release\moc_v3d_global_preference_dialog.cpp
c:\users\57610\documents\research\vaa3d_compile\v3d_external\v3d_main\v3d\release\moc_v3d_plugin_loader.cpp
c:\users\57610\documents\research\vaa3d_compile\v3d_external\v3d_main\v3d\release\moc_v3d_version_info.cpp
c:\users\57610\documents\research\vaa3d_compile\v3d_external\v3d_main\v3d\release\moc_v3dr_colormapdialog.cpp
c:\users\57610\documents\research\vaa3d_compile\v3d_external\v3d_main\v3d\release\moc_v3dr_glwidget.cpp
c:\users\57610\documents\research\vaa3d_compile\v3d_external\v3d_main\v3d\release\moc_v3dr_mainwindow.cpp
c:\users\57610\documents\research\vaa3d_compile\v3d_external\v3d_main\v3d\release\moc_v3dr_surfacedialog.cpp
c:\users\57610\documents\research\vaa3d_compile\v3d_external\v3d_main\v3d\release\moc_vano_linker_loader_dialog.cpp
c:\users\57610\documents\research\vaa3d_compile\v3d_external\v3d_main\v3d\release\moc_xformwidget.cpp
c:\users\57610\documents\research\vaa3d_compile\v3d_external\v3d_main\v3d\ui_anglewidget.h
c:\users\57610\documents\research\vaa3d_compile\v3d_external\v3d_main\v3d\ui_annotationwidget.h
c:\users\57610\documents\research\vaa3d_compile\v3d_external\v3d_main\v3d\ui_dynamicrangetool.h
c:\users\57610\documents\research\vaa3d_compile\v3d_external\v3d_main\v3d\ui_gammawidget.h
c:\users\57610\documents\research\vaa3d_compile\v3d_external\v3d_main\v3d\ui_namainwindow.h
c:\users\57610\documents\research\vaa3d_compile\v3d_external\v3d_main\v3d\ui_preferencesna.h
c:\users\57610\documents\research\vaa3d_compile\v3d_external\v3d_main\v3d\ui_zoomwidget.h
c:\users\57610\documents\research\vaa3d_compile\v3d_external\v3d_main\v3d\ui_dialog_curve_trace.h
c:\users\57610\documents\research\vaa3d_compile\v3d_external\v3d_main\v3d\ui_dialog_imagecrop_bbox.h
c:\users\57610\documents\research\vaa3d_compile\v3d_external\v3d_main\v3d\ui_dialog_imageresample.h
c:\users\57610\documents\research\vaa3d_compile\v3d_external\v3d_main\v3d\ui_dialog_keypoint_features.h
c:\users\57610\documents\research\vaa3d_compile\v3d_external\v3d_main\v3d\ui_dialog_maskroi.h
c:\users\57610\documents\research\vaa3d_compile\v3d_external\v3d_main\v3d\ui_dialog_pointcloudatlas_linkerloader.h
c:\users\57610\documents\research\vaa3d_compile\v3d_external\v3d_main\v3d\ui_dialog_update_checking.h
c:\users\57610\documents\research\vaa3d_compile\v3d_external\v3d_main\v3d\ui_dialog_update_downloading.h
c:\users\57610\documents\research\vaa3d_compile\v3d_external\v3d_main\v3d\ui_dialog_update_list.h
c:\users\57610\documents\research\vaa3d_compile\v3d_external\v3d_main\v3d\ui_dialog_update_options.h
c:\users\57610\documents\research\vaa3d_compile\v3d_external\v3d_main\v3d\ui_dialog_update_v3d.h
c:\users\57610\documents\research\vaa3d_compile\v3d_external\v3d_main\v3d\ui_dialog_url_entry.h
c:\users\57610\documents\research\vaa3d_compile\v3d_external\v3d_main\v3d\ui_dialog_vano_linkerloader.h
c:\users\57610\documents\research\vaa3d_compile\v3d_external\v3d_main\v3d\ui_import_filelist_dialog.h
c:\users\57610\documents\research\vaa3d_compile\v3d_external\v3d_main\v3d\ui_import_images_tool.h
c:\users\57610\documents\research\vaa3d_compile\v3d_external\v3d_main\v3d\ui_landmark_property.h
c:\users\57610\documents\research\vaa3d_compile\v3d_external\v3d_main\v3d\ui_micro_ct.h
c:\users\57610\documents\research\vaa3d_compile\v3d_external\v3d_main\v3d\ui_setvoxsize.h
c:\users\57610\documents\research\vaa3d_compile\v3d_external\v3d_main\v3d\ui_single_cut.h
c:\users\57610\documents\research\vaa3d_compile\v3d_external\v3d_main\v3d\ui_surface_obj_annotation.h
c:\users\57610\documents\research\vaa3d_compile\v3d_external\v3d_main\v3d\ui_surfaceobj_geometry_dialog.h
c:\users\57610\documents\research\vaa3d_compile\v3d_external\v3d_main\v3d\ui_template_matching_cellseg.h
c:\users\57610\documents\research\vaa3d_compile\v3d_external\v3d_main\v3d\ui_v3d_global_preference.h
c:\users\57610\documents\research\vaa3d_compile\v3d_external\v3d_main\v3d\release\qrc_3drenderer.cpp
c:\users\57610\documents\research\vaa3d_compile\v3d_external\v3d_main\v3d\release\qrc_icons.cpp
c:\users\57610\documents\research\vaa3d_compile\v3d_external\v3d_main\v3d\release\qrc_mozak.cpp
c:\users\57610\documents\research\vaa3d_compile\v3d_external\v3d_main\v3d\release\qrc_resources.cpp
c:\users\57610\documents\research\vaa3d_compile\v3d_external\v3d_main\v3d\release\qrc_v3d.cpp
c:\users\57610\documents\research\vaa3d_compile\v3d_external\v3d_main\v3d\release\vaa3d_msvc.tlog\cl.command.1.tlog
c:\users\57610\documents\research\vaa3d_compile\v3d_external\v3d_main\v3d\release\vaa3d_msvc.tlog\cl.read.1.tlog
c:\users\57610\documents\research\vaa3d_compile\v3d_external\v3d_main\v3d\release\vaa3d_msvc.tlog\cl.write.1.tlog
c:\users\57610\documents\research\vaa3d_compile\v3d_external\v3d_main\v3d\release\vaa3d_msvc.tlog\custombuild.command.1.tlog
c:\users\57610\documents\research\vaa3d_compile\v3d_external\v3d_main\v3d\release\vaa3d_msvc.tlog\custombuild.read.1.tlog
c:\users\57610\documents\research\vaa3d_compile\v3d_external\v3d_main\v3d\release\vaa3d_msvc.tlog\custombuild.write.1.tlog
